#
# A fatal error has been detected by the Java Runtime Environment:
#
#  EXCEPTION_ACCESS_VIOLATION (0xc0000005) at pc=0x000000005ed6a79b, pid=24428, tid=0x0000000000006100
#
# JRE version: Java(TM) SE Runtime Environment (8.0_201-b09) (build 1.8.0_201-b09)
# Java VM: Java HotSpot(TM) 64-Bit Server VM (25.201-b09 mixed mode windows-amd64 compressed oops)
# Problematic frame:
# V  [jvm.dll+0x14a79b]
#
# Failed to write core dump. Minidumps are not enabled by default on client versions of Windows
#
# If you would like to submit a bug report, please visit:
#   http://bugreport.java.com/bugreport/crash.jsp
#

---------------  T H R E A D  ---------------

Current thread (0x0000000002a37000):  JavaThread "main" [_thread_in_vm, id=24832, stack(0x0000000002930000,0x0000000002a30000)]

siginfo: ExceptionCode=0xc0000005, reading address 0x0000000000000000

Registers:
RAX=0x000000001f87ff18, RBX=0x00000007c05a4918, RCX=0x0000000000000002, RDX=0x000000001f87ff10
RSP=0x0000000002a2a760, RBP=0x0000000000000006, RSI=0x0000000002a371f8, RDI=0x0000000002a37000
R8 =0x0000000000000004, R9 =0x0000000000000000, R10=0x0000000002b0e470, R11=0x000000000000001c
R12=0x0000000000000000, R13=0x0000000002a2a868, R14=0x0000000002a2a9d8, R15=0x0000000002a37000
RIP=0x000000005ed6a79b, EFLAGS=0x0000000000010206

Top of Stack: (sp=0x0000000002a2a760)
0x0000000002a2a760:   0000000002a371f8 00000007c05a4918
0x0000000002a2a770:   0000000000000006 0000000002a37000
0x0000000002a2a780:   0000000000000001 00000007c05a4918
0x0000000002a2a790:   0000000000cbd730 000000005ee38535
0x0000000002a2a7a0:   0000000000cbd730 00007ffb40c3fff0
0x0000000002a2a7b0:   0000000002a37000 0000000000000000
0x0000000002a2a7c0:   000000001c34a8e8 000000005ee37aac
0x0000000002a2a7d0:   000000001f87ff10 0000000000cbd730
0x0000000002a2a7e0:   000000001f87ff10 0000000000000001
0x0000000002a2a7f0:   0000000002a37000 000000005ed5ed72
0x0000000002a2a800:   0000000023a99590 0000000000000005
0x0000000002a2a810:   000000001f87ff10 00007ffb40ba9e04
0x0000000002a2a820:   0000000000000006 0000000002a371f8
0x0000000002a2a830:   0000000000000005 0000000023a99590
0x0000000002a2a840:   000000001f87ff10 00007ffb40bacb44
0x0000000002a2a850:   0000000002a371f8 0000000000000006 

Instructions: (pc=0x000000005ed6a79b)
0x000000005ed6a77b:   cf e8 6f 05 0e 00 33 c0 e9 dd 01 00 00 48 8b d0
0x000000005ed6a78b:   48 8b ce 48 89 ac 24 c0 00 00 00 e8 75 d2 0c 00
0x000000005ed6a79b:   49 8b 0c 24 c7 44 24 40 0e 00 00 00 48 8b 51 08
0x000000005ed6a7ab:   48 8b e8 0f b7 4a 24 48 8b 52 08 48 8b 54 ca 50 


Register to memory mapping:

RAX=0x000000001f87ff18 is an unknown value
RBX=0x00000007c05a4918 is pointing into metadata
RCX=0x0000000000000002 is an unknown value
RDX=0x000000001f87ff10 is an unknown value
RSP=0x0000000002a2a760 is pointing into the stack for thread: 0x0000000002a37000
RBP=0x0000000000000006 is an unknown value
RSI=0x0000000002a371f8 is an unknown value
RDI=0x0000000002a37000 is a thread
R8 =0x0000000000000004 is an unknown value
R9 =0x0000000000000000 is an unknown value
R10=0x0000000002b0e470 is a global jni handle
R11=0x000000000000001c is an unknown value
R12=0x0000000000000000 is an unknown value
R13=0x0000000002a2a868 is pointing into the stack for thread: 0x0000000002a37000
R14=0x0000000002a2a9d8 is pointing into the stack for thread: 0x0000000002a37000
R15=0x0000000002a37000 is a thread


Stack: [0x0000000002930000,0x0000000002a30000],  sp=0x0000000002a2a760,  free space=1001k
Native frames: (J=compiled Java code, j=interpreted, Vv=VM code, C=native code)
V  [jvm.dll+0x14a79b]
C  [awt.dll+0x69e04]
C  [awt.dll+0x6cb44]
C  [awt.dll+0x6cc02]
C  0x0000000002cc8c67

Java frames: (J=compiled Java code, j=interpreted, Vv=VM code)
j  sun.awt.windows.ThemeReader.getThemeMargins(JIII)Ljava/awt/Insets;+0
j  sun.awt.windows.ThemeReader.getThemeMargins(Ljava/lang/String;III)Ljava/awt/Insets;+18
j  com.sun.java.swing.plaf.windows.XPStyle.getMargin(Ljava/awt/Component;Lcom/sun/java/swing/plaf/windows/TMSchema$Part;Lcom/sun/java/swing/plaf/windows/TMSchema$State;Lcom/sun/java/swing/plaf/windows/TMSchema$Prop;)Ljava/awt/Insets;+19
j  com.sun.java.swing.plaf.windows.XPStyle.getBorder(Ljava/awt/Component;Lcom/sun/java/swing/plaf/windows/TMSchema$Part;)Ljavax/swing/border/Border;+169
j  com.sun.java.swing.plaf.windows.WindowsLookAndFeel$XPBorderValue.getXPValue(Ljavax/swing/UIDefaults;)Ljava/lang/Object;+17
j  com.sun.java.swing.plaf.windows.WindowsLookAndFeel$XPValue.createValue(Ljavax/swing/UIDefaults;)Ljava/lang/Object;+10
J 3719 C1 javax.swing.UIDefaults.getFromHashtable(Ljava/lang/Object;)Ljava/lang/Object; (239 bytes) @ 0x0000000003417534 [0x0000000003416e00+0x734]
j  javax.swing.UIDefaults.get(Ljava/lang/Object;)Ljava/lang/Object;+2
j  javax.swing.MultiUIDefaults.get(Ljava/lang/Object;)Ljava/lang/Object;+45
j  javax.swing.UIDefaults.getBorder(Ljava/lang/Object;)Ljavax/swing/border/Border;+2
j  javax.swing.UIManager.getBorder(Ljava/lang/Object;)Ljavax/swing/border/Border;+4
j  javax.swing.LookAndFeel.installBorder(Ljavax/swing/JComponent;Ljava/lang/String;)V+18
j  javax.swing.plaf.basic.BasicButtonUI.installDefaults(Ljavax/swing/AbstractButton;)V+183
j  com.sun.java.swing.plaf.windows.WindowsButtonUI.installDefaults(Ljavax/swing/AbstractButton;)V+2
j  javax.swing.plaf.basic.BasicButtonUI.installUI(Ljavax/swing/JComponent;)V+5
j  javax.swing.JComponent.setUI(Ljavax/swing/plaf/ComponentUI;)V+39
j  javax.swing.AbstractButton.setUI(Ljavax/swing/plaf/ButtonUI;)V+2
j  javax.swing.JButton.updateUI()V+8
j  javax.swing.AbstractButton.init(Ljava/lang/String;Ljavax/swing/Icon;)V+19
j  javax.swing.JButton.<init>(Ljava/lang/String;Ljavax/swing/Icon;)V+18
j  javax.swing.JButton.<init>(Ljava/lang/String;)V+3
j  com.sun.deploy.panel.TreeRenderers$1.<init>()V+92
j  com.sun.deploy.panel.TreeRenderers.<clinit>()V+4
v  ~StubRoutines::call_stub
J 841  java.lang.Class.forName0(Ljava/lang/String;ZLjava/lang/ClassLoader;Ljava/lang/Class;)Ljava/lang/Class; (0 bytes) @ 0x0000000002f1a447 [0x0000000002f1a3c0+0x87]
J 823 C1 java.lang.Class.forName(Ljava/lang/String;ZLjava/lang/ClassLoader;)Ljava/lang/Class; (53 bytes) @ 0x0000000002f10aac [0x0000000002f10980+0x12c]
J 3552 C1 org.apache.ibatis.io.ClassLoaderWrapper.classForName(Ljava/lang/String;[Ljava/lang/ClassLoader;)Ljava/lang/Class; (71 bytes) @ 0x00000000033badfc [0x00000000033bad80+0x7c]
J 3541 C1 org.apache.ibatis.io.Resources.classForName(Ljava/lang/String;)Ljava/lang/Class; (8 bytes) @ 0x00000000033b449c [0x00000000033b4440+0x5c]
j  org.mybatis.spring.SqlSessionFactoryBean.scanClasses(Ljava/lang/String;Ljava/lang/Class;)Ljava/util/Set;+133
j  org.mybatis.spring.SqlSessionFactoryBean.buildSqlSessionFactory()Lorg/apache/ibatis/session/SqlSessionFactory;+212
j  org.mybatis.spring.SqlSessionFactoryBean.afterPropertiesSet()V+58
j  org.mybatis.spring.SqlSessionFactoryBean.getObject()Lorg/apache/ibatis/session/SqlSessionFactory;+8
j  org.mybatis.spring.boot.autoconfigure.MybatisAutoConfiguration.sqlSessionFactory(Ljavax/sql/DataSource;)Lorg/apache/ibatis/session/SqlSessionFactory;+340
j  org.mybatis.spring.boot.autoconfigure.MybatisAutoConfiguration$$EnhancerBySpringCGLIB$$cba58436.CGLIB$sqlSessionFactory$1(Ljavax/sql/DataSource;)Lorg/apache/ibatis/session/SqlSessionFactory;+2
j  org.mybatis.spring.boot.autoconfigure.MybatisAutoConfiguration$$EnhancerBySpringCGLIB$$cba58436$$FastClassBySpringCGLIB$$e3ad6fa0.invoke(ILjava/lang/Object;[Ljava/lang/Object;)Ljava/lang/Object;+168
j  org.springframework.cglib.proxy.MethodProxy.invokeSuper(Ljava/lang/Object;[Ljava/lang/Object;)Ljava/lang/Object;+19
j  org.springframework.context.annotation.ConfigurationClassEnhancer$BeanMethodInterceptor.intercept(Ljava/lang/Object;Ljava/lang/reflect/Method;[Ljava/lang/Object;Lorg/springframework/cglib/proxy/MethodProxy;)Ljava/lang/Object;+207
j  org.mybatis.spring.boot.autoconfigure.MybatisAutoConfiguration$$EnhancerBySpringCGLIB$$cba58436.sqlSessionFactory(Ljavax/sql/DataSource;)Lorg/apache/ibatis/session/SqlSessionFactory;+36
v  ~StubRoutines::call_stub
j  sun.reflect.NativeMethodAccessorImpl.invoke0(Ljava/lang/reflect/Method;Ljava/lang/Object;[Ljava/lang/Object;)Ljava/lang/Object;+0
j  sun.reflect.NativeMethodAccessorImpl.invoke(Ljava/lang/Object;[Ljava/lang/Object;)Ljava/lang/Object;+100
j  sun.reflect.DelegatingMethodAccessorImpl.invoke(Ljava/lang/Object;[Ljava/lang/Object;)Ljava/lang/Object;+6
j  java.lang.reflect.Method.invoke(Ljava/lang/Object;[Ljava/lang/Object;)Ljava/lang/Object;+56
j  org.springframework.beans.factory.support.SimpleInstantiationStrategy.instantiate(Lorg/springframework/beans/factory/support/RootBeanDefinition;Ljava/lang/String;Lorg/springframework/beans/factory/BeanFactory;Ljava/lang/Object;Ljava/lang/reflect/Method;[Ljava/lang/Object;)Ljava/lang/Object;+50
j  org.springframework.beans.factory.support.ConstructorResolver.instantiate(Ljava/lang/String;Lorg/springframework/beans/factory/support/RootBeanDefinition;Ljava/lang/Object;Ljava/lang/reflect/Method;[Ljava/lang/Object;)Ljava/lang/Object;+48
j  org.springframework.beans.factory.support.ConstructorResolver.instantiateUsingFactoryMethod(Ljava/lang/String;Lorg/springframework/beans/factory/support/RootBeanDefinition;[Ljava/lang/Object;)Lorg/springframework/beans/BeanWrapper;+1565
j  org.springframework.beans.factory.support.AbstractAutowireCapableBeanFactory.instantiateUsingFactoryMethod(Ljava/lang/String;Lorg/springframework/beans/factory/support/RootBeanDefinition;[Ljava/lang/Object;)Lorg/springframework/beans/BeanWrapper;+11
j  org.springframework.beans.factory.support.AbstractAutowireCapableBeanFactory.createBeanInstance(Ljava/lang/String;Lorg/springframework/beans/factory/support/RootBeanDefinition;[Ljava/lang/Object;)Lorg/springframework/beans/BeanWrapper;+102
j  org.springframework.beans.factory.support.AbstractAutowireCapableBeanFactory.doCreateBean(Ljava/lang/String;Lorg/springframework/beans/factory/support/RootBeanDefinition;[Ljava/lang/Object;)Ljava/lang/Object;+34
j  org.springframework.beans.factory.support.AbstractAutowireCapableBeanFactory.createBean(Ljava/lang/String;Lorg/springframework/beans/factory/support/RootBeanDefinition;[Ljava/lang/Object;)Ljava/lang/Object;+169
j  org.springframework.beans.factory.support.AbstractBeanFactory.lambda$doGetBean$0(Ljava/lang/String;Lorg/springframework/beans/factory/support/RootBeanDefinition;[Ljava/lang/Object;)Ljava/lang/Object;+4
j  org.springframework.beans.factory.support.AbstractBeanFactory$$Lambda$258.getObject()Ljava/lang/Object;+16
j  org.springframework.beans.factory.support.DefaultSingletonBeanRegistry.getSingleton(Ljava/lang/String;Lorg/springframework/beans/factory/ObjectFactory;)Ljava/lang/Object;+132
J 2676 C1 org.springframework.beans.factory.support.AbstractBeanFactory.doGetBean(Ljava/lang/String;Ljava/lang/Class;[Ljava/lang/Object;Z)Ljava/lang/Object; (832 bytes) @ 0x0000000003203a2c [0x0000000003203440+0x5ec]
j  org.springframework.beans.factory.support.AbstractBeanFactory.getBean(Ljava/lang/String;)Ljava/lang/Object;+5
j  org.springframework.beans.factory.config.DependencyDescriptor.resolveCandidate(Ljava/lang/String;Ljava/lang/Class;Lorg/springframework/beans/factory/BeanFactory;)Ljava/lang/Object;+2
j  org.springframework.beans.factory.support.DefaultListableBeanFactory.doResolveDependency(Lorg/springframework/beans/factory/config/DependencyDescriptor;Ljava/lang/String;Ljava/util/Set;Lorg/springframework/beans/TypeConverter;)Ljava/lang/Object;+440
j  org.springframework.beans.factory.support.DefaultListableBeanFactory.resolveDependency(Lorg/springframework/beans/factory/config/DependencyDescriptor;Ljava/lang/String;Ljava/util/Set;Lorg/springframework/beans/TypeConverter;)Ljava/lang/Object;+108
j  org.springframework.beans.factory.support.AbstractAutowireCapableBeanFactory.autowireByType(Ljava/lang/String;Lorg/springframework/beans/factory/support/AbstractBeanDefinition;Lorg/springframework/beans/BeanWrapper;Lorg/springframework/beans/MutablePropertyValues;)V+125
j  org.springframework.beans.factory.support.AbstractAutowireCapableBeanFactory.populateBean(Ljava/lang/String;Lorg/springframework/beans/factory/support/RootBeanDefinition;Lorg/springframework/beans/BeanWrapper;)V+172
j  org.springframework.beans.factory.support.AbstractAutowireCapableBeanFactory.doCreateBean(Ljava/lang/String;Lorg/springframework/beans/factory/support/RootBeanDefinition;[Ljava/lang/Object;)Ljava/lang/Object;+237
j  org.springframework.beans.factory.support.AbstractAutowireCapableBeanFactory.createBean(Ljava/lang/String;Lorg/springframework/beans/factory/support/RootBeanDefinition;[Ljava/lang/Object;)Ljava/lang/Object;+169
j  org.springframework.beans.factory.support.AbstractBeanFactory.lambda$doGetBean$0(Ljava/lang/String;Lorg/springframework/beans/factory/support/RootBeanDefinition;[Ljava/lang/Object;)Ljava/lang/Object;+4
j  org.springframework.beans.factory.support.AbstractBeanFactory$$Lambda$258.getObject()Ljava/lang/Object;+16
j  org.springframework.beans.factory.support.DefaultSingletonBeanRegistry.getSingleton(Ljava/lang/String;Lorg/springframework/beans/factory/ObjectFactory;)Ljava/lang/Object;+132
J 2676 C1 org.springframework.beans.factory.support.AbstractBeanFactory.doGetBean(Ljava/lang/String;Ljava/lang/Class;[Ljava/lang/Object;Z)Ljava/lang/Object; (832 bytes) @ 0x0000000003203a2c [0x0000000003203440+0x5ec]
j  org.springframework.beans.factory.support.AbstractBeanFactory.getBean(Ljava/lang/String;)Ljava/lang/Object;+5
j  org.springframework.beans.factory.config.DependencyDescriptor.resolveCandidate(Ljava/lang/String;Ljava/lang/Class;Lorg/springframework/beans/factory/BeanFactory;)Ljava/lang/Object;+2
j  org.springframework.beans.factory.support.DefaultListableBeanFactory.doResolveDependency(Lorg/springframework/beans/factory/config/DependencyDescriptor;Ljava/lang/String;Ljava/util/Set;Lorg/springframework/beans/TypeConverter;)Ljava/lang/Object;+440
j  org.springframework.beans.factory.support.DefaultListableBeanFactory.resolveDependency(Lorg/springframework/beans/factory/config/DependencyDescriptor;Ljava/lang/String;Ljava/util/Set;Lorg/springframework/beans/TypeConverter;)Ljava/lang/Object;+108
j  org.springframework.beans.factory.annotation.AutowiredAnnotationBeanPostProcessor$AutowiredFieldElement.resolveFieldValue(Ljava/lang/reflect/Field;Ljava/lang/Object;Ljava/lang/String;)Ljava/lang/Object;+81
j  org.springframework.beans.factory.annotation.AutowiredAnnotationBeanPostProcessor$AutowiredFieldElement.inject(Ljava/lang/Object;Ljava/lang/String;Lorg/springframework/beans/PropertyValues;)V+53
j  org.springframework.beans.factory.annotation.InjectionMetadata.inject(Ljava/lang/Object;Ljava/lang/String;Lorg/springframework/beans/PropertyValues;)V+68
j  org.springframework.beans.factory.annotation.AutowiredAnnotationBeanPostProcessor.postProcessProperties(Lorg/springframework/beans/PropertyValues;Ljava/lang/Object;Ljava/lang/String;)Lorg/springframework/beans/PropertyValues;+17
j  org.springframework.beans.factory.support.AbstractAutowireCapableBeanFactory.populateBean(Ljava/lang/String;Lorg/springframework/beans/factory/support/RootBeanDefinition;Lorg/springframework/beans/BeanWrapper;)V+265
j  org.springframework.beans.factory.support.AbstractAutowireCapableBeanFactory.doCreateBean(Ljava/lang/String;Lorg/springframework/beans/factory/support/RootBeanDefinition;[Ljava/lang/Object;)Ljava/lang/Object;+237
j  org.springframework.beans.factory.support.AbstractAutowireCapableBeanFactory.createBean(Ljava/lang/String;Lorg/springframework/beans/factory/support/RootBeanDefinition;[Ljava/lang/Object;)Ljava/lang/Object;+169
j  org.springframework.beans.factory.support.AbstractBeanFactory.lambda$doGetBean$0(Ljava/lang/String;Lorg/springframework/beans/factory/support/RootBeanDefinition;[Ljava/lang/Object;)Ljava/lang/Object;+4
j  org.springframework.beans.factory.support.AbstractBeanFactory$$Lambda$258.getObject()Ljava/lang/Object;+16
j  org.springframework.beans.factory.support.DefaultSingletonBeanRegistry.getSingleton(Ljava/lang/String;Lorg/springframework/beans/factory/ObjectFactory;)Ljava/lang/Object;+132
J 2676 C1 org.springframework.beans.factory.support.AbstractBeanFactory.doGetBean(Ljava/lang/String;Ljava/lang/Class;[Ljava/lang/Object;Z)Ljava/lang/Object; (832 bytes) @ 0x0000000003203a2c [0x0000000003203440+0x5ec]
j  org.springframework.beans.factory.support.AbstractBeanFactory.getBean(Ljava/lang/String;)Ljava/lang/Object;+5
j  org.springframework.beans.factory.config.DependencyDescriptor.resolveCandidate(Ljava/lang/String;Ljava/lang/Class;Lorg/springframework/beans/factory/BeanFactory;)Ljava/lang/Object;+2
j  org.springframework.beans.factory.support.DefaultListableBeanFactory.doResolveDependency(Lorg/springframework/beans/factory/config/DependencyDescriptor;Ljava/lang/String;Ljava/util/Set;Lorg/springframework/beans/TypeConverter;)Ljava/lang/Object;+440
j  org.springframework.beans.factory.support.DefaultListableBeanFactory.resolveDependency(Lorg/springframework/beans/factory/config/DependencyDescriptor;Ljava/lang/String;Ljava/util/Set;Lorg/springframework/beans/TypeConverter;)Ljava/lang/Object;+108
j  org.springframework.beans.factory.annotation.AutowiredAnnotationBeanPostProcessor$AutowiredFieldElement.resolveFieldValue(Ljava/lang/reflect/Field;Ljava/lang/Object;Ljava/lang/String;)Ljava/lang/Object;+81
j  org.springframework.beans.factory.annotation.AutowiredAnnotationBeanPostProcessor$AutowiredFieldElement.inject(Ljava/lang/Object;Ljava/lang/String;Lorg/springframework/beans/PropertyValues;)V+53
j  org.springframework.beans.factory.annotation.InjectionMetadata.inject(Ljava/lang/Object;Ljava/lang/String;Lorg/springframework/beans/PropertyValues;)V+68
j  org.springframework.beans.factory.annotation.AutowiredAnnotationBeanPostProcessor.postProcessProperties(Lorg/springframework/beans/PropertyValues;Ljava/lang/Object;Ljava/lang/String;)Lorg/springframework/beans/PropertyValues;+17
j  org.springframework.beans.factory.support.AbstractAutowireCapableBeanFactory.populateBean(Ljava/lang/String;Lorg/springframework/beans/factory/support/RootBeanDefinition;Lorg/springframework/beans/BeanWrapper;)V+265
j  org.springframework.beans.factory.support.AbstractAutowireCapableBeanFactory.doCreateBean(Ljava/lang/String;Lorg/springframework/beans/factory/support/RootBeanDefinition;[Ljava/lang/Object;)Ljava/lang/Object;+237
j  org.springframework.beans.factory.support.AbstractAutowireCapableBeanFactory.createBean(Ljava/lang/String;Lorg/springframework/beans/factory/support/RootBeanDefinition;[Ljava/lang/Object;)Ljava/lang/Object;+169
j  org.springframework.beans.factory.support.AbstractBeanFactory.lambda$doGetBean$0(Ljava/lang/String;Lorg/springframework/beans/factory/support/RootBeanDefinition;[Ljava/lang/Object;)Ljava/lang/Object;+4
j  org.springframework.beans.factory.support.AbstractBeanFactory$$Lambda$258.getObject()Ljava/lang/Object;+16
j  org.springframework.beans.factory.support.DefaultSingletonBeanRegistry.getSingleton(Ljava/lang/String;Lorg/springframework/beans/factory/ObjectFactory;)Ljava/lang/Object;+132
J 2676 C1 org.springframework.beans.factory.support.AbstractBeanFactory.doGetBean(Ljava/lang/String;Ljava/lang/Class;[Ljava/lang/Object;Z)Ljava/lang/Object; (832 bytes) @ 0x0000000003203a2c [0x0000000003203440+0x5ec]
j  org.springframework.beans.factory.support.AbstractBeanFactory.getBean(Ljava/lang/String;)Ljava/lang/Object;+5
j  org.springframework.beans.factory.support.DefaultListableBeanFactory.preInstantiateSingletons()V+248
j  org.springframework.context.support.AbstractApplicationContext.finishBeanFactoryInitialization(Lorg/springframework/beans/factory/config/ConfigurableListableBeanFactory;)V+124
j  org.springframework.context.support.AbstractApplicationContext.refresh()V+86
j  org.springframework.boot.web.servlet.context.ServletWebServerApplicationContext.refresh()V+1
j  org.springframework.boot.SpringApplication.refresh(Lorg/springframework/context/ConfigurableApplicationContext;)V+1
j  org.springframework.boot.SpringApplication.refreshContext(Lorg/springframework/context/ConfigurableApplicationContext;)V+16
j  org.springframework.boot.SpringApplication.run([Ljava/lang/String;)Lorg/springframework/context/ConfigurableApplicationContext;+107
j  org.springframework.boot.SpringApplication.run([Ljava/lang/Class;[Ljava/lang/String;)Lorg/springframework/context/ConfigurableApplicationContext;+9
j  org.springframework.boot.SpringApplication.run(Ljava/lang/Class;[Ljava/lang/String;)Lorg/springframework/context/ConfigurableApplicationContext;+9
j  com.sky.SkyApplication.main([Ljava/lang/String;)V+3
v  ~StubRoutines::call_stub

---------------  P R O C E S S  ---------------

Java Threads: ( => current thread )
  0x0000000021d30800 JavaThread "Image Fetcher 0" daemon [_thread_blocked, id=25496, stack(0x0000000024bc0000,0x0000000024cc0000)]
  0x0000000021d30000 JavaThread "AWT-Windows" daemon [_thread_in_native, id=7540, stack(0x0000000023dd0000,0x0000000023ed0000)]
  0x0000000021d2e800 JavaThread "AWT-Shutdown" [_thread_blocked, id=18092, stack(0x0000000023cd0000,0x0000000023dd0000)]
  0x0000000021d34800 JavaThread "Java2D Disposer" daemon [_thread_blocked, id=21400, stack(0x0000000023bd0000,0x0000000023cd0000)]
  0x0000000021d2f000 JavaThread "CacheCleanUpThread" daemon [_thread_blocked, id=26144, stack(0x00000000236d0000,0x00000000237d0000)]
  0x0000000021d33800 JavaThread "traceMsgQueueThread" daemon [_thread_blocked, id=26800, stack(0x00000000235d0000,0x00000000236d0000)]
  0x0000000021d35000 JavaThread "CacheMemoryCleanUpThread" daemon [_thread_blocked, id=7676, stack(0x00000000234d0000,0x00000000235d0000)]
  0x0000000021d33000 JavaThread "MemoryCache-DelayedCleanup" daemon [_thread_blocked, id=20816, stack(0x00000000233d0000,0x00000000234d0000)]
  0x000000001e05a000 JavaThread "Druid-ConnectionPool-Destroy-825496893" daemon [_thread_blocked, id=25432, stack(0x00000000231d0000,0x00000000232d0000)]
  0x000000001e059000 JavaThread "Druid-ConnectionPool-Create-825496893" daemon [_thread_blocked, id=21596, stack(0x00000000230d0000,0x00000000231d0000)]
  0x000000001e047000 JavaThread "mysql-cj-abandoned-connection-cleanup" daemon [_thread_blocked, id=27888, stack(0x0000000022fd0000,0x00000000230d0000)]
  0x0000000021c5b800 JavaThread "container-0" [_thread_blocked, id=17352, stack(0x0000000022cd0000,0x0000000022dd0000)]
  0x00000000201f8800 JavaThread "Catalina-utility-2" [_thread_blocked, id=27724, stack(0x0000000022bd0000,0x0000000022cd0000)]
  0x00000000201f7800 JavaThread "Catalina-utility-1" [_thread_blocked, id=14352, stack(0x0000000021000000,0x0000000021100000)]
  0x000000001fa9f000 JavaThread "RMI Scheduler(0)" daemon [_thread_blocked, id=23940, stack(0x0000000021100000,0x0000000021200000)]
  0x000000001fa90000 JavaThread "RMI TCP Connection(1)-192.168.0.190" daemon [_thread_in_native, id=24552, stack(0x0000000020900000,0x0000000020a00000)]
  0x000000001ea8d000 JavaThread "RMI TCP Accept-0" daemon [_thread_in_native, id=14784, stack(0x000000001f080000,0x000000001f180000)]
  0x000000001e804000 JavaThread "Service Thread" daemon [_thread_blocked, id=9560, stack(0x000000001ef80000,0x000000001f080000)]
  0x000000001e7f7000 JavaThread "C1 CompilerThread2" daemon [_thread_blocked, id=27956, stack(0x000000001ee80000,0x000000001ef80000)]
  0x000000001e7a0000 JavaThread "C2 CompilerThread1" daemon [_thread_blocked, id=21556, stack(0x000000001ed80000,0x000000001ee80000)]
  0x000000001e79f000 JavaThread "C2 CompilerThread0" daemon [_thread_blocked, id=1328, stack(0x000000001ec80000,0x000000001ed80000)]
  0x000000001e81b000 JavaThread "Monitor Ctrl-Break" daemon [_thread_in_native, id=28056, stack(0x000000001eb80000,0x000000001ec80000)]
  0x000000001ddd7800 JavaThread "Attach Listener" daemon [_thread_blocked, id=25568, stack(0x000000001e280000,0x000000001e380000)]
  0x000000001dd8b800 JavaThread "Signal Dispatcher" daemon [_thread_blocked, id=4128, stack(0x000000001e180000,0x000000001e280000)]
  0x000000001c376000 JavaThread "Finalizer" daemon [_thread_blocked, id=5088, stack(0x000000001dc10000,0x000000001dd10000)]
  0x000000001c36f000 JavaThread "Reference Handler" daemon [_thread_blocked, id=26760, stack(0x000000001db10000,0x000000001dc10000)]
=>0x0000000002a37000 JavaThread "main" [_thread_in_vm, id=24832, stack(0x0000000002930000,0x0000000002a30000)]

Other Threads:
  0x000000001c347000 VMThread [stack: 0x000000001da10000,0x000000001db10000] [id=15416]
  0x000000001ea96800 WatcherThread [stack: 0x000000001f180000,0x000000001f280000] [id=14952]

VM state:not at safepoint (normal execution)

VM Mutex/Monitor currently owned by a thread: None

heap address: 0x00000006c4400000, size: 4028 MB, Compressed Oops mode: Zero based, Oop shift amount: 3
Narrow klass base: 0x0000000000000000, Narrow klass shift: 3
Compressed class space size: 1073741824 Address: 0x00000007c0000000

Heap:
 PSYoungGen      total 189952K, used 162799K [0x000000076c180000, 0x0000000781e00000, 0x00000007c0000000)
  eden space 174080K, 93% used [0x000000076c180000,0x000000077607bf98,0x0000000776b80000)
  from space 15872K, 0% used [0x0000000776b80000,0x0000000776b80000,0x0000000777b00000)
  to   space 15360K, 0% used [0x0000000780f00000,0x0000000780f00000,0x0000000781e00000)
 ParOldGen       total 115712K, used 15520K [0x00000006c4400000, 0x00000006cb500000, 0x000000076c180000)
  object space 115712K, 13% used [0x00000006c4400000,0x00000006c5328370,0x00000006cb500000)
 Metaspace       used 41690K, capacity 43730K, committed 44200K, reserved 1087488K
  class space    used 5605K, capacity 6022K, committed 6064K, reserved 1048576K

Card table byte_map: [0x0000000012070000,0x0000000012850000] byte_map_base: 0x000000000ea4e000

Marking Bits: (ParMarkBitMap*) 0x000000005f444ce0
 Begin Bits: [0x0000000013390000, 0x0000000017280000)
 End Bits:   [0x0000000017280000, 0x000000001b170000)

Polling page: 0x0000000000c90000

CodeCache: size=245760Kb used=7584Kb max_used=7584Kb free=238175Kb
 bounds [0x0000000002cb0000, 0x0000000003420000, 0x0000000011cb0000]
 total_blobs=4276 nmethods=3720 adapters=468
 compilation: enabled

Compilation events (10 events):
Event: 3.522 Thread 0x000000001e7f7000 3715       1       java.lang.reflect.Method::getMethodAccessor (5 bytes)
Event: 3.522 Thread 0x000000001e7f7000 nmethod 3715 0x0000000003415110 code [0x0000000003415260, 0x0000000003415370]
Event: 3.522 Thread 0x000000001e7f7000 3717   !   1       sun.awt.AppContext::get (123 bytes)
Event: 3.522 Thread 0x000000001e7f7000 nmethod 3717 0x00000000034153d0 code [0x0000000003415540, 0x0000000003415a88]
Event: 3.526 Thread 0x000000001e7f7000 3718       1       java.lang.reflect.Field::setFieldAccessor (34 bytes)
Event: 3.527 Thread 0x000000001e7f7000 nmethod 3718 0x0000000003416750 code [0x00000000034168c0, 0x0000000003416ac8]
Event: 3.527 Thread 0x000000001e7f7000 3719   !   1       javax.swing.UIDefaults::getFromHashtable (239 bytes)
Event: 3.527 Thread 0x000000001e7f7000 nmethod 3719 0x0000000003416bd0 code [0x0000000003416e00, 0x00000000034179e8]
Event: 3.541 Thread 0x000000001e7f7000 3720       1       javax.swing.UIDefaults::get (21 bytes)
Event: 3.541 Thread 0x000000001e7f7000 nmethod 3720 0x0000000003417f90 code [0x0000000003418100, 0x0000000003418278]

GC Heap History (10 events):
Event: 2.012 GC heap before
{Heap before GC invocations=5 (full 1):
 PSYoungGen      total 75264K, used 64512K [0x000000076c180000, 0x0000000775480000, 0x00000007c0000000)
  eden space 64512K, 100% used [0x000000076c180000,0x0000000770080000,0x0000000770080000)
  from space 10752K, 0% used [0x0000000770080000,0x0000000770080000,0x0000000770b00000)
  to   space 10752K, 0% used [0x0000000774a00000,0x0000000774a00000,0x0000000775480000)
 ParOldGen       total 92672K, used 7576K [0x00000006c4400000, 0x00000006c9e80000, 0x000000076c180000)
  object space 92672K, 8% used [0x00000006c4400000,0x00000006c4b66238,0x00000006c9e80000)
 Metaspace       used 23456K, capacity 24624K, committed 24880K, reserved 1071104K
  class space    used 3044K, capacity 3296K, committed 3376K, reserved 1048576K
Event: 2.016 GC heap after
Heap after GC invocations=5 (full 1):
 PSYoungGen      total 112640K, used 5461K [0x000000076c180000, 0x0000000774f80000, 0x00000007c0000000)
  eden space 107008K, 0% used [0x000000076c180000,0x000000076c180000,0x0000000772a00000)
  from space 5632K, 96% used [0x0000000774a00000,0x0000000774f55700,0x0000000774f80000)
  to   space 10752K, 0% used [0x0000000773a80000,0x0000000773a80000,0x0000000774500000)
 ParOldGen       total 92672K, used 7584K [0x00000006c4400000, 0x00000006c9e80000, 0x000000076c180000)
  object space 92672K, 8% used [0x00000006c4400000,0x00000006c4b68238,0x00000006c9e80000)
 Metaspace       used 23456K, capacity 24624K, committed 24880K, reserved 1071104K
  class space    used 3044K, capacity 3296K, committed 3376K, reserved 1048576K
}
Event: 2.425 GC heap before
{Heap before GC invocations=6 (full 1):
 PSYoungGen      total 112640K, used 112469K [0x000000076c180000, 0x0000000774f80000, 0x00000007c0000000)
  eden space 107008K, 100% used [0x000000076c180000,0x0000000772a00000,0x0000000772a00000)
  from space 5632K, 96% used [0x0000000774a00000,0x0000000774f55700,0x0000000774f80000)
  to   space 10752K, 0% used [0x0000000773a80000,0x0000000773a80000,0x0000000774500000)
 ParOldGen       total 92672K, used 7584K [0x00000006c4400000, 0x00000006c9e80000, 0x000000076c180000)
  object space 92672K, 8% used [0x00000006c4400000,0x00000006c4b68238,0x00000006c9e80000)
 Metaspace       used 26453K, capacity 27756K, committed 27824K, reserved 1073152K
  class space    used 3447K, capacity 3734K, committed 3760K, reserved 1048576K
Event: 2.435 GC heap after
Heap after GC invocations=6 (full 1):
 PSYoungGen      total 134656K, used 10723K [0x000000076c180000, 0x0000000778880000, 0x00000007c0000000)
  eden space 123904K, 0% used [0x000000076c180000,0x000000076c180000,0x0000000773a80000)
  from space 10752K, 99% used [0x0000000773a80000,0x00000007744f8df8,0x0000000774500000)
  to   space 13824K, 0% used [0x0000000777b00000,0x0000000777b00000,0x0000000778880000)
 ParOldGen       total 92672K, used 8859K [0x00000006c4400000, 0x00000006c9e80000, 0x000000076c180000)
  object space 92672K, 9% used [0x00000006c4400000,0x00000006c4ca6f98,0x00000006c9e80000)
 Metaspace       used 26453K, capacity 27756K, committed 27824K, reserved 1073152K
  class space    used 3447K, capacity 3734K, committed 3760K, reserved 1048576K
}
Event: 2.975 GC heap before
{Heap before GC invocations=7 (full 1):
 PSYoungGen      total 134656K, used 134627K [0x000000076c180000, 0x0000000778880000, 0x00000007c0000000)
  eden space 123904K, 100% used [0x000000076c180000,0x0000000773a80000,0x0000000773a80000)
  from space 10752K, 99% used [0x0000000773a80000,0x00000007744f8df8,0x0000000774500000)
  to   space 13824K, 0% used [0x0000000777b00000,0x0000000777b00000,0x0000000778880000)
 ParOldGen       total 92672K, used 8859K [0x00000006c4400000, 0x00000006c9e80000, 0x000000076c180000)
  object space 92672K, 9% used [0x00000006c4400000,0x00000006c4ca6f98,0x00000006c9e80000)
 Metaspace       used 33242K, capacity 35228K, committed 35248K, reserved 1079296K
  class space    used 4370K, capacity 4774K, committed 4784K, reserved 1048576K
Event: 2.985 GC heap after
Heap after GC invocations=7 (full 1):
 PSYoungGen      total 187904K, used 13476K [0x000000076c180000, 0x000000077a500000, 0x00000007c0000000)
  eden space 174080K, 0% used [0x000000076c180000,0x000000076c180000,0x0000000776b80000)
  from space 13824K, 97% used [0x0000000777b00000,0x0000000778829390,0x0000000778880000)
  to   space 15872K, 0% used [0x0000000776b80000,0x0000000776b80000,0x0000000777b00000)
 ParOldGen       total 92672K, used 8867K [0x00000006c4400000, 0x00000006c9e80000, 0x000000076c180000)
  object space 92672K, 9% used [0x00000006c4400000,0x00000006c4ca8f98,0x00000006c9e80000)
 Metaspace       used 33242K, capacity 35228K, committed 35248K, reserved 1079296K
  class space    used 4370K, capacity 4774K, committed 4784K, reserved 1048576K
}
Event: 2.998 GC heap before
{Heap before GC invocations=8 (full 1):
 PSYoungGen      total 187904K, used 20240K [0x000000076c180000, 0x000000077a500000, 0x00000007c0000000)
  eden space 174080K, 3% used [0x000000076c180000,0x000000076c81ae68,0x0000000776b80000)
  from space 13824K, 97% used [0x0000000777b00000,0x0000000778829390,0x0000000778880000)
  to   space 15872K, 0% used [0x0000000776b80000,0x0000000776b80000,0x0000000777b00000)
 ParOldGen       total 92672K, used 8867K [0x00000006c4400000, 0x00000006c9e80000, 0x000000076c180000)
  object space 92672K, 9% used [0x00000006c4400000,0x00000006c4ca8f98,0x00000006c9e80000)
 Metaspace       used 33388K, capacity 35356K, committed 35496K, reserved 1079296K
  class space    used 4395K, capacity 4774K, committed 4784K, reserved 1048576K
Event: 3.005 GC heap after
Heap after GC invocations=8 (full 1):
 PSYoungGen      total 189952K, used 8808K [0x000000076c180000, 0x0000000781e00000, 0x00000007c0000000)
  eden space 174080K, 0% used [0x000000076c180000,0x000000076c180000,0x0000000776b80000)
  from space 15872K, 55% used [0x0000000776b80000,0x000000077741a2a8,0x0000000777b00000)
  to   space 15360K, 0% used [0x0000000780f00000,0x0000000780f00000,0x0000000781e00000)
 ParOldGen       total 92672K, used 8875K [0x00000006c4400000, 0x00000006c9e80000, 0x000000076c180000)
  object space 92672K, 9% used [0x00000006c4400000,0x00000006c4caaf98,0x00000006c9e80000)
 Metaspace       used 33388K, capacity 35356K, committed 35496K, reserved 1079296K
  class space    used 4395K, capacity 4774K, committed 4784K, reserved 1048576K
}
Event: 3.005 GC heap before
{Heap before GC invocations=9 (full 2):
 PSYoungGen      total 189952K, used 8808K [0x000000076c180000, 0x0000000781e00000, 0x00000007c0000000)
  eden space 174080K, 0% used [0x000000076c180000,0x000000076c180000,0x0000000776b80000)
  from space 15872K, 55% used [0x0000000776b80000,0x000000077741a2a8,0x0000000777b00000)
  to   space 15360K, 0% used [0x0000000780f00000,0x0000000780f00000,0x0000000781e00000)
 ParOldGen       total 92672K, used 8875K [0x00000006c4400000, 0x00000006c9e80000, 0x000000076c180000)
  object space 92672K, 9% used [0x00000006c4400000,0x00000006c4caaf98,0x00000006c9e80000)
 Metaspace       used 33388K, capacity 35356K, committed 35496K, reserved 1079296K
  class space    used 4395K, capacity 4774K, committed 4784K, reserved 1048576K
Event: 3.038 GC heap after
Heap after GC invocations=9 (full 2):
 PSYoungGen      total 189952K, used 0K [0x000000076c180000, 0x0000000781e00000, 0x00000007c0000000)
  eden space 174080K, 0% used [0x000000076c180000,0x000000076c180000,0x0000000776b80000)
  from space 15872K, 0% used [0x0000000776b80000,0x0000000776b80000,0x0000000777b00000)
  to   space 15360K, 0% used [0x0000000780f00000,0x0000000780f00000,0x0000000781e00000)
 ParOldGen       total 115712K, used 15520K [0x00000006c4400000, 0x00000006cb500000, 0x000000076c180000)
  object space 115712K, 13% used [0x00000006c4400000,0x00000006c5328370,0x00000006cb500000)
 Metaspace       used 33388K, capacity 35356K, committed 35496K, reserved 1079296K
  class space    used 4395K, capacity 4774K, committed 4784K, reserved 1048576K
}

Deoptimization events (0 events):
No events

Classes redefined (0 events):
No events

Internal exceptions (10 events):
Event: 3.275 Thread 0x0000000002a37000 Exception <a 'java/lang/NullPointerException'> (0x000000077400cd30) thrown at [C:\re\workspace\8-2-build-windows-amd64-cygwin\jdk8u201\12322\hotspot\src\share\vm\interpreter\linkResolver.cpp, line 1185]
Event: 3.279 Thread 0x0000000002a37000 Exception <a 'java/lang/NullPointerException'> (0x00000007740ea4c8) thrown at [C:\re\workspace\8-2-build-windows-amd64-cygwin\jdk8u201\12322\hotspot\src\share\vm\interpreter\linkResolver.cpp, line 1185]
Event: 3.308 Thread 0x0000000002a37000 Exception <a 'java/lang/NullPointerException'> (0x00000007745c4eb0) thrown at [C:\re\workspace\8-2-build-windows-amd64-cygwin\jdk8u201\12322\hotspot\src\share\vm\interpreter\linkResolver.cpp, line 1185]
Event: 3.308 Thread 0x0000000002a37000 Exception <a 'java/lang/NullPointerException'> (0x00000007745c4eb0) thrown at [C:\re\workspace\8-2-build-windows-amd64-cygwin\jdk8u201\12322\hotspot\src\share\vm\prims\jvm.cpp, line 1506]
Event: 3.308 Thread 0x0000000002a37000 Exception <a 'java/lang/ExceptionInInitializerError'> (0x00000007745c5ad0) thrown at [C:\re\workspace\8-2-build-windows-amd64-cygwin\jdk8u201\12322\hotspot\src\share\vm\oops\instanceKlass.cpp, line 964]
Event: 3.330 Thread 0x0000000002a37000 Exception <a 'java/io/FileNotFoundException'> (0x0000000774866f88) thrown at [C:\re\workspace\8-2-build-windows-amd64-cygwin\jdk8u201\12322\hotspot\src\share\vm\prims\jni.cpp, line 709]
Event: 3.406 Thread 0x0000000002a37000 Exception <a 'java/io/FileNotFoundException'> (0x0000000774efb0c8) thrown at [C:\re\workspace\8-2-build-windows-amd64-cygwin\jdk8u201\12322\hotspot\src\share\vm\prims\jni.cpp, line 709]
Event: 3.413 Thread 0x0000000002a37000 Exception <a 'java/io/FileNotFoundException'> (0x0000000774f47000) thrown at [C:\re\workspace\8-2-build-windows-amd64-cygwin\jdk8u201\12322\hotspot\src\share\vm\prims\jni.cpp, line 709]
Event: 3.413 Thread 0x0000000002a37000 Exception <a 'java/lang/NullPointerException'> (0x0000000774f47a08) thrown at [C:\re\workspace\8-2-build-windows-amd64-cygwin\jdk8u201\12322\hotspot\src\share\vm\interpreter\linkResolver.cpp, line 1185]
Event: 3.415 Thread 0x000000001fa90000 Exception <a 'java/lang/reflect/InvocationTargetException'> (0x000000077512f318) thrown at [C:\re\workspace\8-2-build-windows-amd64-cygwin\jdk8u201\12322\hotspot\src\share\vm\runtime\reflection.cpp, line 1092]

Events (10 events):
Event: 3.535 loading class com/sun/deploy/resources/Deployment_zh_CN
Event: 3.535 loading class com/sun/deploy/resources/Deployment_zh_CN done
Event: 3.539 loading class com/sun/deploy/resources/Deployment_zh_Hans
Event: 3.539 loading class com/sun/deploy/resources/Deployment_zh_Hans done
Event: 3.539 loading class com/sun/deploy/resources/Deployment_zh_Hans_CN
Event: 3.539 loading class com/sun/deploy/resources/Deployment_zh_Hans_CN done
Event: 3.540 loading class com/sun/java/swing/plaf/windows/WindowsButtonUI
Event: 3.541 loading class com/sun/java/swing/plaf/windows/WindowsButtonUI done
Event: 3.541 loading class com/sun/java/swing/plaf/windows/TMSchema$TypeEnum
Event: 3.541 loading class com/sun/java/swing/plaf/windows/TMSchema$TypeEnum done


Dynamic libraries:
0x00007ff6e59b0000 - 0x00007ff6e59e7000 	C:\Program Files\Java\jdk1.8.0_201\bin\java.exe
0x00007ffba3a70000 - 0x00007ffba3c84000 	C:\WINDOWS\SYSTEM32\ntdll.dll
0x00007ffba1c60000 - 0x00007ffba1d23000 	C:\WINDOWS\System32\KERNEL32.DLL
0x00007ffba1070000 - 0x00007ffba140c000 	C:\WINDOWS\System32\KERNELBASE.dll
0x00007ffba1d30000 - 0x00007ffba1dde000 	C:\WINDOWS\System32\ADVAPI32.dll
0x00007ffba19a0000 - 0x00007ffba1a47000 	C:\WINDOWS\System32\msvcrt.dll
0x00007ffba3900000 - 0x00007ffba39a4000 	C:\WINDOWS\System32\sechost.dll
0x00007ffba1de0000 - 0x00007ffba1ef5000 	C:\WINDOWS\System32\RPCRT4.dll
0x00007ffba23c0000 - 0x00007ffba256d000 	C:\WINDOWS\System32\USER32.dll
0x00007ffba1850000 - 0x00007ffba1876000 	C:\WINDOWS\System32\win32u.dll
0x00007ffba2b80000 - 0x00007ffba2ba9000 	C:\WINDOWS\System32\GDI32.dll
0x00007ffba1480000 - 0x00007ffba1592000 	C:\WINDOWS\System32\gdi32full.dll
0x00007ffba0eb0000 - 0x00007ffba0f4a000 	C:\WINDOWS\System32\msvcp_win.dll
0x00007ffba0f50000 - 0x00007ffba1061000 	C:\WINDOWS\System32\ucrtbase.dll
0x00007ffb854b0000 - 0x00007ffb8573e000 	C:\WINDOWS\WinSxS\amd64_microsoft.windows.common-controls_6595b64144ccf1df_6.0.22621.608_none_a9444ca7c10bb01d\COMCTL32.dll
0x00007ffba30d0000 - 0x00007ffba3102000 	C:\WINDOWS\System32\IMM32.DLL
0x000000005fb50000 - 0x000000005fc21000 	C:\Program Files\Java\jdk1.8.0_201\jre\bin\msvcr100.dll
0x000000005ec20000 - 0x000000005f4c4000 	C:\Program Files\Java\jdk1.8.0_201\jre\bin\server\jvm.dll
0x00007ffba1a50000 - 0x00007ffba1a58000 	C:\WINDOWS\System32\PSAPI.DLL
0x00007ffb93ff0000 - 0x00007ffb93ffa000 	C:\WINDOWS\SYSTEM32\VERSION.dll
0x00007ffb96e40000 - 0x00007ffb96e74000 	C:\WINDOWS\SYSTEM32\WINMM.dll
0x00007ffb75cf0000 - 0x00007ffb75cf9000 	C:\WINDOWS\SYSTEM32\WSOCK32.dll
0x00007ffba1f00000 - 0x00007ffba1f71000 	C:\WINDOWS\System32\WS2_32.dll
0x00007ffb99ac0000 - 0x00007ffb99acf000 	C:\Program Files\Java\jdk1.8.0_201\jre\bin\verify.dll
0x00007ffb96fd0000 - 0x00007ffb96ff9000 	C:\Program Files\Java\jdk1.8.0_201\jre\bin\java.dll
0x00007ffb82250000 - 0x00007ffb82273000 	C:\Program Files\Java\jdk1.8.0_201\jre\bin\instrument.dll
0x00007ffb97d40000 - 0x00007ffb97d56000 	C:\Program Files\Java\jdk1.8.0_201\jre\bin\zip.dll
0x00007ffba3110000 - 0x00007ffba38ff000 	C:\WINDOWS\System32\SHELL32.dll
0x00007ffb9eee0000 - 0x00007ffb9f7a8000 	C:\WINDOWS\SYSTEM32\windows.storage.dll
0x00007ffba2c10000 - 0x00007ffba2f9a000 	C:\WINDOWS\System32\combase.dll
0x00007ffb9eda0000 - 0x00007ffb9eede000 	C:\WINDOWS\SYSTEM32\wintypes.dll
0x00007ffba1f80000 - 0x00007ffba2071000 	C:\WINDOWS\System32\SHCORE.dll
0x00007ffba2bb0000 - 0x00007ffba2c0e000 	C:\WINDOWS\System32\shlwapi.dll
0x00007ffba0de0000 - 0x00007ffba0e01000 	C:\WINDOWS\SYSTEM32\profapi.dll
0x00007ffb87bf0000 - 0x00007ffb87c0a000 	D:\idea\IntelliJ IDEA 2021.2\bin\breakgen64.dll
0x00007ffb96a70000 - 0x00007ffb96a8a000 	C:\Program Files\Java\jdk1.8.0_201\jre\bin\net.dll
0x00007ffb8a470000 - 0x00007ffb8a660000 	C:\WINDOWS\SYSTEM32\urlmon.dll
0x00007ffb8a1b0000 - 0x00007ffb8a461000 	C:\WINDOWS\SYSTEM32\iertutil.dll
0x00007ffb961c0000 - 0x00007ffb961e8000 	C:\WINDOWS\SYSTEM32\srvcli.dll
0x00007ffb9f9c0000 - 0x00007ffb9f9cc000 	C:\WINDOWS\SYSTEM32\netutils.dll
0x00007ffba0460000 - 0x00007ffba04c9000 	C:\WINDOWS\system32\mswsock.dll
0x00007ffb9fae0000 - 0x00007ffb9fbd3000 	C:\WINDOWS\SYSTEM32\DNSAPI.dll
0x00007ffb9fab0000 - 0x00007ffb9fadd000 	C:\WINDOWS\SYSTEM32\IPHLPAPI.DLL
0x00007ffba23b0000 - 0x00007ffba23b9000 	C:\WINDOWS\System32\NSI.dll
0x00007ffb96910000 - 0x00007ffb9691a000 	C:\Windows\System32\rasadhlp.dll
0x00007ffb969e0000 - 0x00007ffb96a63000 	C:\WINDOWS\System32\fwpuclnt.dll
0x00007ffb92a00000 - 0x00007ffb92a0d000 	C:\Program Files\Java\jdk1.8.0_201\jre\bin\management.dll
0x00007ffb95d90000 - 0x00007ffb95da1000 	C:\Program Files\Java\jdk1.8.0_201\jre\bin\nio.dll
0x00007ffba06b0000 - 0x00007ffba06cb000 	C:\WINDOWS\SYSTEM32\CRYPTSP.dll
0x00007ffb9ff60000 - 0x00007ffb9ff95000 	C:\WINDOWS\system32\rsaenh.dll
0x00007ffba0550000 - 0x00007ffba0578000 	C:\WINDOWS\SYSTEM32\USERENV.dll
0x00007ffba0850000 - 0x00007ffba0878000 	C:\WINDOWS\SYSTEM32\bcrypt.dll
0x00007ffba1710000 - 0x00007ffba178b000 	C:\WINDOWS\System32\bcryptprimitives.dll
0x00007ffba06d0000 - 0x00007ffba06dc000 	C:\WINDOWS\SYSTEM32\CRYPTBASE.dll
0x00007ffb97f50000 - 0x00007ffb97f69000 	C:\WINDOWS\SYSTEM32\dhcpcsvc6.DLL
0x00007ffb97d60000 - 0x00007ffb97d7f000 	C:\WINDOWS\SYSTEM32\dhcpcsvc.DLL
0x00007ffb71b30000 - 0x00007ffb71b47000 	C:\WINDOWS\system32\napinsp.dll
0x00007ffb70760000 - 0x00007ffb7077b000 	C:\WINDOWS\system32\pnrpnsp.dll
0x00007ffb70740000 - 0x00007ffb70751000 	C:\WINDOWS\System32\winrnr.dll
0x00007ffb96e20000 - 0x00007ffb96e35000 	C:\WINDOWS\system32\wshbth.dll
0x00007ffb70710000 - 0x00007ffb70731000 	C:\WINDOWS\system32\nlansp_c.dll
0x00007ffb82220000 - 0x00007ffb82244000 	C:\Program Files\Java\jdk1.8.0_201\jre\bin\sunec.dll
0x00007ffb87c60000 - 0x00007ffb87c6b000 	C:\Program Files\Java\jdk1.8.0_201\jre\bin\sunmscapi.dll
0x00007ffba15a0000 - 0x00007ffba1706000 	C:\WINDOWS\System32\CRYPT32.dll
0x00007ffb74020000 - 0x00007ffb740b0000 	C:\Program Files\Java\jdk1.8.0_201\jre\bin\deploy.dll
0x00007ffba1980000 - 0x00007ffba199f000 	C:\WINDOWS\System32\imagehlp.dll
0x00007ffba1ac0000 - 0x00007ffba1c5c000 	C:\WINDOWS\System32\ole32.dll
0x00007ffb81830000 - 0x00007ffb81d24000 	C:\WINDOWS\SYSTEM32\WININET.dll
0x00007ffba22d0000 - 0x00007ffba23a7000 	C:\WINDOWS\System32\OLEAUT32.dll
0x00007ffba0010000 - 0x00007ffba0044000 	C:\WINDOWS\SYSTEM32\ntmarta.dll
0x00007ffb40b40000 - 0x00007ffb40cd9000 	C:\Program Files\Java\jdk1.8.0_201\jre\bin\awt.dll
0x00007ffb9b5b0000 - 0x00007ffb9b647000 	C:\WINDOWS\SYSTEM32\apphelp.dll
0x00007ffb9b6c0000 - 0x00007ffb9b76b000 	C:\WINDOWS\system32\uxtheme.dll
0x00007ffba2fa0000 - 0x00007ffba30be000 	C:\WINDOWS\System32\MSCTF.dll
0x00007ffb9fff0000 - 0x00007ffba0008000 	C:\WINDOWS\SYSTEM32\kernel.appcore.dll
0x00007ffb9b950000 - 0x00007ffb9b97b000 	C:\WINDOWS\system32\DWMAPI.DLL
0x00007ffb7f900000 - 0x00007ffb7f947000 	C:\Program Files\Java\jdk1.8.0_201\jre\bin\fontmanager.dll
0x00007ffb80ed0000 - 0x00007ffb80f83000 	C:\WINDOWS\WinSxS\amd64_microsoft.windows.common-controls_6595b64144ccf1df_5.82.22621.608_none_fb280a3c7926c2cc\comctl32.dll
0x00007ffb9e900000 - 0x00007ffb9eb2e000 	C:\WINDOWS\SYSTEM32\dbghelp.dll

VM Arguments:
jvm_args: -DXX=+CreateMinidumpOnCrash -XX:TieredStopAtLevel=1 -Xverify:none -Dspring.output.ansi.enabled=always -javaagent:D:\idea\IntelliJ IDEA 2021.2\lib\idea_rt.jar=2361:D:\idea\IntelliJ IDEA 2021.2\bin -Dcom.sun.management.jmxremote -Dspring.jmx.enabled=true -Dspring.liveBeansView.mbeanDomain -Dspring.application.admin.enabled=true -Dfile.encoding=UTF-8 
java_command: com.sky.SkyApplication
java_class_path (initial): C:\Program Files\Java\jdk1.8.0_201\jre\lib\charsets.jar;C:\Program Files\Java\jdk1.8.0_201\jre\lib\deploy.jar;C:\Program Files\Java\jdk1.8.0_201\jre\lib\ext\access-bridge-64.jar;C:\Program Files\Java\jdk1.8.0_201\jre\lib\ext\cldrdata.jar;C:\Program Files\Java\jdk1.8.0_201\jre\lib\ext\dnsns.jar;C:\Program Files\Java\jdk1.8.0_201\jre\lib\ext\jaccess.jar;C:\Program Files\Java\jdk1.8.0_201\jre\lib\ext\jfxrt.jar;C:\Program Files\Java\jdk1.8.0_201\jre\lib\ext\localedata.jar;C:\Program Files\Java\jdk1.8.0_201\jre\lib\ext\nashorn.jar;C:\Program Files\Java\jdk1.8.0_201\jre\lib\ext\sunec.jar;C:\Program Files\Java\jdk1.8.0_201\jre\lib\ext\sunjce_provider.jar;C:\Program Files\Java\jdk1.8.0_201\jre\lib\ext\sunmscapi.jar;C:\Program Files\Java\jdk1.8.0_201\jre\lib\ext\sunpkcs11.jar;C:\Program Files\Java\jdk1.8.0_201\jre\lib\ext\zipfs.jar;C:\Program Files\Java\jdk1.8.0_201\jre\lib\javaws.jar;C:\Program Files\Java\jdk1.8.0_201\jre\lib\jce.jar;C:\Program Files\Java\jdk1.8.0_201\jre\lib\jfr.jar;C:\Program Files\Java\jdk1.8.0_201\jre\lib\jfxswt.jar;C:\Program Files\Java\jdk1.8.0_201\jre\lib\jsse.jar;C:\Program Files\Java\jdk1.8.0_201\jre\lib\management-agent.jar;C:\Program Files\Java\jdk1.8.0_201\jre\lib\plugin.jar;C:\Program Files\Java\jdk1.8.0_201\jre\lib\resources.jar;C:\Program Files\Java\jdk1.8.0_201\jre\lib\rt.jar;F:\sky-take-out\sky-service\target\classes;F:\sky-take-out\sky-common\target\classes;F:\Maven\sky-take-out\.m2\repository\commons-lang\commons-lang\2.6\commons-lang-2.6.jar;F:\Maven\sky-take-out\.m2\repository\org\springframework\boot\spring-boot-starter-json\2.7.7\spring-boot-starter-json-2.7.7.jar;F:\Maven\sky-take-out\.m2\repository\com\fasterxml\jackson\datatype\jackson-datatype-jdk8\2.13.4\jackson-datatype-jdk8-2.13.4.jar;F:\Maven\sky-take-out\.m2\repository\com\fasterxml\jackson\datatype\jackson-datatype-jsr310\2.13.4\jackson-datatype-jsr310-2.13.4.jar;F:\Maven\sky-take-out\.m2\repository\com\fasterxml\jackson\module\jackson-module-par
Launcher Type: SUN_STANDARD

Environment Variables:
JAVA_HOME=C:\Program Files\Java\jdk1.8.0_201
PATH=F:\VMware\bin\;F:\python\Scripts\;F:\python\;D:\oracle\product\10.2.0\client_3\bin;D:\oracle\product\10.2.0\client_2\bin;C:\ProgramData\Oracle\Java\javapath;C:\Windows\system32;C:\Windows;C:\Windows\System32\Wbem;C:\Windows\System32\WindowsPowerShell\v1.0\;C:\Windows\System32\OpenSSH\;D:\java\bin;D:\Program Files\TortoiseGit\bin;C:\Program Files\TortoiseSVN\bin;C:\Program Files\dotnet\;C:\Program Files\nodejs\;C:\ProgramData\chocolatey\bin;D:\Git\cmd;C:\Program Files\Java\jdk1.8.0_201\bin;C:\WINDOWS\system32;C:\WINDOWS;C:\WINDOWS\System32\Wbem;C:\WINDOWS\System32\WindowsPowerShell\v1.0\;C:\WINDOWS\System32\OpenSSH\;F:\bs\tools\apache-maven-3.8.7\bin;C:\Program Files\Microsoft SQL Server\130\Tools\Binn\;C:\Program Files\Microsoft SQL Server\Client SDK\ODBC\170\Tools\Binn\;C:\Program Files (x86)\Microsoft SQL Server\160\Tools\Binn\;C:\Program Files\Microsoft SQL Server\160\Tools\Binn\;C:\Program Files\Microsoft SQL Server\160\DTS\Binn\;C:\Program Files\Azure Data Studio\bin;G:\Process Lasso\;C:\Users\xiaolu\AppData\Local\Microsoft\WindowsApps;D:\Bandizip\;E:\Tencent\QQGameTempest\Hall.57734\;F:\pycharm\PyCharm 2023.1.3\bin;;D:\Microsoft VS Code\bin;C:\Users\xiaolu\AppData\Roaming\npm;;C:\Program Files\Azure Data Studio\bin;C:\Users\xiaolu\.dotnet\tools
USERNAME=xiaolu
OS=Windows_NT
PROCESSOR_IDENTIFIER=Intel64 Family 6 Model 141 Stepping 1, GenuineIntel



---------------  S Y S T E M  ---------------

OS: Windows 10.0 , 64 bit Build 22621 (10.0.22621.1194)

CPU:total 6 (initial active 6) (6 cores per cpu, 2 threads per core) family 6 model 141 stepping 1, cmov, cx8, fxsr, mmx, sse, sse2, sse3, ssse3, sse4.1, sse4.2, popcnt, avx, avx2, aes, clmul, erms, 3dnowpref, lzcnt, ht, tsc, tscinvbit, bmi1, bmi2, adx

Memory: 4k page, physical 16493648k(3093744k free), swap 27503696k(5328024k free)

vm_info: Java HotSpot(TM) 64-Bit Server VM (25.201-b09) for windows-amd64 JRE (1.8.0_201-b09), built on Dec 15 2018 18:36:39 by "java_re" with MS VC++ 10.0 (VS2010)

time: Mon Jul 17 10:59:11 2023
timezone: 中国标准时间
elapsed time: 3 seconds (0d 0h 0m 3s)

