#
# A fatal error has been detected by the Java Runtime Environment:
#
#  EXCEPTION_ACCESS_VIOLATION (0xc0000005) at pc=0x000000005ed6a79b, pid=28344, tid=0x0000000000006860
#
# JRE version: Java(TM) SE Runtime Environment (8.0_201-b09) (build 1.8.0_201-b09)
# Java VM: Java HotSpot(TM) 64-Bit Server VM (25.201-b09 mixed mode windows-amd64 compressed oops)
# Problematic frame:
# V  [jvm.dll+0x14a79b]
#
# Failed to write core dump. Minidumps are not enabled by default on client versions of Windows
#
# If you would like to submit a bug report, please visit:
#   http://bugreport.java.com/bugreport/crash.jsp
#

---------------  T H R E A D  ---------------

Current thread (0x0000000002b47800):  JavaThread "main" [_thread_in_vm, id=26720, stack(0x00000000029a0000,0x0000000002aa0000)]

siginfo: ExceptionCode=0xc0000005, reading address 0x0000000000000000

Registers:
RAX=0x000000001e0073d8, RBX=0x00000007c05ace28, RCX=0x0000000000000002, RDX=0x000000001e0073d0
RSP=0x0000000002a9a780, RBP=0x0000000000000006, RSI=0x0000000002b479f8, RDI=0x0000000002b47800
R8 =0x0000000000000004, R9 =0x0000000000000000, R10=0x000000000000039d, R11=0x0000000002b3ee38
R12=0x0000000000000000, R13=0x0000000002a9a888, R14=0x0000000002a9a9f8, R15=0x0000000002b47800
RIP=0x000000005ed6a79b, EFLAGS=0x0000000000010202

Top of Stack: (sp=0x0000000002a9a780)
0x0000000002a9a780:   0000000002b479f8 00000007c05ace28
0x0000000002a9a790:   0000000000000006 0000000002b47800
0x0000000002a9a7a0:   0000000000000001 00000007c05ace28
0x0000000002a9a7b0:   0000000002b45870 000000005ee38535
0x0000000002a9a7c0:   0000000002b45870 00007ffb4715fff0
0x0000000002a9a7d0:   0000000002b47800 0000000000000000
0x0000000002a9a7e0:   000000001ddaabb0 000000005ee37aac
0x0000000002a9a7f0:   000000001e0073d0 0000000002b45870
0x0000000002a9a800:   000000001e0073d0 0000000000000001
0x0000000002a9a810:   0000000002b47800 000000005ed5ed72
0x0000000002a9a820:   0000000023d7f4f8 0000000000000005
0x0000000002a9a830:   000000001e0073d0 00007ffb470c9e04
0x0000000002a9a840:   0000000000000006 0000000002b479f8
0x0000000002a9a850:   0000000000000005 0000000023d7f4f8
0x0000000002a9a860:   000000001e0073d0 00007ffb470ccb44
0x0000000002a9a870:   0000000002b479f8 0000000000000006 

Instructions: (pc=0x000000005ed6a79b)
0x000000005ed6a77b:   cf e8 6f 05 0e 00 33 c0 e9 dd 01 00 00 48 8b d0
0x000000005ed6a78b:   48 8b ce 48 89 ac 24 c0 00 00 00 e8 75 d2 0c 00
0x000000005ed6a79b:   49 8b 0c 24 c7 44 24 40 0e 00 00 00 48 8b 51 08
0x000000005ed6a7ab:   48 8b e8 0f b7 4a 24 48 8b 52 08 48 8b 54 ca 50 


Register to memory mapping:

RAX=0x000000001e0073d8 is an unknown value
RBX=0x00000007c05ace28 is pointing into metadata
RCX=0x0000000000000002 is an unknown value
RDX=0x000000001e0073d0 is an unknown value
RSP=0x0000000002a9a780 is pointing into the stack for thread: 0x0000000002b47800
RBP=0x0000000000000006 is an unknown value
RSI=0x0000000002b479f8 is an unknown value
RDI=0x0000000002b47800 is a thread
R8 =0x0000000000000004 is an unknown value
R9 =0x0000000000000000 is an unknown value
R10=0x000000000000039d is an unknown value
R11=0x0000000002b3ee38 is an unknown value
R12=0x0000000000000000 is an unknown value
R13=0x0000000002a9a888 is pointing into the stack for thread: 0x0000000002b47800
R14=0x0000000002a9a9f8 is pointing into the stack for thread: 0x0000000002b47800
R15=0x0000000002b47800 is a thread


Stack: [0x00000000029a0000,0x0000000002aa0000],  sp=0x0000000002a9a780,  free space=1001k
Native frames: (J=compiled Java code, j=interpreted, Vv=VM code, C=native code)
V  [jvm.dll+0x14a79b]
C  [awt.dll+0x69e04]
C  [awt.dll+0x6cb44]
C  [awt.dll+0x6cc02]
C  0x0000000002d61df0

Java frames: (J=compiled Java code, j=interpreted, Vv=VM code)
j  sun.awt.windows.ThemeReader.getThemeMargins(JIII)Ljava/awt/Insets;+0
j  sun.awt.windows.ThemeReader.getThemeMargins(Ljava/lang/String;III)Ljava/awt/Insets;+18
j  com.sun.java.swing.plaf.windows.XPStyle.getMargin(Ljava/awt/Component;Lcom/sun/java/swing/plaf/windows/TMSchema$Part;Lcom/sun/java/swing/plaf/windows/TMSchema$State;Lcom/sun/java/swing/plaf/windows/TMSchema$Prop;)Ljava/awt/Insets;+19
j  com.sun.java.swing.plaf.windows.XPStyle.getBorder(Ljava/awt/Component;Lcom/sun/java/swing/plaf/windows/TMSchema$Part;)Ljavax/swing/border/Border;+169
j  com.sun.java.swing.plaf.windows.WindowsLookAndFeel$XPBorderValue.getXPValue(Ljavax/swing/UIDefaults;)Ljava/lang/Object;+17
j  com.sun.java.swing.plaf.windows.WindowsLookAndFeel$XPValue.createValue(Ljavax/swing/UIDefaults;)Ljava/lang/Object;+10
J 3741 C1 javax.swing.UIDefaults.getFromHashtable(Ljava/lang/Object;)Ljava/lang/Object; (239 bytes) @ 0x000000000350a95c [0x000000000350a220+0x73c]
j  javax.swing.UIDefaults.get(Ljava/lang/Object;)Ljava/lang/Object;+2
j  javax.swing.MultiUIDefaults.get(Ljava/lang/Object;)Ljava/lang/Object;+45
j  javax.swing.UIDefaults.getBorder(Ljava/lang/Object;)Ljavax/swing/border/Border;+2
j  javax.swing.UIManager.getBorder(Ljava/lang/Object;)Ljavax/swing/border/Border;+4
j  javax.swing.LookAndFeel.installBorder(Ljavax/swing/JComponent;Ljava/lang/String;)V+18
j  javax.swing.plaf.basic.BasicButtonUI.installDefaults(Ljavax/swing/AbstractButton;)V+183
j  com.sun.java.swing.plaf.windows.WindowsButtonUI.installDefaults(Ljavax/swing/AbstractButton;)V+2
j  javax.swing.plaf.basic.BasicButtonUI.installUI(Ljavax/swing/JComponent;)V+5
j  javax.swing.JComponent.setUI(Ljavax/swing/plaf/ComponentUI;)V+39
j  javax.swing.AbstractButton.setUI(Ljavax/swing/plaf/ButtonUI;)V+2
j  javax.swing.JButton.updateUI()V+8
j  javax.swing.AbstractButton.init(Ljava/lang/String;Ljavax/swing/Icon;)V+19
j  javax.swing.JButton.<init>(Ljava/lang/String;Ljavax/swing/Icon;)V+18
j  javax.swing.JButton.<init>(Ljava/lang/String;)V+3
j  com.sun.deploy.panel.TreeRenderers$1.<init>()V+92
j  com.sun.deploy.panel.TreeRenderers.<clinit>()V+4
v  ~StubRoutines::call_stub
J 777  java.lang.Class.forName0(Ljava/lang/String;ZLjava/lang/ClassLoader;Ljava/lang/Class;)Ljava/lang/Class; (0 bytes) @ 0x0000000002f95287 [0x0000000002f95200+0x87]
J 853 C1 java.lang.Class.forName(Ljava/lang/String;ZLjava/lang/ClassLoader;)Ljava/lang/Class; (53 bytes) @ 0x0000000002fb618c [0x0000000002fb6040+0x14c]
J 3588 C1 org.apache.ibatis.io.ClassLoaderWrapper.classForName(Ljava/lang/String;[Ljava/lang/ClassLoader;)Ljava/lang/Class; (71 bytes) @ 0x00000000034b1f8c [0x00000000034b1f00+0x8c]
J 3574 C1 org.apache.ibatis.io.Resources.classForName(Ljava/lang/String;)Ljava/lang/Class; (8 bytes) @ 0x00000000034a77dc [0x00000000034a7780+0x5c]
j  org.mybatis.spring.SqlSessionFactoryBean.scanClasses(Ljava/lang/String;Ljava/lang/Class;)Ljava/util/Set;+133
j  org.mybatis.spring.SqlSessionFactoryBean.buildSqlSessionFactory()Lorg/apache/ibatis/session/SqlSessionFactory;+212
j  org.mybatis.spring.SqlSessionFactoryBean.afterPropertiesSet()V+58
j  org.mybatis.spring.SqlSessionFactoryBean.getObject()Lorg/apache/ibatis/session/SqlSessionFactory;+8
j  org.mybatis.spring.boot.autoconfigure.MybatisAutoConfiguration.sqlSessionFactory(Ljavax/sql/DataSource;)Lorg/apache/ibatis/session/SqlSessionFactory;+340
j  org.mybatis.spring.boot.autoconfigure.MybatisAutoConfiguration$$EnhancerBySpringCGLIB$$68033469.CGLIB$sqlSessionFactory$1(Ljavax/sql/DataSource;)Lorg/apache/ibatis/session/SqlSessionFactory;+2
j  org.mybatis.spring.boot.autoconfigure.MybatisAutoConfiguration$$EnhancerBySpringCGLIB$$68033469$$FastClassBySpringCGLIB$$9f96e8d7.invoke(ILjava/lang/Object;[Ljava/lang/Object;)Ljava/lang/Object;+184
j  org.springframework.cglib.proxy.MethodProxy.invokeSuper(Ljava/lang/Object;[Ljava/lang/Object;)Ljava/lang/Object;+19
j  org.springframework.context.annotation.ConfigurationClassEnhancer$BeanMethodInterceptor.intercept(Ljava/lang/Object;Ljava/lang/reflect/Method;[Ljava/lang/Object;Lorg/springframework/cglib/proxy/MethodProxy;)Ljava/lang/Object;+207
j  org.mybatis.spring.boot.autoconfigure.MybatisAutoConfiguration$$EnhancerBySpringCGLIB$$68033469.sqlSessionFactory(Ljavax/sql/DataSource;)Lorg/apache/ibatis/session/SqlSessionFactory;+36
v  ~StubRoutines::call_stub
j  sun.reflect.NativeMethodAccessorImpl.invoke0(Ljava/lang/reflect/Method;Ljava/lang/Object;[Ljava/lang/Object;)Ljava/lang/Object;+0
j  sun.reflect.NativeMethodAccessorImpl.invoke(Ljava/lang/Object;[Ljava/lang/Object;)Ljava/lang/Object;+100
j  sun.reflect.DelegatingMethodAccessorImpl.invoke(Ljava/lang/Object;[Ljava/lang/Object;)Ljava/lang/Object;+6
j  java.lang.reflect.Method.invoke(Ljava/lang/Object;[Ljava/lang/Object;)Ljava/lang/Object;+56
j  org.springframework.beans.factory.support.SimpleInstantiationStrategy.instantiate(Lorg/springframework/beans/factory/support/RootBeanDefinition;Ljava/lang/String;Lorg/springframework/beans/factory/BeanFactory;Ljava/lang/Object;Ljava/lang/reflect/Method;[Ljava/lang/Object;)Ljava/lang/Object;+50
j  org.springframework.beans.factory.support.ConstructorResolver.instantiate(Ljava/lang/String;Lorg/springframework/beans/factory/support/RootBeanDefinition;Ljava/lang/Object;Ljava/lang/reflect/Method;[Ljava/lang/Object;)Ljava/lang/Object;+48
j  org.springframework.beans.factory.support.ConstructorResolver.instantiateUsingFactoryMethod(Ljava/lang/String;Lorg/springframework/beans/factory/support/RootBeanDefinition;[Ljava/lang/Object;)Lorg/springframework/beans/BeanWrapper;+1565
j  org.springframework.beans.factory.support.AbstractAutowireCapableBeanFactory.instantiateUsingFactoryMethod(Ljava/lang/String;Lorg/springframework/beans/factory/support/RootBeanDefinition;[Ljava/lang/Object;)Lorg/springframework/beans/BeanWrapper;+11
j  org.springframework.beans.factory.support.AbstractAutowireCapableBeanFactory.createBeanInstance(Ljava/lang/String;Lorg/springframework/beans/factory/support/RootBeanDefinition;[Ljava/lang/Object;)Lorg/springframework/beans/BeanWrapper;+102
j  org.springframework.beans.factory.support.AbstractAutowireCapableBeanFactory.doCreateBean(Ljava/lang/String;Lorg/springframework/beans/factory/support/RootBeanDefinition;[Ljava/lang/Object;)Ljava/lang/Object;+34
j  org.springframework.beans.factory.support.AbstractAutowireCapableBeanFactory.createBean(Ljava/lang/String;Lorg/springframework/beans/factory/support/RootBeanDefinition;[Ljava/lang/Object;)Ljava/lang/Object;+169
j  org.springframework.beans.factory.support.AbstractBeanFactory.lambda$doGetBean$0(Ljava/lang/String;Lorg/springframework/beans/factory/support/RootBeanDefinition;[Ljava/lang/Object;)Ljava/lang/Object;+4
j  org.springframework.beans.factory.support.AbstractBeanFactory$$Lambda$262.getObject()Ljava/lang/Object;+16
j  org.springframework.beans.factory.support.DefaultSingletonBeanRegistry.getSingleton(Ljava/lang/String;Lorg/springframework/beans/factory/ObjectFactory;)Ljava/lang/Object;+132
J 2696 C1 org.springframework.beans.factory.support.AbstractBeanFactory.doGetBean(Ljava/lang/String;Ljava/lang/Class;[Ljava/lang/Object;Z)Ljava/lang/Object; (832 bytes) @ 0x00000000032b9914 [0x00000000032b9320+0x5f4]
j  org.springframework.beans.factory.support.AbstractBeanFactory.getBean(Ljava/lang/String;)Ljava/lang/Object;+5
j  org.springframework.beans.factory.config.DependencyDescriptor.resolveCandidate(Ljava/lang/String;Ljava/lang/Class;Lorg/springframework/beans/factory/BeanFactory;)Ljava/lang/Object;+2
j  org.springframework.beans.factory.support.DefaultListableBeanFactory.doResolveDependency(Lorg/springframework/beans/factory/config/DependencyDescriptor;Ljava/lang/String;Ljava/util/Set;Lorg/springframework/beans/TypeConverter;)Ljava/lang/Object;+440
j  org.springframework.beans.factory.support.DefaultListableBeanFactory.resolveDependency(Lorg/springframework/beans/factory/config/DependencyDescriptor;Ljava/lang/String;Ljava/util/Set;Lorg/springframework/beans/TypeConverter;)Ljava/lang/Object;+108
j  org.springframework.beans.factory.support.AbstractAutowireCapableBeanFactory.autowireByType(Ljava/lang/String;Lorg/springframework/beans/factory/support/AbstractBeanDefinition;Lorg/springframework/beans/BeanWrapper;Lorg/springframework/beans/MutablePropertyValues;)V+125
j  org.springframework.beans.factory.support.AbstractAutowireCapableBeanFactory.populateBean(Ljava/lang/String;Lorg/springframework/beans/factory/support/RootBeanDefinition;Lorg/springframework/beans/BeanWrapper;)V+172
j  org.springframework.beans.factory.support.AbstractAutowireCapableBeanFactory.doCreateBean(Ljava/lang/String;Lorg/springframework/beans/factory/support/RootBeanDefinition;[Ljava/lang/Object;)Ljava/lang/Object;+237
j  org.springframework.beans.factory.support.AbstractAutowireCapableBeanFactory.createBean(Ljava/lang/String;Lorg/springframework/beans/factory/support/RootBeanDefinition;[Ljava/lang/Object;)Ljava/lang/Object;+169
j  org.springframework.beans.factory.support.AbstractBeanFactory.lambda$doGetBean$0(Ljava/lang/String;Lorg/springframework/beans/factory/support/RootBeanDefinition;[Ljava/lang/Object;)Ljava/lang/Object;+4
j  org.springframework.beans.factory.support.AbstractBeanFactory$$Lambda$262.getObject()Ljava/lang/Object;+16
j  org.springframework.beans.factory.support.DefaultSingletonBeanRegistry.getSingleton(Ljava/lang/String;Lorg/springframework/beans/factory/ObjectFactory;)Ljava/lang/Object;+132
J 2696 C1 org.springframework.beans.factory.support.AbstractBeanFactory.doGetBean(Ljava/lang/String;Ljava/lang/Class;[Ljava/lang/Object;Z)Ljava/lang/Object; (832 bytes) @ 0x00000000032b9914 [0x00000000032b9320+0x5f4]
j  org.springframework.beans.factory.support.AbstractBeanFactory.getBean(Ljava/lang/String;)Ljava/lang/Object;+5
j  org.springframework.beans.factory.config.DependencyDescriptor.resolveCandidate(Ljava/lang/String;Ljava/lang/Class;Lorg/springframework/beans/factory/BeanFactory;)Ljava/lang/Object;+2
j  org.springframework.beans.factory.support.DefaultListableBeanFactory.doResolveDependency(Lorg/springframework/beans/factory/config/DependencyDescriptor;Ljava/lang/String;Ljava/util/Set;Lorg/springframework/beans/TypeConverter;)Ljava/lang/Object;+440
j  org.springframework.beans.factory.support.DefaultListableBeanFactory.resolveDependency(Lorg/springframework/beans/factory/config/DependencyDescriptor;Ljava/lang/String;Ljava/util/Set;Lorg/springframework/beans/TypeConverter;)Ljava/lang/Object;+108
j  org.springframework.beans.factory.annotation.AutowiredAnnotationBeanPostProcessor$AutowiredFieldElement.resolveFieldValue(Ljava/lang/reflect/Field;Ljava/lang/Object;Ljava/lang/String;)Ljava/lang/Object;+81
j  org.springframework.beans.factory.annotation.AutowiredAnnotationBeanPostProcessor$AutowiredFieldElement.inject(Ljava/lang/Object;Ljava/lang/String;Lorg/springframework/beans/PropertyValues;)V+53
j  org.springframework.beans.factory.annotation.InjectionMetadata.inject(Ljava/lang/Object;Ljava/lang/String;Lorg/springframework/beans/PropertyValues;)V+68
j  org.springframework.beans.factory.annotation.AutowiredAnnotationBeanPostProcessor.postProcessProperties(Lorg/springframework/beans/PropertyValues;Ljava/lang/Object;Ljava/lang/String;)Lorg/springframework/beans/PropertyValues;+17
j  org.springframework.beans.factory.support.AbstractAutowireCapableBeanFactory.populateBean(Ljava/lang/String;Lorg/springframework/beans/factory/support/RootBeanDefinition;Lorg/springframework/beans/BeanWrapper;)V+265
j  org.springframework.beans.factory.support.AbstractAutowireCapableBeanFactory.doCreateBean(Ljava/lang/String;Lorg/springframework/beans/factory/support/RootBeanDefinition;[Ljava/lang/Object;)Ljava/lang/Object;+237
j  org.springframework.beans.factory.support.AbstractAutowireCapableBeanFactory.createBean(Ljava/lang/String;Lorg/springframework/beans/factory/support/RootBeanDefinition;[Ljava/lang/Object;)Ljava/lang/Object;+169
j  org.springframework.beans.factory.support.AbstractBeanFactory.lambda$doGetBean$0(Ljava/lang/String;Lorg/springframework/beans/factory/support/RootBeanDefinition;[Ljava/lang/Object;)Ljava/lang/Object;+4
j  org.springframework.beans.factory.support.AbstractBeanFactory$$Lambda$262.getObject()Ljava/lang/Object;+16
j  org.springframework.beans.factory.support.DefaultSingletonBeanRegistry.getSingleton(Ljava/lang/String;Lorg/springframework/beans/factory/ObjectFactory;)Ljava/lang/Object;+132
J 2696 C1 org.springframework.beans.factory.support.AbstractBeanFactory.doGetBean(Ljava/lang/String;Ljava/lang/Class;[Ljava/lang/Object;Z)Ljava/lang/Object; (832 bytes) @ 0x00000000032b9914 [0x00000000032b9320+0x5f4]
j  org.springframework.beans.factory.support.AbstractBeanFactory.getBean(Ljava/lang/String;)Ljava/lang/Object;+5
j  org.springframework.beans.factory.config.DependencyDescriptor.resolveCandidate(Ljava/lang/String;Ljava/lang/Class;Lorg/springframework/beans/factory/BeanFactory;)Ljava/lang/Object;+2
j  org.springframework.beans.factory.support.DefaultListableBeanFactory.doResolveDependency(Lorg/springframework/beans/factory/config/DependencyDescriptor;Ljava/lang/String;Ljava/util/Set;Lorg/springframework/beans/TypeConverter;)Ljava/lang/Object;+440
j  org.springframework.beans.factory.support.DefaultListableBeanFactory.resolveDependency(Lorg/springframework/beans/factory/config/DependencyDescriptor;Ljava/lang/String;Ljava/util/Set;Lorg/springframework/beans/TypeConverter;)Ljava/lang/Object;+108
j  org.springframework.beans.factory.annotation.AutowiredAnnotationBeanPostProcessor$AutowiredFieldElement.resolveFieldValue(Ljava/lang/reflect/Field;Ljava/lang/Object;Ljava/lang/String;)Ljava/lang/Object;+81
j  org.springframework.beans.factory.annotation.AutowiredAnnotationBeanPostProcessor$AutowiredFieldElement.inject(Ljava/lang/Object;Ljava/lang/String;Lorg/springframework/beans/PropertyValues;)V+53
j  org.springframework.beans.factory.annotation.InjectionMetadata.inject(Ljava/lang/Object;Ljava/lang/String;Lorg/springframework/beans/PropertyValues;)V+68
j  org.springframework.beans.factory.annotation.AutowiredAnnotationBeanPostProcessor.postProcessProperties(Lorg/springframework/beans/PropertyValues;Ljava/lang/Object;Ljava/lang/String;)Lorg/springframework/beans/PropertyValues;+17
j  org.springframework.beans.factory.support.AbstractAutowireCapableBeanFactory.populateBean(Ljava/lang/String;Lorg/springframework/beans/factory/support/RootBeanDefinition;Lorg/springframework/beans/BeanWrapper;)V+265
j  org.springframework.beans.factory.support.AbstractAutowireCapableBeanFactory.doCreateBean(Ljava/lang/String;Lorg/springframework/beans/factory/support/RootBeanDefinition;[Ljava/lang/Object;)Ljava/lang/Object;+237
j  org.springframework.beans.factory.support.AbstractAutowireCapableBeanFactory.createBean(Ljava/lang/String;Lorg/springframework/beans/factory/support/RootBeanDefinition;[Ljava/lang/Object;)Ljava/lang/Object;+169
j  org.springframework.beans.factory.support.AbstractBeanFactory.lambda$doGetBean$0(Ljava/lang/String;Lorg/springframework/beans/factory/support/RootBeanDefinition;[Ljava/lang/Object;)Ljava/lang/Object;+4
j  org.springframework.beans.factory.support.AbstractBeanFactory$$Lambda$262.getObject()Ljava/lang/Object;+16
j  org.springframework.beans.factory.support.DefaultSingletonBeanRegistry.getSingleton(Ljava/lang/String;Lorg/springframework/beans/factory/ObjectFactory;)Ljava/lang/Object;+132
J 2696 C1 org.springframework.beans.factory.support.AbstractBeanFactory.doGetBean(Ljava/lang/String;Ljava/lang/Class;[Ljava/lang/Object;Z)Ljava/lang/Object; (832 bytes) @ 0x00000000032b9914 [0x00000000032b9320+0x5f4]
j  org.springframework.beans.factory.support.AbstractBeanFactory.getBean(Ljava/lang/String;)Ljava/lang/Object;+5
j  org.springframework.beans.factory.support.DefaultListableBeanFactory.preInstantiateSingletons()V+248
j  org.springframework.context.support.AbstractApplicationContext.finishBeanFactoryInitialization(Lorg/springframework/beans/factory/config/ConfigurableListableBeanFactory;)V+124
j  org.springframework.context.support.AbstractApplicationContext.refresh()V+86
j  org.springframework.boot.web.servlet.context.ServletWebServerApplicationContext.refresh()V+1
j  org.springframework.boot.SpringApplication.refresh(Lorg/springframework/context/ConfigurableApplicationContext;)V+1
j  org.springframework.boot.SpringApplication.refreshContext(Lorg/springframework/context/ConfigurableApplicationContext;)V+16
j  org.springframework.boot.SpringApplication.run([Ljava/lang/String;)Lorg/springframework/context/ConfigurableApplicationContext;+107
j  org.springframework.boot.SpringApplication.run([Ljava/lang/Class;[Ljava/lang/String;)Lorg/springframework/context/ConfigurableApplicationContext;+9
j  org.springframework.boot.SpringApplication.run(Ljava/lang/Class;[Ljava/lang/String;)Lorg/springframework/context/ConfigurableApplicationContext;+9
j  com.sky.SkyApplication.main([Ljava/lang/String;)V+3
v  ~StubRoutines::call_stub

---------------  P R O C E S S  ---------------

Java Threads: ( => current thread )
  0x000000002036e000 JavaThread "Image Fetcher 0" daemon [_thread_blocked, id=26212, stack(0x0000000024d90000,0x0000000024e90000)]
  0x0000000020369800 JavaThread "AWT-Windows" daemon [_thread_in_native, id=19988, stack(0x0000000024010000,0x0000000024110000)]
  0x000000002036b000 JavaThread "AWT-Shutdown" [_thread_blocked, id=24884, stack(0x0000000023f10000,0x0000000024010000)]
  0x000000002036c800 JavaThread "Java2D Disposer" daemon [_thread_blocked, id=24376, stack(0x0000000023e10000,0x0000000023f10000)]
  0x0000000020369000 JavaThread "CacheCleanUpThread" daemon [_thread_blocked, id=14420, stack(0x0000000023b10000,0x0000000023c10000)]
  0x000000002036f000 JavaThread "traceMsgQueueThread" daemon [_thread_blocked, id=13608, stack(0x0000000023a10000,0x0000000023b10000)]
  0x000000002036a800 JavaThread "CacheMemoryCleanUpThread" daemon [_thread_blocked, id=6436, stack(0x0000000023910000,0x0000000023a10000)]
  0x000000002036d800 JavaThread "MemoryCache-DelayedCleanup" daemon [_thread_blocked, id=25572, stack(0x0000000023810000,0x0000000023910000)]
  0x000000001e758800 JavaThread "Druid-ConnectionPool-Destroy-894844492" daemon [_thread_blocked, id=24600, stack(0x0000000023510000,0x0000000023610000)]
  0x000000001e756000 JavaThread "Druid-ConnectionPool-Create-894844492" daemon [_thread_blocked, id=9160, stack(0x0000000023410000,0x0000000023510000)]
  0x000000001e755000 JavaThread "mysql-cj-abandoned-connection-cleanup" daemon [_thread_blocked, id=22388, stack(0x0000000023210000,0x0000000023310000)]
  0x000000001e905800 JavaThread "container-0" [_thread_blocked, id=24616, stack(0x0000000023110000,0x0000000023210000)]
  0x000000001e905000 JavaThread "Catalina-utility-2" [_thread_blocked, id=4316, stack(0x0000000023010000,0x0000000023110000)]
  0x0000000021b8f000 JavaThread "Catalina-utility-1" [_thread_blocked, id=25608, stack(0x0000000022f10000,0x0000000023010000)]
  0x000000001df77800 JavaThread "RMI Scheduler(0)" daemon [_thread_blocked, id=28580, stack(0x0000000021240000,0x0000000021340000)]
  0x000000001fb8d800 JavaThread "RMI TCP Connection(1)-192.168.0.190" daemon [_thread_in_native, id=28036, stack(0x0000000020b40000,0x0000000020c40000)]
  0x000000001ee79800 JavaThread "RMI TCP Accept-0" daemon [_thread_in_native, id=27932, stack(0x000000001f2c0000,0x000000001f3c0000)]
  0x000000001eb59000 JavaThread "Service Thread" daemon [_thread_blocked, id=27432, stack(0x000000001f1a0000,0x000000001f2a0000)]
  0x000000001eb56000 JavaThread "C1 CompilerThread2" daemon [_thread_blocked, id=9676, stack(0x000000001f0a0000,0x000000001f1a0000)]
  0x000000001eb4f800 JavaThread "C2 CompilerThread1" daemon [_thread_blocked, id=27116, stack(0x000000001efa0000,0x000000001f0a0000)]
  0x000000001eb4c800 JavaThread "C2 CompilerThread0" daemon [_thread_blocked, id=18868, stack(0x000000001eea0000,0x000000001efa0000)]
  0x000000001de16000 JavaThread "JDWP Command Reader" daemon [_thread_in_native, id=22692, stack(0x000000001e5a0000,0x000000001e6a0000)]
  0x000000001de13800 JavaThread "JDWP Event Helper Thread" daemon [_thread_blocked, id=26900, stack(0x000000001e4a0000,0x000000001e5a0000)]
  0x000000001de04000 JavaThread "JDWP Transport Listener: dt_socket" daemon [_thread_blocked, id=28616, stack(0x000000001e3a0000,0x000000001e4a0000)]
  0x000000001c3d9000 JavaThread "Attach Listener" daemon [_thread_blocked, id=21564, stack(0x000000001e2a0000,0x000000001e3a0000)]
  0x000000001ddfe000 JavaThread "Signal Dispatcher" daemon [_thread_blocked, id=27928, stack(0x000000001e1a0000,0x000000001e2a0000)]
  0x000000001c3b7800 JavaThread "Finalizer" daemon [_thread_blocked, id=12344, stack(0x000000001dc30000,0x000000001dd30000)]
  0x000000001c3b0800 JavaThread "Reference Handler" daemon [_thread_blocked, id=25096, stack(0x000000001db30000,0x000000001dc30000)]
=>0x0000000002b47800 JavaThread "main" [_thread_in_vm, id=26720, stack(0x00000000029a0000,0x0000000002aa0000)]

Other Threads:
  0x000000001c387800 VMThread [stack: 0x000000001da30000,0x000000001db30000] [id=24880]
  0x000000001ee94800 WatcherThread [stack: 0x000000001f3c0000,0x000000001f4c0000] [id=20788]

VM state:not at safepoint (normal execution)

VM Mutex/Monitor currently owned by a thread: None

heap address: 0x00000006c4400000, size: 4028 MB, Compressed Oops mode: Zero based, Oop shift amount: 3
Narrow klass base: 0x0000000000000000, Narrow klass shift: 3
Compressed class space size: 1073741824 Address: 0x00000007c0000000

Heap:
 PSYoungGen      total 289792K, used 28205K [0x000000076c180000, 0x0000000780100000, 0x00000007c0000000)
  eden space 279552K, 6% used [0x000000076c180000,0x000000076d3218b8,0x000000077d280000)
  from space 10240K, 99% used [0x000000077f700000,0x00000007800e9d98,0x0000000780100000)
  to   space 13824K, 0% used [0x000000077e600000,0x000000077e600000,0x000000077f380000)
 ParOldGen       total 131584K, used 15610K [0x00000006c4400000, 0x00000006cc480000, 0x000000076c180000)
  object space 131584K, 11% used [0x00000006c4400000,0x00000006c533ea50,0x00000006cc480000)
 Metaspace       used 42400K, capacity 44490K, committed 44760K, reserved 1087488K
  class space    used 5622K, capacity 6054K, committed 6144K, reserved 1048576K

Card table byte_map: [0x0000000012100000,0x00000000128e0000] byte_map_base: 0x000000000eade000

Marking Bits: (ParMarkBitMap*) 0x000000005f444ce0
 Begin Bits: [0x0000000013420000, 0x0000000017310000)
 End Bits:   [0x0000000017310000, 0x000000001b200000)

Polling page: 0x00000000025f0000

CodeCache: size=245760Kb used=7981Kb max_used=7981Kb free=237778Kb
 bounds [0x0000000002d40000, 0x0000000003510000, 0x0000000011d40000]
 total_blobs=4291 nmethods=3742 adapters=469
 compilation: enabled

Compilation events (10 events):
Event: 4.010 Thread 0x000000001eb56000 3739   !   1       sun.awt.AppContext::get (123 bytes)
Event: 4.010 Thread 0x000000001eb56000 nmethod 3739 0x0000000003508490 code [0x0000000003508600, 0x0000000003508b88]
Event: 4.010 Thread 0x000000001eb56000 3737       1       java.lang.reflect.Method::getMethodAccessor (5 bytes)
Event: 4.010 Thread 0x000000001eb56000 nmethod 3737 0x0000000003508e10 code [0x0000000003508f60, 0x0000000003509070]
Event: 4.014 Thread 0x000000001eb56000 3740       1       java.lang.reflect.Field::setFieldAccessor (34 bytes)
Event: 4.014 Thread 0x000000001eb56000 nmethod 3740 0x0000000003509b50 code [0x0000000003509cc0, 0x0000000003509ee8]
Event: 4.014 Thread 0x000000001eb56000 3741   !   1       javax.swing.UIDefaults::getFromHashtable (239 bytes)
Event: 4.014 Thread 0x000000001eb56000 nmethod 3741 0x0000000003509fd0 code [0x000000000350a220, 0x000000000350aea8]
Event: 4.024 Thread 0x000000001eb56000 3742       1       javax.swing.UIDefaults::get (21 bytes)
Event: 4.024 Thread 0x000000001eb56000 nmethod 3742 0x000000000350b510 code [0x000000000350b680, 0x000000000350b818]

GC Heap History (10 events):
Event: 2.749 GC heap before
{Heap before GC invocations=6 (full 1):
 PSYoungGen      total 111616K, used 111326K [0x000000076c180000, 0x0000000774f80000, 0x00000007c0000000)
  eden space 105984K, 100% used [0x000000076c180000,0x0000000772900000,0x0000000772900000)
  from space 5632K, 94% used [0x0000000774a00000,0x0000000774f37b18,0x0000000774f80000)
  to   space 10752K, 0% used [0x0000000773a80000,0x0000000773a80000,0x0000000774500000)
 ParOldGen       total 94720K, used 7680K [0x00000006c4400000, 0x00000006ca080000, 0x000000076c180000)
  object space 94720K, 8% used [0x00000006c4400000,0x00000006c4b802e0,0x00000006ca080000)
 Metaspace       used 26485K, capacity 27708K, committed 27776K, reserved 1073152K
  class space    used 3390K, capacity 3688K, committed 3712K, reserved 1048576K
Event: 2.755 GC heap after
Heap after GC invocations=6 (full 1):
 PSYoungGen      total 134656K, used 10729K [0x000000076c180000, 0x0000000778480000, 0x00000007c0000000)
  eden space 123904K, 0% used [0x000000076c180000,0x000000076c180000,0x0000000773a80000)
  from space 10752K, 99% used [0x0000000773a80000,0x00000007744fa790,0x0000000774500000)
  to   space 13312K, 0% used [0x0000000777780000,0x0000000777780000,0x0000000778480000)
 ParOldGen       total 94720K, used 8577K [0x00000006c4400000, 0x00000006ca080000, 0x000000076c180000)
  object space 94720K, 9% used [0x00000006c4400000,0x00000006c4c60770,0x00000006ca080000)
 Metaspace       used 26485K, capacity 27708K, committed 27776K, reserved 1073152K
  class space    used 3390K, capacity 3688K, committed 3712K, reserved 1048576K
}
Event: 3.292 GC heap before
{Heap before GC invocations=7 (full 1):
 PSYoungGen      total 134656K, used 134633K [0x000000076c180000, 0x0000000778480000, 0x00000007c0000000)
  eden space 123904K, 100% used [0x000000076c180000,0x0000000773a80000,0x0000000773a80000)
  from space 10752K, 99% used [0x0000000773a80000,0x00000007744fa790,0x0000000774500000)
  to   space 13312K, 0% used [0x0000000777780000,0x0000000777780000,0x0000000778480000)
 ParOldGen       total 94720K, used 8577K [0x00000006c4400000, 0x00000006ca080000, 0x000000076c180000)
  object space 94720K, 9% used [0x00000006c4400000,0x00000006c4c60770,0x00000006ca080000)
 Metaspace       used 32112K, capacity 34102K, committed 34304K, reserved 1079296K
  class space    used 4155K, capacity 4553K, committed 4608K, reserved 1048576K
Event: 3.303 GC heap after
Heap after GC invocations=7 (full 1):
 PSYoungGen      total 184832K, used 12368K [0x000000076c180000, 0x000000077a500000, 0x00000007c0000000)
  eden space 171520K, 0% used [0x000000076c180000,0x000000076c180000,0x0000000776900000)
  from space 13312K, 92% used [0x0000000777780000,0x00000007783942e8,0x0000000778480000)
  to   space 14848K, 0% used [0x0000000776900000,0x0000000776900000,0x0000000777780000)
 ParOldGen       total 94720K, used 8585K [0x00000006c4400000, 0x00000006ca080000, 0x000000076c180000)
  object space 94720K, 9% used [0x00000006c4400000,0x00000006c4c62770,0x00000006ca080000)
 Metaspace       used 32112K, capacity 34102K, committed 34304K, reserved 1079296K
  class space    used 4155K, capacity 4553K, committed 4608K, reserved 1048576K
}
Event: 3.375 GC heap before
{Heap before GC invocations=8 (full 1):
 PSYoungGen      total 184832K, used 22340K [0x000000076c180000, 0x000000077a500000, 0x00000007c0000000)
  eden space 171520K, 5% used [0x000000076c180000,0x000000076cb3ce68,0x0000000776900000)
  from space 13312K, 92% used [0x0000000777780000,0x00000007783942e8,0x0000000778480000)
  to   space 14848K, 0% used [0x0000000776900000,0x0000000776900000,0x0000000777780000)
 ParOldGen       total 94720K, used 8585K [0x00000006c4400000, 0x00000006ca080000, 0x000000076c180000)
  object space 94720K, 9% used [0x00000006c4400000,0x00000006c4c62770,0x00000006ca080000)
 Metaspace       used 33396K, capacity 35386K, committed 35416K, reserved 1079296K
  class space    used 4322K, capacity 4735K, committed 4736K, reserved 1048576K
Event: 3.382 GC heap after
Heap after GC invocations=8 (full 1):
 PSYoungGen      total 186368K, used 9017K [0x000000076c180000, 0x0000000780480000, 0x00000007c0000000)
  eden space 171520K, 0% used [0x000000076c180000,0x000000076c180000,0x0000000776900000)
  from space 14848K, 60% used [0x0000000776900000,0x00000007771ce578,0x0000000777780000)
  to   space 13824K, 0% used [0x000000077f700000,0x000000077f700000,0x0000000780480000)
 ParOldGen       total 94720K, used 8593K [0x00000006c4400000, 0x00000006ca080000, 0x000000076c180000)
  object space 94720K, 9% used [0x00000006c4400000,0x00000006c4c64770,0x00000006ca080000)
 Metaspace       used 33396K, capacity 35386K, committed 35416K, reserved 1079296K
  class space    used 4322K, capacity 4735K, committed 4736K, reserved 1048576K
}
Event: 3.382 GC heap before
{Heap before GC invocations=9 (full 2):
 PSYoungGen      total 186368K, used 9017K [0x000000076c180000, 0x0000000780480000, 0x00000007c0000000)
  eden space 171520K, 0% used [0x000000076c180000,0x000000076c180000,0x0000000776900000)
  from space 14848K, 60% used [0x0000000776900000,0x00000007771ce578,0x0000000777780000)
  to   space 13824K, 0% used [0x000000077f700000,0x000000077f700000,0x0000000780480000)
 ParOldGen       total 94720K, used 8593K [0x00000006c4400000, 0x00000006ca080000, 0x000000076c180000)
  object space 94720K, 9% used [0x00000006c4400000,0x00000006c4c64770,0x00000006ca080000)
 Metaspace       used 33396K, capacity 35386K, committed 35416K, reserved 1079296K
  class space    used 4322K, capacity 4735K, committed 4736K, reserved 1048576K
Event: 3.411 GC heap after
Heap after GC invocations=9 (full 2):
 PSYoungGen      total 186368K, used 0K [0x000000076c180000, 0x0000000780480000, 0x00000007c0000000)
  eden space 171520K, 0% used [0x000000076c180000,0x000000076c180000,0x0000000776900000)
  from space 14848K, 0% used [0x0000000776900000,0x0000000776900000,0x0000000777780000)
  to   space 13824K, 0% used [0x000000077f700000,0x000000077f700000,0x0000000780480000)
 ParOldGen       total 131584K, used 15583K [0x00000006c4400000, 0x00000006cc480000, 0x000000076c180000)
  object space 131584K, 11% used [0x00000006c4400000,0x00000006c5337e00,0x00000006cc480000)
 Metaspace       used 33396K, capacity 35386K, committed 35416K, reserved 1079296K
  class space    used 4322K, capacity 4735K, committed 4736K, reserved 1048576K
}
Event: 3.964 GC heap before
{Heap before GC invocations=10 (full 2):
 PSYoungGen      total 186368K, used 171520K [0x000000076c180000, 0x0000000780480000, 0x00000007c0000000)
  eden space 171520K, 100% used [0x000000076c180000,0x0000000776900000,0x0000000776900000)
  from space 14848K, 0% used [0x0000000776900000,0x0000000776900000,0x0000000777780000)
  to   space 13824K, 0% used [0x000000077f700000,0x000000077f700000,0x0000000780480000)
 ParOldGen       total 131584K, used 15583K [0x00000006c4400000, 0x00000006cc480000, 0x000000076c180000)
  object space 131584K, 11% used [0x00000006c4400000,0x00000006c5337e00,0x00000006cc480000)
 Metaspace       used 41393K, capacity 43422K, committed 43608K, reserved 1087488K
  class space    used 5527K, capacity 5954K, committed 6016K, reserved 1048576K
Event: 3.970 GC heap after
Heap after GC invocations=10 (full 2):
 PSYoungGen      total 289792K, used 10151K [0x000000076c180000, 0x0000000780100000, 0x00000007c0000000)
  eden space 279552K, 0% used [0x000000076c180000,0x000000076c180000,0x000000077d280000)
  from space 10240K, 99% used [0x000000077f700000,0x00000007800e9d98,0x0000000780100000)
  to   space 13824K, 0% used [0x000000077e600000,0x000000077e600000,0x000000077f380000)
 ParOldGen       total 131584K, used 15610K [0x00000006c4400000, 0x00000006cc480000, 0x000000076c180000)
  object space 131584K, 11% used [0x00000006c4400000,0x00000006c533ea50,0x00000006cc480000)
 Metaspace       used 41393K, capacity 43422K, committed 43608K, reserved 1087488K
  class space    used 5527K, capacity 5954K, committed 6016K, reserved 1048576K
}

Deoptimization events (0 events):
No events

Classes redefined (0 events):
No events

Internal exceptions (10 events):
Event: 3.638 Thread 0x000000001fb8d800 Exception <a 'java/lang/reflect/InvocationTargetException'> (0x00000007715cfe10) thrown at [C:\re\workspace\8-2-build-windows-amd64-cygwin\jdk8u201\12322\hotspot\src\share\vm\runtime\reflection.cpp, line 1092]
Event: 3.719 Thread 0x0000000002b47800 Exception <a 'java/lang/NullPointerException'> (0x000000077501b750) thrown at [C:\re\workspace\8-2-build-windows-amd64-cygwin\jdk8u201\12322\hotspot\src\share\vm\interpreter\linkResolver.cpp, line 1185]
Event: 3.726 Thread 0x0000000002b47800 Exception <a 'java/lang/NullPointerException'> (0x0000000775107068) thrown at [C:\re\workspace\8-2-build-windows-amd64-cygwin\jdk8u201\12322\hotspot\src\share\vm\interpreter\linkResolver.cpp, line 1185]
Event: 3.766 Thread 0x0000000002b47800 Exception <a 'java/lang/NullPointerException'> (0x00000007756322b8) thrown at [C:\re\workspace\8-2-build-windows-amd64-cygwin\jdk8u201\12322\hotspot\src\share\vm\interpreter\linkResolver.cpp, line 1185]
Event: 3.766 Thread 0x0000000002b47800 Exception <a 'java/lang/NullPointerException'> (0x00000007756322b8) thrown at [C:\re\workspace\8-2-build-windows-amd64-cygwin\jdk8u201\12322\hotspot\src\share\vm\prims\jvm.cpp, line 1506]
Event: 3.766 Thread 0x0000000002b47800 Exception <a 'java/lang/ExceptionInInitializerError'> (0x0000000775633260) thrown at [C:\re\workspace\8-2-build-windows-amd64-cygwin\jdk8u201\12322\hotspot\src\share\vm\oops\instanceKlass.cpp, line 964]
Event: 3.792 Thread 0x0000000002b47800 Exception <a 'java/io/FileNotFoundException'> (0x00000007759471b8) thrown at [C:\re\workspace\8-2-build-windows-amd64-cygwin\jdk8u201\12322\hotspot\src\share\vm\prims\jni.cpp, line 709]
Event: 3.885 Thread 0x0000000002b47800 Exception <a 'java/io/FileNotFoundException'> (0x00000007761b7be0) thrown at [C:\re\workspace\8-2-build-windows-amd64-cygwin\jdk8u201\12322\hotspot\src\share\vm\prims\jni.cpp, line 709]
Event: 3.893 Thread 0x0000000002b47800 Exception <a 'java/io/FileNotFoundException'> (0x000000077623ca00) thrown at [C:\re\workspace\8-2-build-windows-amd64-cygwin\jdk8u201\12322\hotspot\src\share\vm\prims\jni.cpp, line 709]
Event: 3.893 Thread 0x0000000002b47800 Exception <a 'java/lang/NullPointerException'> (0x000000077623d408) thrown at [C:\re\workspace\8-2-build-windows-amd64-cygwin\jdk8u201\12322\hotspot\src\share\vm\interpreter\linkResolver.cpp, line 1185]

Events (10 events):
Event: 4.023 Thread 0x0000000002b47800 DEOPT PACKING pc=0x0000000002f5f44c sp=0x0000000002a9a410
Event: 4.023 Thread 0x0000000002b47800 DEOPT UNPACKING pc=0x0000000002d87890 sp=0x0000000002a9a188 mode 1
Event: 4.023 Thread 0x0000000002b47800 DEOPT PACKING pc=0x0000000002f5e47c sp=0x0000000002a9a4c0
Event: 4.023 Thread 0x0000000002b47800 DEOPT UNPACKING pc=0x0000000002d87890 sp=0x0000000002a9a1f0 mode 1
Event: 4.023 Thread 0x0000000002b47800 DEOPT PACKING pc=0x000000000341b2d4 sp=0x0000000002a9a510
Event: 4.023 Thread 0x0000000002b47800 DEOPT UNPACKING pc=0x0000000002d87890 sp=0x0000000002a9a360 mode 1
Event: 4.024 loading class com/sun/java/swing/plaf/windows/WindowsButtonUI
Event: 4.024 loading class com/sun/java/swing/plaf/windows/WindowsButtonUI done
Event: 4.024 loading class com/sun/java/swing/plaf/windows/TMSchema$TypeEnum
Event: 4.024 loading class com/sun/java/swing/plaf/windows/TMSchema$TypeEnum done


Dynamic libraries:
0x00007ff6e59b0000 - 0x00007ff6e59e7000 	C:\Program Files\Java\jdk1.8.0_201\bin\java.exe
0x00007ffba3a70000 - 0x00007ffba3c84000 	C:\WINDOWS\SYSTEM32\ntdll.dll
0x00007ffba1c60000 - 0x00007ffba1d23000 	C:\WINDOWS\System32\KERNEL32.DLL
0x00007ffba1070000 - 0x00007ffba140c000 	C:\WINDOWS\System32\KERNELBASE.dll
0x00007ffba1d30000 - 0x00007ffba1dde000 	C:\WINDOWS\System32\ADVAPI32.dll
0x00007ffba19a0000 - 0x00007ffba1a47000 	C:\WINDOWS\System32\msvcrt.dll
0x00007ffba3900000 - 0x00007ffba39a4000 	C:\WINDOWS\System32\sechost.dll
0x00007ffba1de0000 - 0x00007ffba1ef5000 	C:\WINDOWS\System32\RPCRT4.dll
0x00007ffba23c0000 - 0x00007ffba256d000 	C:\WINDOWS\System32\USER32.dll
0x00007ffba1850000 - 0x00007ffba1876000 	C:\WINDOWS\System32\win32u.dll
0x00007ffba2b80000 - 0x00007ffba2ba9000 	C:\WINDOWS\System32\GDI32.dll
0x00007ffba1480000 - 0x00007ffba1592000 	C:\WINDOWS\System32\gdi32full.dll
0x00007ffba0eb0000 - 0x00007ffba0f4a000 	C:\WINDOWS\System32\msvcp_win.dll
0x00007ffba0f50000 - 0x00007ffba1061000 	C:\WINDOWS\System32\ucrtbase.dll
0x00007ffb854b0000 - 0x00007ffb8573e000 	C:\WINDOWS\WinSxS\amd64_microsoft.windows.common-controls_6595b64144ccf1df_6.0.22621.608_none_a9444ca7c10bb01d\COMCTL32.dll
0x00007ffba30d0000 - 0x00007ffba3102000 	C:\WINDOWS\System32\IMM32.DLL
0x000000005fb50000 - 0x000000005fc21000 	C:\Program Files\Java\jdk1.8.0_201\jre\bin\msvcr100.dll
0x000000005ec20000 - 0x000000005f4c4000 	C:\Program Files\Java\jdk1.8.0_201\jre\bin\server\jvm.dll
0x00007ffba1a50000 - 0x00007ffba1a58000 	C:\WINDOWS\System32\PSAPI.DLL
0x00007ffb96e40000 - 0x00007ffb96e74000 	C:\WINDOWS\SYSTEM32\WINMM.dll
0x00007ffb75cf0000 - 0x00007ffb75cf9000 	C:\WINDOWS\SYSTEM32\WSOCK32.dll
0x00007ffb93ff0000 - 0x00007ffb93ffa000 	C:\WINDOWS\SYSTEM32\VERSION.dll
0x00007ffba1f00000 - 0x00007ffba1f71000 	C:\WINDOWS\System32\WS2_32.dll
0x00007ffb99ac0000 - 0x00007ffb99acf000 	C:\Program Files\Java\jdk1.8.0_201\jre\bin\verify.dll
0x00007ffb96fd0000 - 0x00007ffb96ff9000 	C:\Program Files\Java\jdk1.8.0_201\jre\bin\java.dll
0x00007ffb83a00000 - 0x00007ffb83a35000 	C:\Program Files\Java\jdk1.8.0_201\jre\bin\jdwp.dll
0x00007ffb930a0000 - 0x00007ffb930a8000 	C:\Program Files\Java\jdk1.8.0_201\jre\bin\npt.dll
0x00007ffb84b30000 - 0x00007ffb84b53000 	C:\Program Files\Java\jdk1.8.0_201\jre\bin\instrument.dll
0x00007ffb97d40000 - 0x00007ffb97d56000 	C:\Program Files\Java\jdk1.8.0_201\jre\bin\zip.dll
0x00007ffba3110000 - 0x00007ffba38ff000 	C:\WINDOWS\System32\SHELL32.dll
0x00007ffb9eee0000 - 0x00007ffb9f7a8000 	C:\WINDOWS\SYSTEM32\windows.storage.dll
0x00007ffba2c10000 - 0x00007ffba2f9a000 	C:\WINDOWS\System32\combase.dll
0x00007ffb9eda0000 - 0x00007ffb9eede000 	C:\WINDOWS\SYSTEM32\wintypes.dll
0x00007ffba1f80000 - 0x00007ffba2071000 	C:\WINDOWS\System32\SHCORE.dll
0x00007ffba2bb0000 - 0x00007ffba2c0e000 	C:\WINDOWS\System32\shlwapi.dll
0x00007ffba0de0000 - 0x00007ffba0e01000 	C:\WINDOWS\SYSTEM32\profapi.dll
0x00007ffb93090000 - 0x00007ffb93099000 	C:\Program Files\Java\jdk1.8.0_201\jre\bin\dt_socket.dll
0x00007ffba0460000 - 0x00007ffba04c9000 	C:\WINDOWS\system32\mswsock.dll
0x00007ffb96a70000 - 0x00007ffb96a8a000 	C:\Program Files\Java\jdk1.8.0_201\jre\bin\net.dll
0x00007ffb8a470000 - 0x00007ffb8a660000 	C:\WINDOWS\SYSTEM32\urlmon.dll
0x00007ffb8a1b0000 - 0x00007ffb8a461000 	C:\WINDOWS\SYSTEM32\iertutil.dll
0x00007ffb961c0000 - 0x00007ffb961e8000 	C:\WINDOWS\SYSTEM32\srvcli.dll
0x00007ffb9f9c0000 - 0x00007ffb9f9cc000 	C:\WINDOWS\SYSTEM32\netutils.dll
0x00007ffb9fae0000 - 0x00007ffb9fbd3000 	C:\WINDOWS\SYSTEM32\DNSAPI.dll
0x00007ffb9fab0000 - 0x00007ffb9fadd000 	C:\WINDOWS\SYSTEM32\IPHLPAPI.DLL
0x00007ffba23b0000 - 0x00007ffba23b9000 	C:\WINDOWS\System32\NSI.dll
0x00007ffb96910000 - 0x00007ffb9691a000 	C:\Windows\System32\rasadhlp.dll
0x00007ffb969e0000 - 0x00007ffb96a63000 	C:\WINDOWS\System32\fwpuclnt.dll
0x00007ffb92bb0000 - 0x00007ffb92bbd000 	C:\Program Files\Java\jdk1.8.0_201\jre\bin\management.dll
0x00007ffb95d90000 - 0x00007ffb95da1000 	C:\Program Files\Java\jdk1.8.0_201\jre\bin\nio.dll
0x00007ffba06b0000 - 0x00007ffba06cb000 	C:\WINDOWS\SYSTEM32\CRYPTSP.dll
0x00007ffb9ff60000 - 0x00007ffb9ff95000 	C:\WINDOWS\system32\rsaenh.dll
0x00007ffba0550000 - 0x00007ffba0578000 	C:\WINDOWS\SYSTEM32\USERENV.dll
0x00007ffba0850000 - 0x00007ffba0878000 	C:\WINDOWS\SYSTEM32\bcrypt.dll
0x00007ffba1710000 - 0x00007ffba178b000 	C:\WINDOWS\System32\bcryptprimitives.dll
0x00007ffba06d0000 - 0x00007ffba06dc000 	C:\WINDOWS\SYSTEM32\CRYPTBASE.dll
0x00007ffb97f50000 - 0x00007ffb97f69000 	C:\WINDOWS\SYSTEM32\dhcpcsvc6.DLL
0x00007ffb97d60000 - 0x00007ffb97d7f000 	C:\WINDOWS\SYSTEM32\dhcpcsvc.DLL
0x00007ffb71b30000 - 0x00007ffb71b47000 	C:\WINDOWS\system32\napinsp.dll
0x00007ffb70760000 - 0x00007ffb7077b000 	C:\WINDOWS\system32\pnrpnsp.dll
0x00007ffb70740000 - 0x00007ffb70751000 	C:\WINDOWS\System32\winrnr.dll
0x00007ffb96e20000 - 0x00007ffb96e35000 	C:\WINDOWS\system32\wshbth.dll
0x00007ffb70710000 - 0x00007ffb70731000 	C:\WINDOWS\system32\nlansp_c.dll
0x00007ffb82760000 - 0x00007ffb82784000 	C:\Program Files\Java\jdk1.8.0_201\jre\bin\sunec.dll
0x00007ffb92a40000 - 0x00007ffb92a4b000 	C:\Program Files\Java\jdk1.8.0_201\jre\bin\sunmscapi.dll
0x00007ffba15a0000 - 0x00007ffba1706000 	C:\WINDOWS\System32\CRYPT32.dll
0x00007ffb74020000 - 0x00007ffb740b0000 	C:\Program Files\Java\jdk1.8.0_201\jre\bin\deploy.dll
0x00007ffba1980000 - 0x00007ffba199f000 	C:\WINDOWS\System32\imagehlp.dll
0x00007ffba1ac0000 - 0x00007ffba1c5c000 	C:\WINDOWS\System32\ole32.dll
0x00007ffb81830000 - 0x00007ffb81d24000 	C:\WINDOWS\SYSTEM32\WININET.dll
0x00007ffba22d0000 - 0x00007ffba23a7000 	C:\WINDOWS\System32\OLEAUT32.dll
0x00007ffba0010000 - 0x00007ffba0044000 	C:\WINDOWS\SYSTEM32\ntmarta.dll
0x00007ffb47060000 - 0x00007ffb471f9000 	C:\Program Files\Java\jdk1.8.0_201\jre\bin\awt.dll
0x00007ffb9b5b0000 - 0x00007ffb9b647000 	C:\WINDOWS\SYSTEM32\apphelp.dll
0x00007ffb9b6c0000 - 0x00007ffb9b76b000 	C:\WINDOWS\system32\uxtheme.dll
0x00007ffba2fa0000 - 0x00007ffba30be000 	C:\WINDOWS\System32\MSCTF.dll
0x00007ffb9fff0000 - 0x00007ffba0008000 	C:\WINDOWS\SYSTEM32\kernel.appcore.dll
0x00007ffb9b950000 - 0x00007ffb9b97b000 	C:\WINDOWS\system32\DWMAPI.DLL
0x00007ffb82230000 - 0x00007ffb82277000 	C:\Program Files\Java\jdk1.8.0_201\jre\bin\fontmanager.dll
0x00007ffb80ed0000 - 0x00007ffb80f83000 	C:\WINDOWS\WinSxS\amd64_microsoft.windows.common-controls_6595b64144ccf1df_5.82.22621.608_none_fb280a3c7926c2cc\comctl32.dll
0x00007ffb9e900000 - 0x00007ffb9eb2e000 	C:\WINDOWS\SYSTEM32\dbghelp.dll

VM Arguments:
jvm_args: -agentlib:jdwp=transport=dt_socket,address=127.0.0.1:2623,suspend=y,server=n -XX:CompileCommand=exclude,org.eclipse.jdt.internal.compiler.parser.TypeConverter::* -DXX=+CreateMinidumpOnCrash -XX:TieredStopAtLevel=1 -Xverify:none -Dspring.output.ansi.enabled=always -javaagent:C:\Users\xiaolu\AppData\Local\JetBrains\IntelliJIdea2021.2\captureAgent\debugger-agent.jar=file:/C:/Users/xiaolu/AppData/Local/Temp/capture.props -Dcom.sun.management.jmxremote -Dspring.jmx.enabled=true -Dspring.liveBeansView.mbeanDomain -Dspring.application.admin.enabled=true -Dfile.encoding=UTF-8 
java_command: com.sky.SkyApplication
java_class_path (initial): C:\Program Files\Java\jdk1.8.0_201\jre\lib\charsets.jar;C:\Program Files\Java\jdk1.8.0_201\jre\lib\deploy.jar;C:\Program Files\Java\jdk1.8.0_201\jre\lib\ext\access-bridge-64.jar;C:\Program Files\Java\jdk1.8.0_201\jre\lib\ext\cldrdata.jar;C:\Program Files\Java\jdk1.8.0_201\jre\lib\ext\dnsns.jar;C:\Program Files\Java\jdk1.8.0_201\jre\lib\ext\jaccess.jar;C:\Program Files\Java\jdk1.8.0_201\jre\lib\ext\jfxrt.jar;C:\Program Files\Java\jdk1.8.0_201\jre\lib\ext\localedata.jar;C:\Program Files\Java\jdk1.8.0_201\jre\lib\ext\nashorn.jar;C:\Program Files\Java\jdk1.8.0_201\jre\lib\ext\sunec.jar;C:\Program Files\Java\jdk1.8.0_201\jre\lib\ext\sunjce_provider.jar;C:\Program Files\Java\jdk1.8.0_201\jre\lib\ext\sunmscapi.jar;C:\Program Files\Java\jdk1.8.0_201\jre\lib\ext\sunpkcs11.jar;C:\Program Files\Java\jdk1.8.0_201\jre\lib\ext\zipfs.jar;C:\Program Files\Java\jdk1.8.0_201\jre\lib\javaws.jar;C:\Program Files\Java\jdk1.8.0_201\jre\lib\jce.jar;C:\Program Files\Java\jdk1.8.0_201\jre\lib\jfr.jar;C:\Program Files\Java\jdk1.8.0_201\jre\lib\jfxswt.jar;C:\Program Files\Java\jdk1.8.0_201\jre\lib\jsse.jar;C:\Program Files\Java\jdk1.8.0_201\jre\lib\management-agent.jar;C:\Program Files\Java\jdk1.8.0_201\jre\lib\plugin.jar;C:\Program Files\Java\jdk1.8.0_201\jre\lib\resources.jar;C:\Program Files\Java\jdk1.8.0_201\jre\lib\rt.jar;F:\sky-take-out\sky-service\target\classes;F:\sky-take-out\sky-common\target\classes;F:\Maven\sky-take-out\.m2\repository\commons-lang\commons-lang\2.6\commons-lang-2.6.jar;F:\Maven\sky-take-out\.m2\repository\org\springframework\boot\spring-boot-starter-json\2.7.7\spring-boot-starter-json-2.7.7.jar;F:\Maven\sky-take-out\.m2\repository\com\fasterxml\jackson\datatype\jackson-datatype-jdk8\2.13.4\jackson-datatype-jdk8-2.13.4.jar;F:\Maven\sky-take-out\.m2\repository\com\fasterxml\jackson\datatype\jackson-datatype-jsr310\2.13.4\jackson-datatype-jsr310-2.13.4.jar;F:\Maven\sky-take-out\.m2\repository\com\fasterxml\jackson\module\jackson-module-par
Launcher Type: SUN_STANDARD

Environment Variables:
JAVA_HOME=C:\Program Files\Java\jdk1.8.0_201
PATH=F:\VMware\bin\;F:\python\Scripts\;F:\python\;D:\oracle\product\10.2.0\client_3\bin;D:\oracle\product\10.2.0\client_2\bin;C:\ProgramData\Oracle\Java\javapath;C:\Windows\system32;C:\Windows;C:\Windows\System32\Wbem;C:\Windows\System32\WindowsPowerShell\v1.0\;C:\Windows\System32\OpenSSH\;D:\java\bin;D:\Program Files\TortoiseGit\bin;C:\Program Files\TortoiseSVN\bin;C:\Program Files\dotnet\;C:\Program Files\nodejs\;C:\ProgramData\chocolatey\bin;D:\Git\cmd;C:\Program Files\Java\jdk1.8.0_201\bin;C:\WINDOWS\system32;C:\WINDOWS;C:\WINDOWS\System32\Wbem;C:\WINDOWS\System32\WindowsPowerShell\v1.0\;C:\WINDOWS\System32\OpenSSH\;F:\bs\tools\apache-maven-3.8.7\bin;C:\Program Files\Microsoft SQL Server\130\Tools\Binn\;C:\Program Files\Microsoft SQL Server\Client SDK\ODBC\170\Tools\Binn\;C:\Program Files (x86)\Microsoft SQL Server\160\Tools\Binn\;C:\Program Files\Microsoft SQL Server\160\Tools\Binn\;C:\Program Files\Microsoft SQL Server\160\DTS\Binn\;C:\Program Files\Azure Data Studio\bin;G:\Process Lasso\;C:\Users\xiaolu\AppData\Local\Microsoft\WindowsApps;D:\Bandizip\;E:\Tencent\QQGameTempest\Hall.57734\;F:\pycharm\PyCharm 2023.1.3\bin;;D:\Microsoft VS Code\bin;C:\Users\xiaolu\AppData\Roaming\npm;;C:\Program Files\Azure Data Studio\bin;C:\Users\xiaolu\.dotnet\tools
USERNAME=xiaolu
OS=Windows_NT
PROCESSOR_IDENTIFIER=Intel64 Family 6 Model 141 Stepping 1, GenuineIntel



---------------  S Y S T E M  ---------------

OS: Windows 10.0 , 64 bit Build 22621 (10.0.22621.1194)

CPU:total 6 (initial active 6) (6 cores per cpu, 2 threads per core) family 6 model 141 stepping 1, cmov, cx8, fxsr, mmx, sse, sse2, sse3, ssse3, sse4.1, sse4.2, popcnt, avx, avx2, aes, clmul, erms, 3dnowpref, lzcnt, ht, tsc, tscinvbit, bmi1, bmi2, adx

Memory: 4k page, physical 16493648k(2921280k free), swap 27503696k(4994200k free)

vm_info: Java HotSpot(TM) 64-Bit Server VM (25.201-b09) for windows-amd64 JRE (1.8.0_201-b09), built on Dec 15 2018 18:36:39 by "java_re" with MS VC++ 10.0 (VS2010)

time: Mon Jul 17 11:01:53 2023
timezone: 
elapsed time: 4 seconds (0d 0h 0m 4s)

