#
# A fatal error has been detected by the Java Runtime Environment:
#
#  EXCEPTION_ACCESS_VIOLATION (0xc0000005) at pc=0x000000005ed6a79b, pid=11244, tid=0x000000000000063c
#
# JRE version: Java(TM) SE Runtime Environment (8.0_201-b09) (build 1.8.0_201-b09)
# Java VM: Java HotSpot(TM) 64-Bit Server VM (25.201-b09 mixed mode windows-amd64 compressed oops)
# Problematic frame:
# V  [jvm.dll+0x14a79b]
#
# Failed to write core dump. Minidumps are not enabled by default on client versions of Windows
#
# If you would like to submit a bug report, please visit:
#   http://bugreport.java.com/bugreport/crash.jsp
#

---------------  T H R E A D  ---------------

Current thread (0x0000000003197800):  JavaThread "main" [_thread_in_vm, id=1596, stack(0x0000000003030000,0x0000000003130000)]

siginfo: ExceptionCode=0xc0000005, reading address 0x0000000000000000

Registers:
RAX=0x000000001e6423a8, RBX=0x00000007c05ace28, RCX=0x0000000000000002, RDX=0x000000001e6423a0
RSP=0x000000000312a650, RBP=0x0000000000000006, RSI=0x00000000031979f8, RDI=0x0000000003197800
R8 =0x0000000000000004, R9 =0x0000000000000000, R10=0x00000000000002c1, R11=0x000000000319fdb8
R12=0x0000000000000000, R13=0x000000000312a758, R14=0x000000000312a8c8, R15=0x0000000003197800
RIP=0x000000005ed6a79b, EFLAGS=0x0000000000010202

Top of Stack: (sp=0x000000000312a650)
0x000000000312a650:   00000000031979f8 00000007c05ace28
0x000000000312a660:   0000000000000006 0000000003197800
0x000000000312a670:   0000000000000001 00000007c05ace28
0x000000000312a680:   00000000031955f0 000000005ee38535
0x000000000312a690:   00000000031955f0 00007ffb2446fff0
0x000000000312a6a0:   0000000003197800 0000000000000000
0x000000000312a6b0:   000000001f4316d0 000000005ee37aac
0x000000000312a6c0:   000000001e6423a0 00000000031955f0
0x000000000312a6d0:   000000001e6423a0 0000000000000001
0x000000000312a6e0:   0000000003197800 000000005ed5ed72
0x000000000312a6f0:   000000002441be98 0000000000000005
0x000000000312a700:   000000001e6423a0 00007ffb243d9e04
0x000000000312a710:   0000000000000006 00000000031979f8
0x000000000312a720:   0000000000000005 000000002441be98
0x000000000312a730:   000000001e6423a0 00007ffb243dcb44
0x000000000312a740:   00000000031979f8 0000000000000006 

Instructions: (pc=0x000000005ed6a79b)
0x000000005ed6a77b:   cf e8 6f 05 0e 00 33 c0 e9 dd 01 00 00 48 8b d0
0x000000005ed6a78b:   48 8b ce 48 89 ac 24 c0 00 00 00 e8 75 d2 0c 00
0x000000005ed6a79b:   49 8b 0c 24 c7 44 24 40 0e 00 00 00 48 8b 51 08
0x000000005ed6a7ab:   48 8b e8 0f b7 4a 24 48 8b 52 08 48 8b 54 ca 50 


Register to memory mapping:

RAX=0x000000001e6423a8 is an unknown value
RBX=0x00000007c05ace28 is pointing into metadata
RCX=0x0000000000000002 is an unknown value
RDX=0x000000001e6423a0 is an unknown value
RSP=0x000000000312a650 is pointing into the stack for thread: 0x0000000003197800
RBP=0x0000000000000006 is an unknown value
RSI=0x00000000031979f8 is an unknown value
RDI=0x0000000003197800 is a thread
R8 =0x0000000000000004 is an unknown value
R9 =0x0000000000000000 is an unknown value
R10=0x00000000000002c1 is an unknown value
R11=0x000000000319fdb8 is an unknown value
R12=0x0000000000000000 is an unknown value
R13=0x000000000312a758 is pointing into the stack for thread: 0x0000000003197800
R14=0x000000000312a8c8 is pointing into the stack for thread: 0x0000000003197800
R15=0x0000000003197800 is a thread


Stack: [0x0000000003030000,0x0000000003130000],  sp=0x000000000312a650,  free space=1001k
Native frames: (J=compiled Java code, j=interpreted, Vv=VM code, C=native code)
V  [jvm.dll+0x14a79b]
C  [awt.dll+0x69e04]
C  [awt.dll+0x6cb44]
C  [awt.dll+0x6cc02]
C  0x0000000003451df0

Java frames: (J=compiled Java code, j=interpreted, Vv=VM code)
j  sun.awt.windows.ThemeReader.getThemeMargins(JIII)Ljava/awt/Insets;+0
j  sun.awt.windows.ThemeReader.getThemeMargins(Ljava/lang/String;III)Ljava/awt/Insets;+18
j  com.sun.java.swing.plaf.windows.XPStyle.getMargin(Ljava/awt/Component;Lcom/sun/java/swing/plaf/windows/TMSchema$Part;Lcom/sun/java/swing/plaf/windows/TMSchema$State;Lcom/sun/java/swing/plaf/windows/TMSchema$Prop;)Ljava/awt/Insets;+19
j  com.sun.java.swing.plaf.windows.XPStyle.getBorder(Ljava/awt/Component;Lcom/sun/java/swing/plaf/windows/TMSchema$Part;)Ljavax/swing/border/Border;+169
j  com.sun.java.swing.plaf.windows.WindowsLookAndFeel$XPBorderValue.getXPValue(Ljavax/swing/UIDefaults;)Ljava/lang/Object;+17
j  com.sun.java.swing.plaf.windows.WindowsLookAndFeel$XPValue.createValue(Ljavax/swing/UIDefaults;)Ljava/lang/Object;+10
J 3746 C1 javax.swing.UIDefaults.getFromHashtable(Ljava/lang/Object;)Ljava/lang/Object; (239 bytes) @ 0x0000000003bfff1c [0x0000000003bff7e0+0x73c]
j  javax.swing.UIDefaults.get(Ljava/lang/Object;)Ljava/lang/Object;+2
j  javax.swing.MultiUIDefaults.get(Ljava/lang/Object;)Ljava/lang/Object;+45
j  javax.swing.UIDefaults.getBorder(Ljava/lang/Object;)Ljavax/swing/border/Border;+2
j  javax.swing.UIManager.getBorder(Ljava/lang/Object;)Ljavax/swing/border/Border;+4
j  javax.swing.LookAndFeel.installBorder(Ljavax/swing/JComponent;Ljava/lang/String;)V+18
j  javax.swing.plaf.basic.BasicButtonUI.installDefaults(Ljavax/swing/AbstractButton;)V+183
j  com.sun.java.swing.plaf.windows.WindowsButtonUI.installDefaults(Ljavax/swing/AbstractButton;)V+2
j  javax.swing.plaf.basic.BasicButtonUI.installUI(Ljavax/swing/JComponent;)V+5
j  javax.swing.JComponent.setUI(Ljavax/swing/plaf/ComponentUI;)V+39
j  javax.swing.AbstractButton.setUI(Ljavax/swing/plaf/ButtonUI;)V+2
j  javax.swing.JButton.updateUI()V+8
j  javax.swing.AbstractButton.init(Ljava/lang/String;Ljavax/swing/Icon;)V+19
j  javax.swing.JButton.<init>(Ljava/lang/String;Ljavax/swing/Icon;)V+18
j  javax.swing.JButton.<init>(Ljava/lang/String;)V+3
j  com.sun.deploy.panel.TreeRenderers$1.<init>()V+92
j  com.sun.deploy.panel.TreeRenderers.<clinit>()V+4
v  ~StubRoutines::call_stub
J 776  java.lang.Class.forName0(Ljava/lang/String;ZLjava/lang/ClassLoader;Ljava/lang/Class;)Ljava/lang/Class; (0 bytes) @ 0x0000000003686407 [0x0000000003686380+0x87]
J 857 C1 java.lang.Class.forName(Ljava/lang/String;ZLjava/lang/ClassLoader;)Ljava/lang/Class; (53 bytes) @ 0x00000000036a62cc [0x00000000036a6180+0x14c]
J 3591 C1 org.apache.ibatis.io.ClassLoaderWrapper.classForName(Ljava/lang/String;[Ljava/lang/ClassLoader;)Ljava/lang/Class; (71 bytes) @ 0x0000000003ba6f4c [0x0000000003ba6ec0+0x8c]
J 3577 C1 org.apache.ibatis.io.Resources.classForName(Ljava/lang/String;)Ljava/lang/Class; (8 bytes) @ 0x0000000003b9c79c [0x0000000003b9c740+0x5c]
j  org.mybatis.spring.SqlSessionFactoryBean.scanClasses(Ljava/lang/String;Ljava/lang/Class;)Ljava/util/Set;+133
j  org.mybatis.spring.SqlSessionFactoryBean.buildSqlSessionFactory()Lorg/apache/ibatis/session/SqlSessionFactory;+212
j  org.mybatis.spring.SqlSessionFactoryBean.afterPropertiesSet()V+58
j  org.mybatis.spring.SqlSessionFactoryBean.getObject()Lorg/apache/ibatis/session/SqlSessionFactory;+8
j  org.mybatis.spring.boot.autoconfigure.MybatisAutoConfiguration.sqlSessionFactory(Ljavax/sql/DataSource;)Lorg/apache/ibatis/session/SqlSessionFactory;+340
j  org.mybatis.spring.boot.autoconfigure.MybatisAutoConfiguration$$EnhancerBySpringCGLIB$$67392b95.CGLIB$sqlSessionFactory$0(Ljavax/sql/DataSource;)Lorg/apache/ibatis/session/SqlSessionFactory;+2
j  org.mybatis.spring.boot.autoconfigure.MybatisAutoConfiguration$$EnhancerBySpringCGLIB$$67392b95$$FastClassBySpringCGLIB$$7023fd21.invoke(ILjava/lang/Object;[Ljava/lang/Object;)Ljava/lang/Object;+179
j  org.springframework.cglib.proxy.MethodProxy.invokeSuper(Ljava/lang/Object;[Ljava/lang/Object;)Ljava/lang/Object;+19
j  org.springframework.context.annotation.ConfigurationClassEnhancer$BeanMethodInterceptor.intercept(Ljava/lang/Object;Ljava/lang/reflect/Method;[Ljava/lang/Object;Lorg/springframework/cglib/proxy/MethodProxy;)Ljava/lang/Object;+207
j  org.mybatis.spring.boot.autoconfigure.MybatisAutoConfiguration$$EnhancerBySpringCGLIB$$67392b95.sqlSessionFactory(Ljavax/sql/DataSource;)Lorg/apache/ibatis/session/SqlSessionFactory;+36
v  ~StubRoutines::call_stub
j  sun.reflect.NativeMethodAccessorImpl.invoke0(Ljava/lang/reflect/Method;Ljava/lang/Object;[Ljava/lang/Object;)Ljava/lang/Object;+0
j  sun.reflect.NativeMethodAccessorImpl.invoke(Ljava/lang/Object;[Ljava/lang/Object;)Ljava/lang/Object;+100
j  sun.reflect.DelegatingMethodAccessorImpl.invoke(Ljava/lang/Object;[Ljava/lang/Object;)Ljava/lang/Object;+6
J 3531 C1 java.lang.reflect.Method.invoke(Ljava/lang/Object;[Ljava/lang/Object;)Ljava/lang/Object; (62 bytes) @ 0x0000000003b7001c [0x0000000003b6fee0+0x13c]
j  org.springframework.beans.factory.support.SimpleInstantiationStrategy.instantiate(Lorg/springframework/beans/factory/support/RootBeanDefinition;Ljava/lang/String;Lorg/springframework/beans/factory/BeanFactory;Ljava/lang/Object;Ljava/lang/reflect/Method;[Ljava/lang/Object;)Ljava/lang/Object;+50
j  org.springframework.beans.factory.support.ConstructorResolver.instantiate(Ljava/lang/String;Lorg/springframework/beans/factory/support/RootBeanDefinition;Ljava/lang/Object;Ljava/lang/reflect/Method;[Ljava/lang/Object;)Ljava/lang/Object;+48
j  org.springframework.beans.factory.support.ConstructorResolver.instantiateUsingFactoryMethod(Ljava/lang/String;Lorg/springframework/beans/factory/support/RootBeanDefinition;[Ljava/lang/Object;)Lorg/springframework/beans/BeanWrapper;+1565
j  org.springframework.beans.factory.support.AbstractAutowireCapableBeanFactory.instantiateUsingFactoryMethod(Ljava/lang/String;Lorg/springframework/beans/factory/support/RootBeanDefinition;[Ljava/lang/Object;)Lorg/springframework/beans/BeanWrapper;+11
j  org.springframework.beans.factory.support.AbstractAutowireCapableBeanFactory.createBeanInstance(Ljava/lang/String;Lorg/springframework/beans/factory/support/RootBeanDefinition;[Ljava/lang/Object;)Lorg/springframework/beans/BeanWrapper;+102
j  org.springframework.beans.factory.support.AbstractAutowireCapableBeanFactory.doCreateBean(Ljava/lang/String;Lorg/springframework/beans/factory/support/RootBeanDefinition;[Ljava/lang/Object;)Ljava/lang/Object;+34
j  org.springframework.beans.factory.support.AbstractAutowireCapableBeanFactory.createBean(Ljava/lang/String;Lorg/springframework/beans/factory/support/RootBeanDefinition;[Ljava/lang/Object;)Ljava/lang/Object;+169
j  org.springframework.beans.factory.support.AbstractBeanFactory.lambda$doGetBean$0(Ljava/lang/String;Lorg/springframework/beans/factory/support/RootBeanDefinition;[Ljava/lang/Object;)Ljava/lang/Object;+4
j  org.springframework.beans.factory.support.AbstractBeanFactory$$Lambda$262.getObject()Ljava/lang/Object;+16
j  org.springframework.beans.factory.support.DefaultSingletonBeanRegistry.getSingleton(Ljava/lang/String;Lorg/springframework/beans/factory/ObjectFactory;)Ljava/lang/Object;+132
J 2696 C1 org.springframework.beans.factory.support.AbstractBeanFactory.doGetBean(Ljava/lang/String;Ljava/lang/Class;[Ljava/lang/Object;Z)Ljava/lang/Object; (832 bytes) @ 0x00000000039b23d4 [0x00000000039b1de0+0x5f4]
j  org.springframework.beans.factory.support.AbstractBeanFactory.getBean(Ljava/lang/String;)Ljava/lang/Object;+5
j  org.springframework.beans.factory.config.DependencyDescriptor.resolveCandidate(Ljava/lang/String;Ljava/lang/Class;Lorg/springframework/beans/factory/BeanFactory;)Ljava/lang/Object;+2
j  org.springframework.beans.factory.support.DefaultListableBeanFactory.doResolveDependency(Lorg/springframework/beans/factory/config/DependencyDescriptor;Ljava/lang/String;Ljava/util/Set;Lorg/springframework/beans/TypeConverter;)Ljava/lang/Object;+440
j  org.springframework.beans.factory.support.DefaultListableBeanFactory.resolveDependency(Lorg/springframework/beans/factory/config/DependencyDescriptor;Ljava/lang/String;Ljava/util/Set;Lorg/springframework/beans/TypeConverter;)Ljava/lang/Object;+108
j  org.springframework.beans.factory.support.AbstractAutowireCapableBeanFactory.autowireByType(Ljava/lang/String;Lorg/springframework/beans/factory/support/AbstractBeanDefinition;Lorg/springframework/beans/BeanWrapper;Lorg/springframework/beans/MutablePropertyValues;)V+125
j  org.springframework.beans.factory.support.AbstractAutowireCapableBeanFactory.populateBean(Ljava/lang/String;Lorg/springframework/beans/factory/support/RootBeanDefinition;Lorg/springframework/beans/BeanWrapper;)V+172
j  org.springframework.beans.factory.support.AbstractAutowireCapableBeanFactory.doCreateBean(Ljava/lang/String;Lorg/springframework/beans/factory/support/RootBeanDefinition;[Ljava/lang/Object;)Ljava/lang/Object;+237
j  org.springframework.beans.factory.support.AbstractAutowireCapableBeanFactory.createBean(Ljava/lang/String;Lorg/springframework/beans/factory/support/RootBeanDefinition;[Ljava/lang/Object;)Ljava/lang/Object;+169
j  org.springframework.beans.factory.support.AbstractBeanFactory.lambda$doGetBean$0(Ljava/lang/String;Lorg/springframework/beans/factory/support/RootBeanDefinition;[Ljava/lang/Object;)Ljava/lang/Object;+4
j  org.springframework.beans.factory.support.AbstractBeanFactory$$Lambda$262.getObject()Ljava/lang/Object;+16
j  org.springframework.beans.factory.support.DefaultSingletonBeanRegistry.getSingleton(Ljava/lang/String;Lorg/springframework/beans/factory/ObjectFactory;)Ljava/lang/Object;+132
J 2696 C1 org.springframework.beans.factory.support.AbstractBeanFactory.doGetBean(Ljava/lang/String;Ljava/lang/Class;[Ljava/lang/Object;Z)Ljava/lang/Object; (832 bytes) @ 0x00000000039b23d4 [0x00000000039b1de0+0x5f4]
j  org.springframework.beans.factory.support.AbstractBeanFactory.getBean(Ljava/lang/String;)Ljava/lang/Object;+5
j  org.springframework.beans.factory.config.DependencyDescriptor.resolveCandidate(Ljava/lang/String;Ljava/lang/Class;Lorg/springframework/beans/factory/BeanFactory;)Ljava/lang/Object;+2
j  org.springframework.beans.factory.support.DefaultListableBeanFactory.doResolveDependency(Lorg/springframework/beans/factory/config/DependencyDescriptor;Ljava/lang/String;Ljava/util/Set;Lorg/springframework/beans/TypeConverter;)Ljava/lang/Object;+440
j  org.springframework.beans.factory.support.DefaultListableBeanFactory.resolveDependency(Lorg/springframework/beans/factory/config/DependencyDescriptor;Ljava/lang/String;Ljava/util/Set;Lorg/springframework/beans/TypeConverter;)Ljava/lang/Object;+108
j  org.springframework.beans.factory.annotation.AutowiredAnnotationBeanPostProcessor$AutowiredFieldElement.resolveFieldValue(Ljava/lang/reflect/Field;Ljava/lang/Object;Ljava/lang/String;)Ljava/lang/Object;+81
j  org.springframework.beans.factory.annotation.AutowiredAnnotationBeanPostProcessor$AutowiredFieldElement.inject(Ljava/lang/Object;Ljava/lang/String;Lorg/springframework/beans/PropertyValues;)V+53
j  org.springframework.beans.factory.annotation.InjectionMetadata.inject(Ljava/lang/Object;Ljava/lang/String;Lorg/springframework/beans/PropertyValues;)V+68
j  org.springframework.beans.factory.annotation.AutowiredAnnotationBeanPostProcessor.postProcessProperties(Lorg/springframework/beans/PropertyValues;Ljava/lang/Object;Ljava/lang/String;)Lorg/springframework/beans/PropertyValues;+17
j  org.springframework.beans.factory.support.AbstractAutowireCapableBeanFactory.populateBean(Ljava/lang/String;Lorg/springframework/beans/factory/support/RootBeanDefinition;Lorg/springframework/beans/BeanWrapper;)V+265
j  org.springframework.beans.factory.support.AbstractAutowireCapableBeanFactory.doCreateBean(Ljava/lang/String;Lorg/springframework/beans/factory/support/RootBeanDefinition;[Ljava/lang/Object;)Ljava/lang/Object;+237
j  org.springframework.beans.factory.support.AbstractAutowireCapableBeanFactory.createBean(Ljava/lang/String;Lorg/springframework/beans/factory/support/RootBeanDefinition;[Ljava/lang/Object;)Ljava/lang/Object;+169
j  org.springframework.beans.factory.support.AbstractBeanFactory.lambda$doGetBean$0(Ljava/lang/String;Lorg/springframework/beans/factory/support/RootBeanDefinition;[Ljava/lang/Object;)Ljava/lang/Object;+4
j  org.springframework.beans.factory.support.AbstractBeanFactory$$Lambda$262.getObject()Ljava/lang/Object;+16
j  org.springframework.beans.factory.support.DefaultSingletonBeanRegistry.getSingleton(Ljava/lang/String;Lorg/springframework/beans/factory/ObjectFactory;)Ljava/lang/Object;+132
J 2696 C1 org.springframework.beans.factory.support.AbstractBeanFactory.doGetBean(Ljava/lang/String;Ljava/lang/Class;[Ljava/lang/Object;Z)Ljava/lang/Object; (832 bytes) @ 0x00000000039b23d4 [0x00000000039b1de0+0x5f4]
j  org.springframework.beans.factory.support.AbstractBeanFactory.getBean(Ljava/lang/String;)Ljava/lang/Object;+5
j  org.springframework.beans.factory.config.DependencyDescriptor.resolveCandidate(Ljava/lang/String;Ljava/lang/Class;Lorg/springframework/beans/factory/BeanFactory;)Ljava/lang/Object;+2
j  org.springframework.beans.factory.support.DefaultListableBeanFactory.doResolveDependency(Lorg/springframework/beans/factory/config/DependencyDescriptor;Ljava/lang/String;Ljava/util/Set;Lorg/springframework/beans/TypeConverter;)Ljava/lang/Object;+440
j  org.springframework.beans.factory.support.DefaultListableBeanFactory.resolveDependency(Lorg/springframework/beans/factory/config/DependencyDescriptor;Ljava/lang/String;Ljava/util/Set;Lorg/springframework/beans/TypeConverter;)Ljava/lang/Object;+108
j  org.springframework.beans.factory.annotation.AutowiredAnnotationBeanPostProcessor$AutowiredFieldElement.resolveFieldValue(Ljava/lang/reflect/Field;Ljava/lang/Object;Ljava/lang/String;)Ljava/lang/Object;+81
j  org.springframework.beans.factory.annotation.AutowiredAnnotationBeanPostProcessor$AutowiredFieldElement.inject(Ljava/lang/Object;Ljava/lang/String;Lorg/springframework/beans/PropertyValues;)V+53
j  org.springframework.beans.factory.annotation.InjectionMetadata.inject(Ljava/lang/Object;Ljava/lang/String;Lorg/springframework/beans/PropertyValues;)V+68
j  org.springframework.beans.factory.annotation.AutowiredAnnotationBeanPostProcessor.postProcessProperties(Lorg/springframework/beans/PropertyValues;Ljava/lang/Object;Ljava/lang/String;)Lorg/springframework/beans/PropertyValues;+17
j  org.springframework.beans.factory.support.AbstractAutowireCapableBeanFactory.populateBean(Ljava/lang/String;Lorg/springframework/beans/factory/support/RootBeanDefinition;Lorg/springframework/beans/BeanWrapper;)V+265
j  org.springframework.beans.factory.support.AbstractAutowireCapableBeanFactory.doCreateBean(Ljava/lang/String;Lorg/springframework/beans/factory/support/RootBeanDefinition;[Ljava/lang/Object;)Ljava/lang/Object;+237
j  org.springframework.beans.factory.support.AbstractAutowireCapableBeanFactory.createBean(Ljava/lang/String;Lorg/springframework/beans/factory/support/RootBeanDefinition;[Ljava/lang/Object;)Ljava/lang/Object;+169
j  org.springframework.beans.factory.support.AbstractBeanFactory.lambda$doGetBean$0(Ljava/lang/String;Lorg/springframework/beans/factory/support/RootBeanDefinition;[Ljava/lang/Object;)Ljava/lang/Object;+4
j  org.springframework.beans.factory.support.AbstractBeanFactory$$Lambda$262.getObject()Ljava/lang/Object;+16
j  org.springframework.beans.factory.support.DefaultSingletonBeanRegistry.getSingleton(Ljava/lang/String;Lorg/springframework/beans/factory/ObjectFactory;)Ljava/lang/Object;+132
J 2696 C1 org.springframework.beans.factory.support.AbstractBeanFactory.doGetBean(Ljava/lang/String;Ljava/lang/Class;[Ljava/lang/Object;Z)Ljava/lang/Object; (832 bytes) @ 0x00000000039b23d4 [0x00000000039b1de0+0x5f4]
j  org.springframework.beans.factory.support.AbstractBeanFactory.getBean(Ljava/lang/String;)Ljava/lang/Object;+5
j  org.springframework.beans.factory.support.DefaultListableBeanFactory.preInstantiateSingletons()V+248
j  org.springframework.context.support.AbstractApplicationContext.finishBeanFactoryInitialization(Lorg/springframework/beans/factory/config/ConfigurableListableBeanFactory;)V+124
j  org.springframework.context.support.AbstractApplicationContext.refresh()V+86
j  org.springframework.boot.web.servlet.context.ServletWebServerApplicationContext.refresh()V+1
j  org.springframework.boot.SpringApplication.refresh(Lorg/springframework/context/ConfigurableApplicationContext;)V+1
j  org.springframework.boot.SpringApplication.refreshContext(Lorg/springframework/context/ConfigurableApplicationContext;)V+16
j  org.springframework.boot.SpringApplication.run([Ljava/lang/String;)Lorg/springframework/context/ConfigurableApplicationContext;+107
j  org.springframework.boot.SpringApplication.run([Ljava/lang/Class;[Ljava/lang/String;)Lorg/springframework/context/ConfigurableApplicationContext;+9
j  org.springframework.boot.SpringApplication.run(Ljava/lang/Class;[Ljava/lang/String;)Lorg/springframework/context/ConfigurableApplicationContext;+9
j  com.sky.SkyApplication.main([Ljava/lang/String;)V+3
v  ~StubRoutines::call_stub

---------------  P R O C E S S  ---------------

Java Threads: ( => current thread )
  0x00000000224bc800 JavaThread "Image Fetcher 0" daemon [_thread_blocked, id=15416, stack(0x0000000025430000,0x0000000025530000)]
  0x00000000224bf800 JavaThread "AWT-Windows" daemon [_thread_in_native, id=25876, stack(0x00000000246b0000,0x00000000247b0000)]
  0x00000000224c0000 JavaThread "AWT-Shutdown" [_thread_blocked, id=12120, stack(0x00000000245b0000,0x00000000246b0000)]
  0x00000000224bd000 JavaThread "Java2D Disposer" daemon [_thread_blocked, id=25000, stack(0x00000000244b0000,0x00000000245b0000)]
  0x000000001efb6800 JavaThread "CacheCleanUpThread" daemon [_thread_blocked, id=9548, stack(0x00000000241b0000,0x00000000242b0000)]
  0x000000001efb5800 JavaThread "traceMsgQueueThread" daemon [_thread_blocked, id=24016, stack(0x00000000240b0000,0x00000000241b0000)]
  0x000000001efb8800 JavaThread "CacheMemoryCleanUpThread" daemon [_thread_blocked, id=20708, stack(0x0000000023fb0000,0x00000000240b0000)]
  0x000000001efb7000 JavaThread "MemoryCache-DelayedCleanup" daemon [_thread_blocked, id=26156, stack(0x0000000023eb0000,0x0000000023fb0000)]
  0x000000001ef0a000 JavaThread "Druid-ConnectionPool-Destroy-1605741888" daemon [_thread_blocked, id=7216, stack(0x0000000023ba0000,0x0000000023ca0000)]
  0x000000001ef1d000 JavaThread "Druid-ConnectionPool-Create-1605741888" daemon [_thread_blocked, id=10356, stack(0x0000000023aa0000,0x0000000023ba0000)]
  0x000000001e73a000 JavaThread "mysql-cj-abandoned-connection-cleanup" daemon [_thread_blocked, id=23284, stack(0x00000000237a0000,0x00000000238a0000)]
  0x000000001eec2000 JavaThread "container-0" [_thread_blocked, id=27732, stack(0x00000000238a0000,0x00000000239a0000)]
  0x000000001ee6b000 JavaThread "Catalina-utility-2" [_thread_blocked, id=22536, stack(0x00000000236a0000,0x00000000237a0000)]
  0x000000002225a800 JavaThread "Catalina-utility-1" [_thread_blocked, id=22448, stack(0x00000000219d0000,0x0000000021ad0000)]
  0x000000001e663000 JavaThread "RMI Scheduler(0)" daemon [_thread_blocked, id=25680, stack(0x00000000216d0000,0x00000000217d0000)]
  0x0000000020074800 JavaThread "RMI TCP Connection(1)-192.168.0.190" daemon [_thread_in_native, id=24620, stack(0x00000000211d0000,0x00000000212d0000)]
  0x000000001f53b000 JavaThread "RMI TCP Accept-0" daemon [_thread_in_native, id=15048, stack(0x000000001f950000,0x000000001fa50000)]
  0x000000001f2bf800 JavaThread "Service Thread" daemon [_thread_blocked, id=27660, stack(0x000000001f850000,0x000000001f950000)]
  0x000000001f212000 JavaThread "C1 CompilerThread2" daemon [_thread_blocked, id=16940, stack(0x000000001f750000,0x000000001f850000)]
  0x000000001f20f000 JavaThread "C2 CompilerThread1" daemon [_thread_blocked, id=9700, stack(0x000000001f650000,0x000000001f750000)]
  0x000000001f206800 JavaThread "C2 CompilerThread0" daemon [_thread_blocked, id=3660, stack(0x000000001f550000,0x000000001f650000)]
  0x000000001e4d4800 JavaThread "JDWP Command Reader" daemon [_thread_in_native, id=15232, stack(0x000000001ec50000,0x000000001ed50000)]
  0x000000001e4d2800 JavaThread "JDWP Event Helper Thread" daemon [_thread_blocked, id=8232, stack(0x000000001eb50000,0x000000001ec50000)]
  0x000000001e4cf800 JavaThread "JDWP Transport Listener: dt_socket" daemon [_thread_blocked, id=27636, stack(0x000000001ea50000,0x000000001eb50000)]
  0x000000001e4b2000 JavaThread "Attach Listener" daemon [_thread_blocked, id=14420, stack(0x000000001e950000,0x000000001ea50000)]
  0x000000001e4af800 JavaThread "Signal Dispatcher" daemon [_thread_blocked, id=23836, stack(0x000000001e850000,0x000000001e950000)]
  0x000000001caa6800 JavaThread "Finalizer" daemon [_thread_blocked, id=28128, stack(0x000000001e350000,0x000000001e450000)]
  0x000000001ca9f800 JavaThread "Reference Handler" daemon [_thread_blocked, id=13704, stack(0x000000001e250000,0x000000001e350000)]
=>0x0000000003197800 JavaThread "main" [_thread_in_vm, id=1596, stack(0x0000000003030000,0x0000000003130000)]

Other Threads:
  0x000000001ca77800 VMThread [stack: 0x000000001e150000,0x000000001e250000] [id=27848]
  0x000000001fa57000 WatcherThread [stack: 0x0000000020a20000,0x0000000020b20000] [id=17232]

VM state:not at safepoint (normal execution)

VM Mutex/Monitor currently owned by a thread: None

heap address: 0x00000006c4400000, size: 4028 MB, Compressed Oops mode: Zero based, Oop shift amount: 3
Narrow klass base: 0x0000000000000000, Narrow klass shift: 3
Compressed class space size: 1073741824 Address: 0x00000007c0000000

Heap:
 PSYoungGen      total 301568K, used 22372K [0x000000076c180000, 0x0000000780980000, 0x00000007c0000000)
  eden space 290304K, 3% used [0x000000076c180000,0x000000076cc930b0,0x000000077dd00000)
  from space 11264K, 97% used [0x000000077fe80000,0x0000000780945fc0,0x0000000780980000)
  to   space 14848K, 0% used [0x000000077ec80000,0x000000077ec80000,0x000000077fb00000)
 ParOldGen       total 131072K, used 15747K [0x00000006c4400000, 0x00000006cc400000, 0x000000076c180000)
  object space 131072K, 12% used [0x00000006c4400000,0x00000006c5360f08,0x00000006cc400000)
 Metaspace       used 42379K, capacity 44414K, committed 44760K, reserved 1087488K
  class space    used 5622K, capacity 6054K, committed 6144K, reserved 1048576K

Card table byte_map: [0x00000000127f0000,0x0000000012fd0000] byte_map_base: 0x000000000f1ce000

Marking Bits: (ParMarkBitMap*) 0x000000005f444ce0
 Begin Bits: [0x0000000013b10000, 0x0000000017a00000)
 End Bits:   [0x0000000017a00000, 0x000000001b8f0000)

Polling page: 0x0000000001370000

CodeCache: size=245760Kb used=8003Kb max_used=8003Kb free=237756Kb
 bounds [0x0000000003430000, 0x0000000003c10000, 0x0000000012430000]
 total_blobs=4296 nmethods=3747 adapters=469
 compilation: enabled

Compilation events (10 events):
Event: 3.833 Thread 0x000000001f212000 3742       1       java.lang.reflect.Method::getMethodAccessor (5 bytes)
Event: 3.833 Thread 0x000000001f212000 nmethod 3742 0x0000000003bfda50 code [0x0000000003bfdba0, 0x0000000003bfdcb0]
Event: 3.833 Thread 0x000000001f212000 3744   !   1       sun.awt.AppContext::get (123 bytes)
Event: 3.833 Thread 0x000000001f212000 nmethod 3744 0x0000000003bfdd10 code [0x0000000003bfde80, 0x0000000003bfe408]
Event: 3.838 Thread 0x000000001f212000 3745       1       java.lang.reflect.Field::setFieldAccessor (34 bytes)
Event: 3.838 Thread 0x000000001f212000 nmethod 3745 0x0000000003bff110 code [0x0000000003bff280, 0x0000000003bff4a8]
Event: 3.838 Thread 0x000000001f212000 3746   !   1       javax.swing.UIDefaults::getFromHashtable (239 bytes)
Event: 3.838 Thread 0x000000001f212000 nmethod 3746 0x0000000003bff590 code [0x0000000003bff7e0, 0x0000000003c00468]
Event: 3.865 Thread 0x000000001f212000 3747       1       javax.swing.UIDefaults::get (21 bytes)
Event: 3.865 Thread 0x000000001f212000 nmethod 3747 0x0000000003c00ad0 code [0x0000000003c00c40, 0x0000000003c00dd8]

GC Heap History (10 events):
Event: 2.586 GC heap before
{Heap before GC invocations=6 (full 1):
 PSYoungGen      total 114176K, used 114105K [0x000000076c180000, 0x0000000774f80000, 0x00000007c0000000)
  eden space 108544K, 100% used [0x000000076c180000,0x0000000772b80000,0x0000000772b80000)
  from space 5632K, 98% used [0x0000000774a00000,0x0000000774f6e500,0x0000000774f80000)
  to   space 10752K, 0% used [0x0000000773a80000,0x0000000773a80000,0x0000000774500000)
 ParOldGen       total 90624K, used 7040K [0x00000006c4400000, 0x00000006c9c80000, 0x000000076c180000)
  object space 90624K, 7% used [0x00000006c4400000,0x00000006c4ae0390,0x00000006c9c80000)
 Metaspace       used 26254K, capacity 27422K, committed 27520K, reserved 1073152K
  class space    used 3367K, capacity 3647K, committed 3712K, reserved 1048576K
Event: 2.593 GC heap after
Heap after GC invocations=6 (full 1):
 PSYoungGen      total 134656K, used 10747K [0x000000076c180000, 0x0000000778d80000, 0x00000007c0000000)
  eden space 123904K, 0% used [0x000000076c180000,0x000000076c180000,0x0000000773a80000)
  from space 10752K, 99% used [0x0000000773a80000,0x00000007744fefa8,0x0000000774500000)
  to   space 13824K, 0% used [0x0000000778000000,0x0000000778000000,0x0000000778d80000)
 ParOldGen       total 90624K, used 8524K [0x00000006c4400000, 0x00000006c9c80000, 0x000000076c180000)
  object space 90624K, 9% used [0x00000006c4400000,0x00000006c4c53150,0x00000006c9c80000)
 Metaspace       used 26254K, capacity 27422K, committed 27520K, reserved 1073152K
  class space    used 3367K, capacity 3647K, committed 3712K, reserved 1048576K
}
Event: 3.125 GC heap before
{Heap before GC invocations=7 (full 1):
 PSYoungGen      total 134656K, used 134651K [0x000000076c180000, 0x0000000778d80000, 0x00000007c0000000)
  eden space 123904K, 100% used [0x000000076c180000,0x0000000773a80000,0x0000000773a80000)
  from space 10752K, 99% used [0x0000000773a80000,0x00000007744fefa8,0x0000000774500000)
  to   space 13824K, 0% used [0x0000000778000000,0x0000000778000000,0x0000000778d80000)
 ParOldGen       total 90624K, used 8524K [0x00000006c4400000, 0x00000006c9c80000, 0x000000076c180000)
  object space 90624K, 9% used [0x00000006c4400000,0x00000006c4c53150,0x00000006c9c80000)
 Metaspace       used 32023K, capacity 33994K, committed 34304K, reserved 1079296K
  class space    used 4152K, capacity 4521K, committed 4608K, reserved 1048576K
Event: 3.131 GC heap after
Heap after GC invocations=7 (full 1):
 PSYoungGen      total 193536K, used 13159K [0x000000076c180000, 0x000000077a600000, 0x00000007c0000000)
  eden space 179712K, 0% used [0x000000076c180000,0x000000076c180000,0x0000000777100000)
  from space 13824K, 95% used [0x0000000778000000,0x0000000778cd9f38,0x0000000778d80000)
  to   space 15360K, 0% used [0x0000000777100000,0x0000000777100000,0x0000000778000000)
 ParOldGen       total 90624K, used 8532K [0x00000006c4400000, 0x00000006c9c80000, 0x000000076c180000)
  object space 90624K, 9% used [0x00000006c4400000,0x00000006c4c55150,0x00000006c9c80000)
 Metaspace       used 32023K, capacity 33994K, committed 34304K, reserved 1079296K
  class space    used 4152K, capacity 4521K, committed 4608K, reserved 1048576K
}
Event: 3.223 GC heap before
{Heap before GC invocations=8 (full 1):
 PSYoungGen      total 193536K, used 30509K [0x000000076c180000, 0x000000077a600000, 0x00000007c0000000)
  eden space 179712K, 9% used [0x000000076c180000,0x000000076d271818,0x0000000777100000)
  from space 13824K, 95% used [0x0000000778000000,0x0000000778cd9f38,0x0000000778d80000)
  to   space 15360K, 0% used [0x0000000777100000,0x0000000777100000,0x0000000778000000)
 ParOldGen       total 90624K, used 8532K [0x00000006c4400000, 0x00000006c9c80000, 0x000000076c180000)
  object space 90624K, 9% used [0x00000006c4400000,0x00000006c4c55150,0x00000006c9c80000)
 Metaspace       used 33461K, capacity 35376K, committed 35416K, reserved 1079296K
  class space    used 4339K, capacity 4736K, committed 4736K, reserved 1048576K
Event: 3.228 GC heap after
Heap after GC invocations=8 (full 1):
 PSYoungGen      total 195072K, used 9764K [0x000000076c180000, 0x0000000780d00000, 0x00000007c0000000)
  eden space 179712K, 0% used [0x000000076c180000,0x000000076c180000,0x0000000777100000)
  from space 15360K, 63% used [0x0000000777100000,0x0000000777a89280,0x0000000778000000)
  to   space 14848K, 0% used [0x000000077fe80000,0x000000077fe80000,0x0000000780d00000)
 ParOldGen       total 90624K, used 8540K [0x00000006c4400000, 0x00000006c9c80000, 0x000000076c180000)
  object space 90624K, 9% used [0x00000006c4400000,0x00000006c4c57150,0x00000006c9c80000)
 Metaspace       used 33461K, capacity 35376K, committed 35416K, reserved 1079296K
  class space    used 4339K, capacity 4736K, committed 4736K, reserved 1048576K
}
Event: 3.228 GC heap before
{Heap before GC invocations=9 (full 2):
 PSYoungGen      total 195072K, used 9764K [0x000000076c180000, 0x0000000780d00000, 0x00000007c0000000)
  eden space 179712K, 0% used [0x000000076c180000,0x000000076c180000,0x0000000777100000)
  from space 15360K, 63% used [0x0000000777100000,0x0000000777a89280,0x0000000778000000)
  to   space 14848K, 0% used [0x000000077fe80000,0x000000077fe80000,0x0000000780d00000)
 ParOldGen       total 90624K, used 8540K [0x00000006c4400000, 0x00000006c9c80000, 0x000000076c180000)
  object space 90624K, 9% used [0x00000006c4400000,0x00000006c4c57150,0x00000006c9c80000)
 Metaspace       used 33461K, capacity 35376K, committed 35416K, reserved 1079296K
  class space    used 4339K, capacity 4736K, committed 4736K, reserved 1048576K
Event: 3.258 GC heap after
Heap after GC invocations=9 (full 2):
 PSYoungGen      total 195072K, used 0K [0x000000076c180000, 0x0000000780d00000, 0x00000007c0000000)
  eden space 179712K, 0% used [0x000000076c180000,0x000000076c180000,0x0000000777100000)
  from space 15360K, 0% used [0x0000000777100000,0x0000000777100000,0x0000000778000000)
  to   space 14848K, 0% used [0x000000077fe80000,0x000000077fe80000,0x0000000780d00000)
 ParOldGen       total 131072K, used 15720K [0x00000006c4400000, 0x00000006cc400000, 0x000000076c180000)
  object space 131072K, 11% used [0x00000006c4400000,0x00000006c535a2b8,0x00000006cc400000)
 Metaspace       used 33461K, capacity 35376K, committed 35416K, reserved 1079296K
  class space    used 4339K, capacity 4736K, committed 4736K, reserved 1048576K
}
Event: 3.848 GC heap before
{Heap before GC invocations=10 (full 2):
 PSYoungGen      total 195072K, used 179712K [0x000000076c180000, 0x0000000780d00000, 0x00000007c0000000)
  eden space 179712K, 100% used [0x000000076c180000,0x0000000777100000,0x0000000777100000)
  from space 15360K, 0% used [0x0000000777100000,0x0000000777100000,0x0000000778000000)
  to   space 14848K, 0% used [0x000000077fe80000,0x000000077fe80000,0x0000000780d00000)
 ParOldGen       total 131072K, used 15720K [0x00000006c4400000, 0x00000006cc400000, 0x000000076c180000)
  object space 131072K, 11% used [0x00000006c4400000,0x00000006c535a2b8,0x00000006cc400000)
 Metaspace       used 42363K, capacity 44414K, committed 44760K, reserved 1087488K
  class space    used 5621K, capacity 6054K, committed 6144K, reserved 1048576K
Event: 3.859 GC heap after
Heap after GC invocations=10 (full 2):
 PSYoungGen      total 301568K, used 11031K [0x000000076c180000, 0x0000000780980000, 0x00000007c0000000)
  eden space 290304K, 0% used [0x000000076c180000,0x000000076c180000,0x000000077dd00000)
  from space 11264K, 97% used [0x000000077fe80000,0x0000000780945fc0,0x0000000780980000)
  to   space 14848K, 0% used [0x000000077ec80000,0x000000077ec80000,0x000000077fb00000)
 ParOldGen       total 131072K, used 15747K [0x00000006c4400000, 0x00000006cc400000, 0x000000076c180000)
  object space 131072K, 12% used [0x00000006c4400000,0x00000006c5360f08,0x00000006cc400000)
 Metaspace       used 42363K, capacity 44414K, committed 44760K, reserved 1087488K
  class space    used 5621K, capacity 6054K, committed 6144K, reserved 1048576K
}

Deoptimization events (0 events):
No events

Classes redefined (0 events):
No events

Internal exceptions (10 events):
Event: 3.562 Thread 0x0000000003197800 Exception <a 'java/lang/NullPointerException'> (0x0000000774e207a0) thrown at [C:\re\workspace\8-2-build-windows-amd64-cygwin\jdk8u201\12322\hotspot\src\share\vm\interpreter\linkResolver.cpp, line 1185]
Event: 3.568 Thread 0x0000000003197800 Exception <a 'java/lang/NullPointerException'> (0x0000000774f0c0b8) thrown at [C:\re\workspace\8-2-build-windows-amd64-cygwin\jdk8u201\12322\hotspot\src\share\vm\interpreter\linkResolver.cpp, line 1185]
Event: 3.607 Thread 0x0000000003197800 Exception <a 'java/lang/NullPointerException'> (0x00000007754398b8) thrown at [C:\re\workspace\8-2-build-windows-amd64-cygwin\jdk8u201\12322\hotspot\src\share\vm\interpreter\linkResolver.cpp, line 1185]
Event: 3.607 Thread 0x0000000003197800 Exception <a 'java/lang/NullPointerException'> (0x00000007754398b8) thrown at [C:\re\workspace\8-2-build-windows-amd64-cygwin\jdk8u201\12322\hotspot\src\share\vm\prims\jvm.cpp, line 1506]
Event: 3.607 Thread 0x0000000003197800 Exception <a 'java/lang/ExceptionInInitializerError'> (0x000000077543a860) thrown at [C:\re\workspace\8-2-build-windows-amd64-cygwin\jdk8u201\12322\hotspot\src\share\vm\oops\instanceKlass.cpp, line 964]
Event: 3.632 Thread 0x0000000003197800 Exception <a 'java/io/FileNotFoundException'> (0x000000077574f478) thrown at [C:\re\workspace\8-2-build-windows-amd64-cygwin\jdk8u201\12322\hotspot\src\share\vm\prims\jni.cpp, line 709]
Event: 3.720 Thread 0x0000000003197800 Exception <a 'java/io/FileNotFoundException'> (0x00000007760f5370) thrown at [C:\re\workspace\8-2-build-windows-amd64-cygwin\jdk8u201\12322\hotspot\src\share\vm\prims\jni.cpp, line 709]
Event: 3.726 Thread 0x0000000003197800 Exception <a 'java/io/FileNotFoundException'> (0x000000077617a190) thrown at [C:\re\workspace\8-2-build-windows-amd64-cygwin\jdk8u201\12322\hotspot\src\share\vm\prims\jni.cpp, line 709]
Event: 3.726 Thread 0x0000000003197800 Exception <a 'java/lang/NullPointerException'> (0x000000077617ab98) thrown at [C:\re\workspace\8-2-build-windows-amd64-cygwin\jdk8u201\12322\hotspot\src\share\vm\interpreter\linkResolver.cpp, line 1185]
Event: 3.792 Thread 0x0000000020074800 Exception <a 'java/lang/reflect/InvocationTargetException'> (0x000000076c96a4b8) thrown at [C:\re\workspace\8-2-build-windows-amd64-cygwin\jdk8u201\12322\hotspot\src\share\vm\runtime\reflection.cpp, line 1092]

Events (10 events):
Event: 3.861 Thread 0x0000000003197800 DEOPT PACKING pc=0x0000000003653d8c sp=0x000000000312a2e0
Event: 3.861 Thread 0x0000000003197800 DEOPT UNPACKING pc=0x0000000003477890 sp=0x000000000312a058 mode 1
Event: 3.861 Thread 0x0000000003197800 DEOPT PACKING pc=0x0000000003651fbc sp=0x000000000312a390
Event: 3.861 Thread 0x0000000003197800 DEOPT UNPACKING pc=0x0000000003477890 sp=0x000000000312a0c0 mode 1
Event: 3.861 Thread 0x0000000003197800 DEOPT PACKING pc=0x0000000003b10a94 sp=0x000000000312a3e0
Event: 3.861 Thread 0x0000000003197800 DEOPT UNPACKING pc=0x0000000003477890 sp=0x000000000312a230 mode 1
Event: 3.861 loading class com/sun/java/swing/plaf/windows/WindowsButtonUI
Event: 3.862 loading class com/sun/java/swing/plaf/windows/WindowsButtonUI done
Event: 3.865 loading class com/sun/java/swing/plaf/windows/TMSchema$TypeEnum
Event: 3.865 loading class com/sun/java/swing/plaf/windows/TMSchema$TypeEnum done


Dynamic libraries:
0x00007ff6e59b0000 - 0x00007ff6e59e7000 	C:\Program Files\Java\jdk1.8.0_201\bin\java.exe
0x00007ffba3a70000 - 0x00007ffba3c84000 	C:\WINDOWS\SYSTEM32\ntdll.dll
0x00007ffba1c60000 - 0x00007ffba1d23000 	C:\WINDOWS\System32\KERNEL32.DLL
0x00007ffba1070000 - 0x00007ffba140c000 	C:\WINDOWS\System32\KERNELBASE.dll
0x00007ffba1d30000 - 0x00007ffba1dde000 	C:\WINDOWS\System32\ADVAPI32.dll
0x00007ffba19a0000 - 0x00007ffba1a47000 	C:\WINDOWS\System32\msvcrt.dll
0x00007ffba3900000 - 0x00007ffba39a4000 	C:\WINDOWS\System32\sechost.dll
0x00007ffba1de0000 - 0x00007ffba1ef5000 	C:\WINDOWS\System32\RPCRT4.dll
0x00007ffba23c0000 - 0x00007ffba256d000 	C:\WINDOWS\System32\USER32.dll
0x00007ffba1850000 - 0x00007ffba1876000 	C:\WINDOWS\System32\win32u.dll
0x00007ffba2b80000 - 0x00007ffba2ba9000 	C:\WINDOWS\System32\GDI32.dll
0x00007ffba1480000 - 0x00007ffba1592000 	C:\WINDOWS\System32\gdi32full.dll
0x00007ffba0eb0000 - 0x00007ffba0f4a000 	C:\WINDOWS\System32\msvcp_win.dll
0x00007ffba0f50000 - 0x00007ffba1061000 	C:\WINDOWS\System32\ucrtbase.dll
0x00007ffb854b0000 - 0x00007ffb8573e000 	C:\WINDOWS\WinSxS\amd64_microsoft.windows.common-controls_6595b64144ccf1df_6.0.22621.608_none_a9444ca7c10bb01d\COMCTL32.dll
0x00007ffba30d0000 - 0x00007ffba3102000 	C:\WINDOWS\System32\IMM32.DLL
0x000000005fb50000 - 0x000000005fc21000 	C:\Program Files\Java\jdk1.8.0_201\jre\bin\msvcr100.dll
0x000000005ec20000 - 0x000000005f4c4000 	C:\Program Files\Java\jdk1.8.0_201\jre\bin\server\jvm.dll
0x00007ffba1a50000 - 0x00007ffba1a58000 	C:\WINDOWS\System32\PSAPI.DLL
0x00007ffb75cf0000 - 0x00007ffb75cf9000 	C:\WINDOWS\SYSTEM32\WSOCK32.dll
0x00007ffb96e40000 - 0x00007ffb96e74000 	C:\WINDOWS\SYSTEM32\WINMM.dll
0x00007ffba1f00000 - 0x00007ffba1f71000 	C:\WINDOWS\System32\WS2_32.dll
0x00007ffb93ff0000 - 0x00007ffb93ffa000 	C:\WINDOWS\SYSTEM32\VERSION.dll
0x00007ffb99ac0000 - 0x00007ffb99acf000 	C:\Program Files\Java\jdk1.8.0_201\jre\bin\verify.dll
0x00007ffb96fd0000 - 0x00007ffb96ff9000 	C:\Program Files\Java\jdk1.8.0_201\jre\bin\java.dll
0x00007ffb50cb0000 - 0x00007ffb50ce5000 	C:\Program Files\Java\jdk1.8.0_201\jre\bin\jdwp.dll
0x00007ffb87b10000 - 0x00007ffb87b18000 	C:\Program Files\Java\jdk1.8.0_201\jre\bin\npt.dll
0x00007ffb764a0000 - 0x00007ffb764c3000 	C:\Program Files\Java\jdk1.8.0_201\jre\bin\instrument.dll
0x00007ffb97d40000 - 0x00007ffb97d56000 	C:\Program Files\Java\jdk1.8.0_201\jre\bin\zip.dll
0x00007ffba3110000 - 0x00007ffba38ff000 	C:\WINDOWS\System32\SHELL32.dll
0x00007ffb9eee0000 - 0x00007ffb9f7a8000 	C:\WINDOWS\SYSTEM32\windows.storage.dll
0x00007ffba2c10000 - 0x00007ffba2f9a000 	C:\WINDOWS\System32\combase.dll
0x00007ffb9eda0000 - 0x00007ffb9eede000 	C:\WINDOWS\SYSTEM32\wintypes.dll
0x00007ffba1f80000 - 0x00007ffba2071000 	C:\WINDOWS\System32\SHCORE.dll
0x00007ffba2bb0000 - 0x00007ffba2c0e000 	C:\WINDOWS\System32\shlwapi.dll
0x00007ffba0de0000 - 0x00007ffba0e01000 	C:\WINDOWS\SYSTEM32\profapi.dll
0x00007ffb87060000 - 0x00007ffb87069000 	C:\Program Files\Java\jdk1.8.0_201\jre\bin\dt_socket.dll
0x00007ffba0460000 - 0x00007ffba04c9000 	C:\WINDOWS\system32\mswsock.dll
0x00007ffb96a70000 - 0x00007ffb96a8a000 	C:\Program Files\Java\jdk1.8.0_201\jre\bin\net.dll
0x00007ffb8a470000 - 0x00007ffb8a660000 	C:\WINDOWS\SYSTEM32\urlmon.dll
0x00007ffb8a1b0000 - 0x00007ffb8a461000 	C:\WINDOWS\SYSTEM32\iertutil.dll
0x00007ffb9f9c0000 - 0x00007ffb9f9cc000 	C:\WINDOWS\SYSTEM32\netutils.dll
0x00007ffb961c0000 - 0x00007ffb961e8000 	C:\WINDOWS\SYSTEM32\srvcli.dll
0x00007ffb9fae0000 - 0x00007ffb9fbd3000 	C:\WINDOWS\SYSTEM32\DNSAPI.dll
0x00007ffb9fab0000 - 0x00007ffb9fadd000 	C:\WINDOWS\SYSTEM32\IPHLPAPI.DLL
0x00007ffba23b0000 - 0x00007ffba23b9000 	C:\WINDOWS\System32\NSI.dll
0x00007ffb96910000 - 0x00007ffb9691a000 	C:\Windows\System32\rasadhlp.dll
0x00007ffb969e0000 - 0x00007ffb96a63000 	C:\WINDOWS\System32\fwpuclnt.dll
0x00007ffb85c50000 - 0x00007ffb85c5d000 	C:\Program Files\Java\jdk1.8.0_201\jre\bin\management.dll
0x00007ffb95d90000 - 0x00007ffb95da1000 	C:\Program Files\Java\jdk1.8.0_201\jre\bin\nio.dll
0x00007ffba06b0000 - 0x00007ffba06cb000 	C:\WINDOWS\SYSTEM32\CRYPTSP.dll
0x00007ffb9ff60000 - 0x00007ffb9ff95000 	C:\WINDOWS\system32\rsaenh.dll
0x00007ffba0550000 - 0x00007ffba0578000 	C:\WINDOWS\SYSTEM32\USERENV.dll
0x00007ffba0850000 - 0x00007ffba0878000 	C:\WINDOWS\SYSTEM32\bcrypt.dll
0x00007ffba1710000 - 0x00007ffba178b000 	C:\WINDOWS\System32\bcryptprimitives.dll
0x00007ffba06d0000 - 0x00007ffba06dc000 	C:\WINDOWS\SYSTEM32\CRYPTBASE.dll
0x00007ffb97f50000 - 0x00007ffb97f69000 	C:\WINDOWS\SYSTEM32\dhcpcsvc6.DLL
0x00007ffb97d60000 - 0x00007ffb97d7f000 	C:\WINDOWS\SYSTEM32\dhcpcsvc.DLL
0x00007ffb71b30000 - 0x00007ffb71b47000 	C:\WINDOWS\system32\napinsp.dll
0x00007ffb70760000 - 0x00007ffb7077b000 	C:\WINDOWS\system32\pnrpnsp.dll
0x00007ffb70740000 - 0x00007ffb70751000 	C:\WINDOWS\System32\winrnr.dll
0x00007ffb96e20000 - 0x00007ffb96e35000 	C:\WINDOWS\system32\wshbth.dll
0x00007ffb70710000 - 0x00007ffb70731000 	C:\WINDOWS\system32\nlansp_c.dll
0x00007ffb6dc00000 - 0x00007ffb6dc24000 	C:\Program Files\Java\jdk1.8.0_201\jre\bin\sunec.dll
0x00007ffb85bd0000 - 0x00007ffb85bdb000 	C:\Program Files\Java\jdk1.8.0_201\jre\bin\sunmscapi.dll
0x00007ffba15a0000 - 0x00007ffba1706000 	C:\WINDOWS\System32\CRYPT32.dll
0x00007ffb36c50000 - 0x00007ffb36ce0000 	C:\Program Files\Java\jdk1.8.0_201\jre\bin\deploy.dll
0x00007ffba1980000 - 0x00007ffba199f000 	C:\WINDOWS\System32\imagehlp.dll
0x00007ffba1ac0000 - 0x00007ffba1c5c000 	C:\WINDOWS\System32\ole32.dll
0x00007ffb81830000 - 0x00007ffb81d24000 	C:\WINDOWS\SYSTEM32\WININET.dll
0x00007ffba22d0000 - 0x00007ffba23a7000 	C:\WINDOWS\System32\OLEAUT32.dll
0x00007ffba0010000 - 0x00007ffba0044000 	C:\WINDOWS\SYSTEM32\ntmarta.dll
0x00007ffb24370000 - 0x00007ffb24509000 	C:\Program Files\Java\jdk1.8.0_201\jre\bin\awt.dll
0x00007ffb9b5b0000 - 0x00007ffb9b647000 	C:\WINDOWS\SYSTEM32\apphelp.dll
0x00007ffb9b6c0000 - 0x00007ffb9b76b000 	C:\WINDOWS\system32\uxtheme.dll
0x00007ffba2fa0000 - 0x00007ffba30be000 	C:\WINDOWS\System32\MSCTF.dll
0x00007ffb9fff0000 - 0x00007ffba0008000 	C:\WINDOWS\SYSTEM32\kernel.appcore.dll
0x00007ffb9b950000 - 0x00007ffb9b97b000 	C:\WINDOWS\system32\DWMAPI.DLL
0x00007ffb507c0000 - 0x00007ffb50807000 	C:\Program Files\Java\jdk1.8.0_201\jre\bin\fontmanager.dll
0x00007ffb80ed0000 - 0x00007ffb80f83000 	C:\WINDOWS\WinSxS\amd64_microsoft.windows.common-controls_6595b64144ccf1df_5.82.22621.608_none_fb280a3c7926c2cc\comctl32.dll
0x00007ffb9e900000 - 0x00007ffb9eb2e000 	C:\WINDOWS\SYSTEM32\dbghelp.dll

VM Arguments:
jvm_args: -agentlib:jdwp=transport=dt_socket,address=127.0.0.1:9051,suspend=y,server=n -DXX=+CreateMinidumpOnCrash -XX:TieredStopAtLevel=1 -Xverify:none -Dspring.output.ansi.enabled=always -javaagent:C:\Users\xiaolu\AppData\Local\JetBrains\IntelliJIdea2021.2\captureAgent\debugger-agent.jar=file:/C:/Users/xiaolu/AppData/Local/Temp/capture.props -Dcom.sun.management.jmxremote -Dspring.jmx.enabled=true -Dspring.liveBeansView.mbeanDomain -Dspring.application.admin.enabled=true -Dfile.encoding=UTF-8 
java_command: com.sky.SkyApplication
java_class_path (initial): C:\Program Files\Java\jdk1.8.0_201\jre\lib\charsets.jar;C:\Program Files\Java\jdk1.8.0_201\jre\lib\deploy.jar;C:\Program Files\Java\jdk1.8.0_201\jre\lib\ext\access-bridge-64.jar;C:\Program Files\Java\jdk1.8.0_201\jre\lib\ext\cldrdata.jar;C:\Program Files\Java\jdk1.8.0_201\jre\lib\ext\dnsns.jar;C:\Program Files\Java\jdk1.8.0_201\jre\lib\ext\jaccess.jar;C:\Program Files\Java\jdk1.8.0_201\jre\lib\ext\jfxrt.jar;C:\Program Files\Java\jdk1.8.0_201\jre\lib\ext\localedata.jar;C:\Program Files\Java\jdk1.8.0_201\jre\lib\ext\nashorn.jar;C:\Program Files\Java\jdk1.8.0_201\jre\lib\ext\sunec.jar;C:\Program Files\Java\jdk1.8.0_201\jre\lib\ext\sunjce_provider.jar;C:\Program Files\Java\jdk1.8.0_201\jre\lib\ext\sunmscapi.jar;C:\Program Files\Java\jdk1.8.0_201\jre\lib\ext\sunpkcs11.jar;C:\Program Files\Java\jdk1.8.0_201\jre\lib\ext\zipfs.jar;C:\Program Files\Java\jdk1.8.0_201\jre\lib\javaws.jar;C:\Program Files\Java\jdk1.8.0_201\jre\lib\jce.jar;C:\Program Files\Java\jdk1.8.0_201\jre\lib\jfr.jar;C:\Program Files\Java\jdk1.8.0_201\jre\lib\jfxswt.jar;C:\Program Files\Java\jdk1.8.0_201\jre\lib\jsse.jar;C:\Program Files\Java\jdk1.8.0_201\jre\lib\management-agent.jar;C:\Program Files\Java\jdk1.8.0_201\jre\lib\plugin.jar;C:\Program Files\Java\jdk1.8.0_201\jre\lib\resources.jar;C:\Program Files\Java\jdk1.8.0_201\jre\lib\rt.jar;F:\sky-take-out\sky-service\target\classes;F:\sky-take-out\sky-common\target\classes;F:\Maven\sky-take-out\.m2\repository\commons-lang\commons-lang\2.6\commons-lang-2.6.jar;F:\Maven\sky-take-out\.m2\repository\org\springframework\boot\spring-boot-starter-json\2.7.7\spring-boot-starter-json-2.7.7.jar;F:\Maven\sky-take-out\.m2\repository\com\fasterxml\jackson\datatype\jackson-datatype-jdk8\2.13.4\jackson-datatype-jdk8-2.13.4.jar;F:\Maven\sky-take-out\.m2\repository\com\fasterxml\jackson\datatype\jackson-datatype-jsr310\2.13.4\jackson-datatype-jsr310-2.13.4.jar;F:\Maven\sky-take-out\.m2\repository\com\fasterxml\jackson\module\jackson-module-par
Launcher Type: SUN_STANDARD

Environment Variables:
JAVA_HOME=C:\Program Files\Java\jdk1.8.0_201
PATH=F:\VMware\bin\;F:\python\Scripts\;F:\python\;D:\oracle\product\10.2.0\client_3\bin;D:\oracle\product\10.2.0\client_2\bin;C:\ProgramData\Oracle\Java\javapath;C:\Windows\system32;C:\Windows;C:\Windows\System32\Wbem;C:\Windows\System32\WindowsPowerShell\v1.0\;C:\Windows\System32\OpenSSH\;D:\java\bin;D:\Program Files\TortoiseGit\bin;C:\Program Files\TortoiseSVN\bin;C:\Program Files\dotnet\;C:\Program Files\nodejs\;C:\ProgramData\chocolatey\bin;D:\Git\cmd;C:\Program Files\Java\jdk1.8.0_201\bin;C:\WINDOWS\system32;C:\WINDOWS;C:\WINDOWS\System32\Wbem;C:\WINDOWS\System32\WindowsPowerShell\v1.0\;C:\WINDOWS\System32\OpenSSH\;F:\bs\tools\apache-maven-3.8.7\bin;C:\Program Files\Microsoft SQL Server\130\Tools\Binn\;C:\Program Files\Microsoft SQL Server\Client SDK\ODBC\170\Tools\Binn\;C:\Program Files (x86)\Microsoft SQL Server\160\Tools\Binn\;C:\Program Files\Microsoft SQL Server\160\Tools\Binn\;C:\Program Files\Microsoft SQL Server\160\DTS\Binn\;C:\Program Files\Azure Data Studio\bin;G:\Process Lasso\;C:\Users\xiaolu\AppData\Local\Microsoft\WindowsApps;D:\Bandizip\;E:\Tencent\QQGameTempest\Hall.57734\;F:\pycharm\PyCharm 2023.1.3\bin;;D:\Microsoft VS Code\bin;C:\Users\xiaolu\AppData\Roaming\npm;;C:\Program Files\Azure Data Studio\bin;C:\Users\xiaolu\.dotnet\tools
USERNAME=xiaolu
OS=Windows_NT
PROCESSOR_IDENTIFIER=Intel64 Family 6 Model 141 Stepping 1, GenuineIntel



---------------  S Y S T E M  ---------------

OS: Windows 10.0 , 64 bit Build 22621 (10.0.22621.1194)

CPU:total 6 (initial active 6) (6 cores per cpu, 2 threads per core) family 6 model 141 stepping 1, cmov, cx8, fxsr, mmx, sse, sse2, sse3, ssse3, sse4.1, sse4.2, popcnt, avx, avx2, aes, clmul, erms, 3dnowpref, lzcnt, ht, tsc, tscinvbit, bmi1, bmi2, adx

Memory: 4k page, physical 16493648k(2896112k free), swap 27503696k(4993828k free)

vm_info: Java HotSpot(TM) 64-Bit Server VM (25.201-b09) for windows-amd64 JRE (1.8.0_201-b09), built on Dec 15 2018 18:36:39 by "java_re" with MS VC++ 10.0 (VS2010)

time: Mon Jul 17 10:54:47 2023
timezone: 
elapsed time: 3 seconds (0d 0h 0m 3s)

