#
# A fatal error has been detected by the Java Runtime Environment:
#
#  EXCEPTION_ACCESS_VIOLATION (0xc0000005) at pc=0x000000005ec8a79b, pid=10812, tid=0x0000000000007004
#
# JRE version: Java(TM) SE Runtime Environment (8.0_201-b09) (build 1.8.0_201-b09)
# Java VM: Java HotSpot(TM) 64-Bit Server VM (25.201-b09 mixed mode windows-amd64 compressed oops)
# Problematic frame:
# V  [jvm.dll+0x14a79b]
#
# Failed to write core dump. Minidumps are not enabled by default on client versions of Windows
#
# If you would like to submit a bug report, please visit:
#   http://bugreport.java.com/bugreport/crash.jsp
#

---------------  T H R E A D  ---------------

Current thread (0x00000000037f7800):  JavaThread "main" [_thread_in_vm, id=28676, stack(0x00000000036d0000,0x00000000037d0000)]

siginfo: ExceptionCode=0xc0000005, reading address 0x0000000000000000

Registers:
RAX=0x00000000207b8f28, RBX=0x00000007c05ace28, RCX=0x0000000000000002, RDX=0x00000000207b8f20
RSP=0x00000000037ca1f0, RBP=0x0000000000000006, RSI=0x00000000037f79f8, RDI=0x00000000037f7800
R8 =0x0000000000000004, R9 =0x0000000000000000, R10=0x0000000000000161, R11=0x00000000037eeeb8
R12=0x0000000000000000, R13=0x00000000037ca2f8, R14=0x00000000037ca468, R15=0x00000000037f7800
RIP=0x000000005ec8a79b, EFLAGS=0x0000000000010202

Top of Stack: (sp=0x00000000037ca1f0)
0x00000000037ca1f0:   00000000037f79f8 00000007c05ace28
0x00000000037ca200:   0000000000000006 00000000037f7800
0x00000000037ca210:   0000000000000001 00000007c05ace28
0x00000000037ca220:   00000000037f6a70 000000005ed58535
0x00000000037ca230:   00000000037f6a70 00007ffb3ed5fff0
0x00000000037ca240:   00000000037f7800 0000000000000000
0x00000000037ca250:   000000001fa26368 000000005ed57aac
0x00000000037ca260:   00000000207b8f20 00000000037f6a70
0x00000000037ca270:   00000000207b8f20 0000000000000001
0x00000000037ca280:   00000000037f7800 000000005ec7ed72
0x00000000037ca290:   0000000024a118b8 0000000000000005
0x00000000037ca2a0:   00000000207b8f20 00007ffb3ecc9e04
0x00000000037ca2b0:   0000000000000006 00000000037f79f8
0x00000000037ca2c0:   0000000000000005 0000000024a118b8
0x00000000037ca2d0:   00000000207b8f20 00007ffb3ecccb44
0x00000000037ca2e0:   00000000037f79f8 0000000000000006 

Instructions: (pc=0x000000005ec8a79b)
0x000000005ec8a77b:   cf e8 6f 05 0e 00 33 c0 e9 dd 01 00 00 48 8b d0
0x000000005ec8a78b:   48 8b ce 48 89 ac 24 c0 00 00 00 e8 75 d2 0c 00
0x000000005ec8a79b:   49 8b 0c 24 c7 44 24 40 0e 00 00 00 48 8b 51 08
0x000000005ec8a7ab:   48 8b e8 0f b7 4a 24 48 8b 52 08 48 8b 54 ca 50 


Register to memory mapping:

RAX=0x00000000207b8f28 is an unknown value
RBX=0x00000007c05ace28 is pointing into metadata
RCX=0x0000000000000002 is an unknown value
RDX=0x00000000207b8f20 is an unknown value
RSP=0x00000000037ca1f0 is pointing into the stack for thread: 0x00000000037f7800
RBP=0x0000000000000006 is an unknown value
RSI=0x00000000037f79f8 is an unknown value
RDI=0x00000000037f7800 is a thread
R8 =0x0000000000000004 is an unknown value
R9 =0x0000000000000000 is an unknown value
R10=0x0000000000000161 is an unknown value
R11=0x00000000037eeeb8 is an unknown value
R12=0x0000000000000000 is an unknown value
R13=0x00000000037ca2f8 is pointing into the stack for thread: 0x00000000037f7800
R14=0x00000000037ca468 is pointing into the stack for thread: 0x00000000037f7800
R15=0x00000000037f7800 is a thread


Stack: [0x00000000036d0000,0x00000000037d0000],  sp=0x00000000037ca1f0,  free space=1000k
Native frames: (J=compiled Java code, j=interpreted, Vv=VM code, C=native code)
V  [jvm.dll+0x14a79b]
C  [awt.dll+0x69e04]
C  [awt.dll+0x6cb44]
C  [awt.dll+0x6cc02]
C  0x0000000003a11df0

Java frames: (J=compiled Java code, j=interpreted, Vv=VM code)
j  sun.awt.windows.ThemeReader.getThemeMargins(JIII)Ljava/awt/Insets;+0
j  sun.awt.windows.ThemeReader.getThemeMargins(Ljava/lang/String;III)Ljava/awt/Insets;+18
j  com.sun.java.swing.plaf.windows.XPStyle.getMargin(Ljava/awt/Component;Lcom/sun/java/swing/plaf/windows/TMSchema$Part;Lcom/sun/java/swing/plaf/windows/TMSchema$State;Lcom/sun/java/swing/plaf/windows/TMSchema$Prop;)Ljava/awt/Insets;+19
j  com.sun.java.swing.plaf.windows.XPStyle.getBorder(Ljava/awt/Component;Lcom/sun/java/swing/plaf/windows/TMSchema$Part;)Ljavax/swing/border/Border;+169
j  com.sun.java.swing.plaf.windows.WindowsLookAndFeel$XPBorderValue.getXPValue(Ljavax/swing/UIDefaults;)Ljava/lang/Object;+17
j  com.sun.java.swing.plaf.windows.WindowsLookAndFeel$XPValue.createValue(Ljavax/swing/UIDefaults;)Ljava/lang/Object;+10
J 3713 C1 javax.swing.UIDefaults.getFromHashtable(Ljava/lang/Object;)Ljava/lang/Object; (239 bytes) @ 0x00000000041b159c [0x00000000041b0e60+0x73c]
j  javax.swing.UIDefaults.get(Ljava/lang/Object;)Ljava/lang/Object;+2
j  javax.swing.MultiUIDefaults.get(Ljava/lang/Object;)Ljava/lang/Object;+45
j  javax.swing.UIDefaults.getBorder(Ljava/lang/Object;)Ljavax/swing/border/Border;+2
j  javax.swing.UIManager.getBorder(Ljava/lang/Object;)Ljavax/swing/border/Border;+4
j  javax.swing.LookAndFeel.installBorder(Ljavax/swing/JComponent;Ljava/lang/String;)V+18
j  javax.swing.plaf.basic.BasicButtonUI.installDefaults(Ljavax/swing/AbstractButton;)V+183
j  com.sun.java.swing.plaf.windows.WindowsButtonUI.installDefaults(Ljavax/swing/AbstractButton;)V+2
j  javax.swing.plaf.basic.BasicButtonUI.installUI(Ljavax/swing/JComponent;)V+5
j  javax.swing.JComponent.setUI(Ljavax/swing/plaf/ComponentUI;)V+39
j  javax.swing.AbstractButton.setUI(Ljavax/swing/plaf/ButtonUI;)V+2
j  javax.swing.JButton.updateUI()V+8
j  javax.swing.AbstractButton.init(Ljava/lang/String;Ljavax/swing/Icon;)V+19
j  javax.swing.JButton.<init>(Ljava/lang/String;Ljavax/swing/Icon;)V+18
j  javax.swing.JButton.<init>(Ljava/lang/String;)V+3
j  com.sun.deploy.panel.TreeRenderers$1.<init>()V+92
j  com.sun.deploy.panel.TreeRenderers.<clinit>()V+4
v  ~StubRoutines::call_stub
J 775  java.lang.Class.forName0(Ljava/lang/String;ZLjava/lang/ClassLoader;Ljava/lang/Class;)Ljava/lang/Class; (0 bytes) @ 0x0000000003c44447 [0x0000000003c443c0+0x87]
J 852 C1 java.lang.Class.forName(Ljava/lang/String;ZLjava/lang/ClassLoader;)Ljava/lang/Class; (53 bytes) @ 0x0000000003c63e0c [0x0000000003c63cc0+0x14c]
J 3559 C1 org.apache.ibatis.io.ClassLoaderWrapper.classForName(Ljava/lang/String;[Ljava/lang/ClassLoader;)Ljava/lang/Class; (71 bytes) @ 0x000000000415788c [0x0000000004157800+0x8c]
J 3545 C1 org.apache.ibatis.io.Resources.classForName(Ljava/lang/String;)Ljava/lang/Class; (8 bytes) @ 0x000000000414d0dc [0x000000000414d080+0x5c]
j  org.mybatis.spring.SqlSessionFactoryBean.scanClasses(Ljava/lang/String;Ljava/lang/Class;)Ljava/util/Set;+133
j  org.mybatis.spring.SqlSessionFactoryBean.buildSqlSessionFactory()Lorg/apache/ibatis/session/SqlSessionFactory;+212
j  org.mybatis.spring.SqlSessionFactoryBean.afterPropertiesSet()V+58
j  org.mybatis.spring.SqlSessionFactoryBean.getObject()Lorg/apache/ibatis/session/SqlSessionFactory;+8
j  org.mybatis.spring.boot.autoconfigure.MybatisAutoConfiguration.sqlSessionFactory(Ljavax/sql/DataSource;)Lorg/apache/ibatis/session/SqlSessionFactory;+340
j  org.mybatis.spring.boot.autoconfigure.MybatisAutoConfiguration$$EnhancerBySpringCGLIB$$415450ea.CGLIB$sqlSessionFactory$1(Ljavax/sql/DataSource;)Lorg/apache/ibatis/session/SqlSessionFactory;+2
j  org.mybatis.spring.boot.autoconfigure.MybatisAutoConfiguration$$EnhancerBySpringCGLIB$$415450ea$$FastClassBySpringCGLIB$$66202281.invoke(ILjava/lang/Object;[Ljava/lang/Object;)Ljava/lang/Object;+163
j  org.springframework.cglib.proxy.MethodProxy.invokeSuper(Ljava/lang/Object;[Ljava/lang/Object;)Ljava/lang/Object;+19
j  org.springframework.context.annotation.ConfigurationClassEnhancer$BeanMethodInterceptor.intercept(Ljava/lang/Object;Ljava/lang/reflect/Method;[Ljava/lang/Object;Lorg/springframework/cglib/proxy/MethodProxy;)Ljava/lang/Object;+207
j  org.mybatis.spring.boot.autoconfigure.MybatisAutoConfiguration$$EnhancerBySpringCGLIB$$415450ea.sqlSessionFactory(Ljavax/sql/DataSource;)Lorg/apache/ibatis/session/SqlSessionFactory;+36
v  ~StubRoutines::call_stub
j  sun.reflect.NativeMethodAccessorImpl.invoke0(Ljava/lang/reflect/Method;Ljava/lang/Object;[Ljava/lang/Object;)Ljava/lang/Object;+0
j  sun.reflect.NativeMethodAccessorImpl.invoke(Ljava/lang/Object;[Ljava/lang/Object;)Ljava/lang/Object;+100
j  sun.reflect.DelegatingMethodAccessorImpl.invoke(Ljava/lang/Object;[Ljava/lang/Object;)Ljava/lang/Object;+6
j  java.lang.reflect.Method.invoke(Ljava/lang/Object;[Ljava/lang/Object;)Ljava/lang/Object;+56
j  org.springframework.beans.factory.support.SimpleInstantiationStrategy.instantiate(Lorg/springframework/beans/factory/support/RootBeanDefinition;Ljava/lang/String;Lorg/springframework/beans/factory/BeanFactory;Ljava/lang/Object;Ljava/lang/reflect/Method;[Ljava/lang/Object;)Ljava/lang/Object;+50
j  org.springframework.beans.factory.support.ConstructorResolver.instantiate(Ljava/lang/String;Lorg/springframework/beans/factory/support/RootBeanDefinition;Ljava/lang/Object;Ljava/lang/reflect/Method;[Ljava/lang/Object;)Ljava/lang/Object;+48
j  org.springframework.beans.factory.support.ConstructorResolver.instantiateUsingFactoryMethod(Ljava/lang/String;Lorg/springframework/beans/factory/support/RootBeanDefinition;[Ljava/lang/Object;)Lorg/springframework/beans/BeanWrapper;+1565
j  org.springframework.beans.factory.support.AbstractAutowireCapableBeanFactory.instantiateUsingFactoryMethod(Ljava/lang/String;Lorg/springframework/beans/factory/support/RootBeanDefinition;[Ljava/lang/Object;)Lorg/springframework/beans/BeanWrapper;+11
j  org.springframework.beans.factory.support.AbstractAutowireCapableBeanFactory.createBeanInstance(Ljava/lang/String;Lorg/springframework/beans/factory/support/RootBeanDefinition;[Ljava/lang/Object;)Lorg/springframework/beans/BeanWrapper;+102
j  org.springframework.beans.factory.support.AbstractAutowireCapableBeanFactory.doCreateBean(Ljava/lang/String;Lorg/springframework/beans/factory/support/RootBeanDefinition;[Ljava/lang/Object;)Ljava/lang/Object;+34
j  org.springframework.beans.factory.support.AbstractAutowireCapableBeanFactory.createBean(Ljava/lang/String;Lorg/springframework/beans/factory/support/RootBeanDefinition;[Ljava/lang/Object;)Ljava/lang/Object;+169
j  org.springframework.beans.factory.support.AbstractBeanFactory.lambda$doGetBean$0(Ljava/lang/String;Lorg/springframework/beans/factory/support/RootBeanDefinition;[Ljava/lang/Object;)Ljava/lang/Object;+4
j  org.springframework.beans.factory.support.AbstractBeanFactory$$Lambda$262.getObject()Ljava/lang/Object;+16
j  org.springframework.beans.factory.support.DefaultSingletonBeanRegistry.getSingleton(Ljava/lang/String;Lorg/springframework/beans/factory/ObjectFactory;)Ljava/lang/Object;+132
J 2667 C1 org.springframework.beans.factory.support.AbstractBeanFactory.doGetBean(Ljava/lang/String;Ljava/lang/Class;[Ljava/lang/Object;Z)Ljava/lang/Object; (832 bytes) @ 0x0000000003f60094 [0x0000000003f5faa0+0x5f4]
j  org.springframework.beans.factory.support.AbstractBeanFactory.getBean(Ljava/lang/String;)Ljava/lang/Object;+5
j  org.springframework.beans.factory.config.DependencyDescriptor.resolveCandidate(Ljava/lang/String;Ljava/lang/Class;Lorg/springframework/beans/factory/BeanFactory;)Ljava/lang/Object;+2
j  org.springframework.beans.factory.support.DefaultListableBeanFactory.doResolveDependency(Lorg/springframework/beans/factory/config/DependencyDescriptor;Ljava/lang/String;Ljava/util/Set;Lorg/springframework/beans/TypeConverter;)Ljava/lang/Object;+440
j  org.springframework.beans.factory.support.DefaultListableBeanFactory.resolveDependency(Lorg/springframework/beans/factory/config/DependencyDescriptor;Ljava/lang/String;Ljava/util/Set;Lorg/springframework/beans/TypeConverter;)Ljava/lang/Object;+108
j  org.springframework.beans.factory.support.AbstractAutowireCapableBeanFactory.autowireByType(Ljava/lang/String;Lorg/springframework/beans/factory/support/AbstractBeanDefinition;Lorg/springframework/beans/BeanWrapper;Lorg/springframework/beans/MutablePropertyValues;)V+125
j  org.springframework.beans.factory.support.AbstractAutowireCapableBeanFactory.populateBean(Ljava/lang/String;Lorg/springframework/beans/factory/support/RootBeanDefinition;Lorg/springframework/beans/BeanWrapper;)V+172
j  org.springframework.beans.factory.support.AbstractAutowireCapableBeanFactory.doCreateBean(Ljava/lang/String;Lorg/springframework/beans/factory/support/RootBeanDefinition;[Ljava/lang/Object;)Ljava/lang/Object;+237
j  org.springframework.beans.factory.support.AbstractAutowireCapableBeanFactory.createBean(Ljava/lang/String;Lorg/springframework/beans/factory/support/RootBeanDefinition;[Ljava/lang/Object;)Ljava/lang/Object;+169
j  org.springframework.beans.factory.support.AbstractBeanFactory.lambda$doGetBean$0(Ljava/lang/String;Lorg/springframework/beans/factory/support/RootBeanDefinition;[Ljava/lang/Object;)Ljava/lang/Object;+4
j  org.springframework.beans.factory.support.AbstractBeanFactory$$Lambda$262.getObject()Ljava/lang/Object;+16
j  org.springframework.beans.factory.support.DefaultSingletonBeanRegistry.getSingleton(Ljava/lang/String;Lorg/springframework/beans/factory/ObjectFactory;)Ljava/lang/Object;+132
J 2667 C1 org.springframework.beans.factory.support.AbstractBeanFactory.doGetBean(Ljava/lang/String;Ljava/lang/Class;[Ljava/lang/Object;Z)Ljava/lang/Object; (832 bytes) @ 0x0000000003f60094 [0x0000000003f5faa0+0x5f4]
j  org.springframework.beans.factory.support.AbstractBeanFactory.getBean(Ljava/lang/String;)Ljava/lang/Object;+5
j  org.springframework.beans.factory.config.DependencyDescriptor.resolveCandidate(Ljava/lang/String;Ljava/lang/Class;Lorg/springframework/beans/factory/BeanFactory;)Ljava/lang/Object;+2
j  org.springframework.beans.factory.support.DefaultListableBeanFactory.doResolveDependency(Lorg/springframework/beans/factory/config/DependencyDescriptor;Ljava/lang/String;Ljava/util/Set;Lorg/springframework/beans/TypeConverter;)Ljava/lang/Object;+440
j  org.springframework.beans.factory.support.DefaultListableBeanFactory.resolveDependency(Lorg/springframework/beans/factory/config/DependencyDescriptor;Ljava/lang/String;Ljava/util/Set;Lorg/springframework/beans/TypeConverter;)Ljava/lang/Object;+108
j  org.springframework.beans.factory.annotation.AutowiredAnnotationBeanPostProcessor$AutowiredFieldElement.resolveFieldValue(Ljava/lang/reflect/Field;Ljava/lang/Object;Ljava/lang/String;)Ljava/lang/Object;+81
j  org.springframework.beans.factory.annotation.AutowiredAnnotationBeanPostProcessor$AutowiredFieldElement.inject(Ljava/lang/Object;Ljava/lang/String;Lorg/springframework/beans/PropertyValues;)V+53
j  org.springframework.beans.factory.annotation.InjectionMetadata.inject(Ljava/lang/Object;Ljava/lang/String;Lorg/springframework/beans/PropertyValues;)V+68
j  org.springframework.beans.factory.annotation.AutowiredAnnotationBeanPostProcessor.postProcessProperties(Lorg/springframework/beans/PropertyValues;Ljava/lang/Object;Ljava/lang/String;)Lorg/springframework/beans/PropertyValues;+17
j  org.springframework.beans.factory.support.AbstractAutowireCapableBeanFactory.populateBean(Ljava/lang/String;Lorg/springframework/beans/factory/support/RootBeanDefinition;Lorg/springframework/beans/BeanWrapper;)V+265
j  org.springframework.beans.factory.support.AbstractAutowireCapableBeanFactory.doCreateBean(Ljava/lang/String;Lorg/springframework/beans/factory/support/RootBeanDefinition;[Ljava/lang/Object;)Ljava/lang/Object;+237
j  org.springframework.beans.factory.support.AbstractAutowireCapableBeanFactory.createBean(Ljava/lang/String;Lorg/springframework/beans/factory/support/RootBeanDefinition;[Ljava/lang/Object;)Ljava/lang/Object;+169
j  org.springframework.beans.factory.support.AbstractBeanFactory.lambda$doGetBean$0(Ljava/lang/String;Lorg/springframework/beans/factory/support/RootBeanDefinition;[Ljava/lang/Object;)Ljava/lang/Object;+4
j  org.springframework.beans.factory.support.AbstractBeanFactory$$Lambda$262.getObject()Ljava/lang/Object;+16
j  org.springframework.beans.factory.support.DefaultSingletonBeanRegistry.getSingleton(Ljava/lang/String;Lorg/springframework/beans/factory/ObjectFactory;)Ljava/lang/Object;+132
J 2667 C1 org.springframework.beans.factory.support.AbstractBeanFactory.doGetBean(Ljava/lang/String;Ljava/lang/Class;[Ljava/lang/Object;Z)Ljava/lang/Object; (832 bytes) @ 0x0000000003f60094 [0x0000000003f5faa0+0x5f4]
j  org.springframework.beans.factory.support.AbstractBeanFactory.getBean(Ljava/lang/String;)Ljava/lang/Object;+5
j  org.springframework.beans.factory.config.DependencyDescriptor.resolveCandidate(Ljava/lang/String;Ljava/lang/Class;Lorg/springframework/beans/factory/BeanFactory;)Ljava/lang/Object;+2
j  org.springframework.beans.factory.support.DefaultListableBeanFactory.doResolveDependency(Lorg/springframework/beans/factory/config/DependencyDescriptor;Ljava/lang/String;Ljava/util/Set;Lorg/springframework/beans/TypeConverter;)Ljava/lang/Object;+440
j  org.springframework.beans.factory.support.DefaultListableBeanFactory.resolveDependency(Lorg/springframework/beans/factory/config/DependencyDescriptor;Ljava/lang/String;Ljava/util/Set;Lorg/springframework/beans/TypeConverter;)Ljava/lang/Object;+108
j  org.springframework.beans.factory.annotation.AutowiredAnnotationBeanPostProcessor$AutowiredFieldElement.resolveFieldValue(Ljava/lang/reflect/Field;Ljava/lang/Object;Ljava/lang/String;)Ljava/lang/Object;+81
j  org.springframework.beans.factory.annotation.AutowiredAnnotationBeanPostProcessor$AutowiredFieldElement.inject(Ljava/lang/Object;Ljava/lang/String;Lorg/springframework/beans/PropertyValues;)V+53
j  org.springframework.beans.factory.annotation.InjectionMetadata.inject(Ljava/lang/Object;Ljava/lang/String;Lorg/springframework/beans/PropertyValues;)V+68
j  org.springframework.beans.factory.annotation.AutowiredAnnotationBeanPostProcessor.postProcessProperties(Lorg/springframework/beans/PropertyValues;Ljava/lang/Object;Ljava/lang/String;)Lorg/springframework/beans/PropertyValues;+17
j  org.springframework.beans.factory.support.AbstractAutowireCapableBeanFactory.populateBean(Ljava/lang/String;Lorg/springframework/beans/factory/support/RootBeanDefinition;Lorg/springframework/beans/BeanWrapper;)V+265
j  org.springframework.beans.factory.support.AbstractAutowireCapableBeanFactory.doCreateBean(Ljava/lang/String;Lorg/springframework/beans/factory/support/RootBeanDefinition;[Ljava/lang/Object;)Ljava/lang/Object;+237
j  org.springframework.beans.factory.support.AbstractAutowireCapableBeanFactory.createBean(Ljava/lang/String;Lorg/springframework/beans/factory/support/RootBeanDefinition;[Ljava/lang/Object;)Ljava/lang/Object;+169
j  org.springframework.beans.factory.support.AbstractBeanFactory.lambda$doGetBean$0(Ljava/lang/String;Lorg/springframework/beans/factory/support/RootBeanDefinition;[Ljava/lang/Object;)Ljava/lang/Object;+4
j  org.springframework.beans.factory.support.AbstractBeanFactory$$Lambda$262.getObject()Ljava/lang/Object;+16
j  org.springframework.beans.factory.support.DefaultSingletonBeanRegistry.getSingleton(Ljava/lang/String;Lorg/springframework/beans/factory/ObjectFactory;)Ljava/lang/Object;+132
J 2667 C1 org.springframework.beans.factory.support.AbstractBeanFactory.doGetBean(Ljava/lang/String;Ljava/lang/Class;[Ljava/lang/Object;Z)Ljava/lang/Object; (832 bytes) @ 0x0000000003f60094 [0x0000000003f5faa0+0x5f4]
j  org.springframework.beans.factory.support.AbstractBeanFactory.getBean(Ljava/lang/String;)Ljava/lang/Object;+5
j  org.springframework.beans.factory.support.DefaultListableBeanFactory.preInstantiateSingletons()V+248
j  org.springframework.context.support.AbstractApplicationContext.finishBeanFactoryInitialization(Lorg/springframework/beans/factory/config/ConfigurableListableBeanFactory;)V+124
j  org.springframework.context.support.AbstractApplicationContext.refresh()V+86
j  org.springframework.boot.web.servlet.context.ServletWebServerApplicationContext.refresh()V+1
j  org.springframework.boot.SpringApplication.refresh(Lorg/springframework/context/ConfigurableApplicationContext;)V+1
j  org.springframework.boot.SpringApplication.refreshContext(Lorg/springframework/context/ConfigurableApplicationContext;)V+16
j  org.springframework.boot.SpringApplication.run([Ljava/lang/String;)Lorg/springframework/context/ConfigurableApplicationContext;+107
j  org.springframework.boot.SpringApplication.run([Ljava/lang/Class;[Ljava/lang/String;)Lorg/springframework/context/ConfigurableApplicationContext;+9
j  org.springframework.boot.SpringApplication.run(Ljava/lang/Class;[Ljava/lang/String;)Lorg/springframework/context/ConfigurableApplicationContext;+9
j  com.sky.SkyApplication.main([Ljava/lang/String;)V+3
v  ~StubRoutines::call_stub

---------------  P R O C E S S  ---------------

Java Threads: ( => current thread )
  0x0000000022b8a800 JavaThread "Image Fetcher 0" daemon [_thread_blocked, id=29548, stack(0x0000000025a00000,0x0000000025b00000)]
  0x0000000022b8a000 JavaThread "AWT-Windows" daemon [_thread_in_native, id=28020, stack(0x0000000024ca0000,0x0000000024da0000)]
  0x0000000022b8f000 JavaThread "AWT-Shutdown" [_thread_blocked, id=10296, stack(0x0000000024ba0000,0x0000000024ca0000)]
  0x000000001f799000 JavaThread "Java2D Disposer" daemon [_thread_blocked, id=17576, stack(0x0000000024aa0000,0x0000000024ba0000)]
  0x000000001f798000 JavaThread "CacheCleanUpThread" daemon [_thread_blocked, id=22396, stack(0x00000000247a0000,0x00000000248a0000)]
  0x000000001f797800 JavaThread "traceMsgQueueThread" daemon [_thread_blocked, id=28912, stack(0x00000000246a0000,0x00000000247a0000)]
  0x000000001f796800 JavaThread "CacheMemoryCleanUpThread" daemon [_thread_blocked, id=28588, stack(0x00000000245a0000,0x00000000246a0000)]
  0x000000001f796000 JavaThread "MemoryCache-DelayedCleanup" daemon [_thread_blocked, id=13812, stack(0x00000000244a0000,0x00000000245a0000)]
  0x0000000022a70800 JavaThread "Druid-ConnectionPool-Destroy-2043383802" daemon [_thread_blocked, id=8360, stack(0x00000000241a0000,0x00000000242a0000)]
  0x000000001f79d000 JavaThread "Druid-ConnectionPool-Create-2043383802" daemon [_thread_blocked, id=29112, stack(0x00000000240a0000,0x00000000241a0000)]
  0x000000001f79c000 JavaThread "mysql-cj-abandoned-connection-cleanup" daemon [_thread_blocked, id=24320, stack(0x0000000023ea0000,0x0000000023fa0000)]
  0x0000000022927000 JavaThread "container-0" [_thread_blocked, id=28100, stack(0x0000000023da0000,0x0000000023ea0000)]
  0x0000000022926000 JavaThread "Catalina-utility-2" [_thread_blocked, id=28596, stack(0x0000000023ca0000,0x0000000023da0000)]
  0x00000000229c3800 JavaThread "Catalina-utility-1" [_thread_blocked, id=22328, stack(0x00000000217d0000,0x00000000218d0000)]
  0x000000002077e800 JavaThread "RMI Scheduler(0)" daemon [_thread_blocked, id=27872, stack(0x0000000021dd0000,0x0000000021ed0000)]
  0x000000002063b000 JavaThread "RMI TCP Connection(1)-192.168.0.190" daemon [_thread_in_native, id=22196, stack(0x0000000021ad0000,0x0000000021bd0000)]
  0x000000001fb43000 JavaThread "RMI TCP Accept-0" daemon [_thread_in_native, id=26616, stack(0x000000001ff50000,0x0000000020050000)]
  0x000000001f812800 JavaThread "Service Thread" daemon [_thread_blocked, id=10936, stack(0x000000001fe50000,0x000000001ff50000)]
  0x000000001f80a000 JavaThread "C1 CompilerThread2" daemon [_thread_blocked, id=19544, stack(0x000000001fd50000,0x000000001fe50000)]
  0x000000001f807000 JavaThread "C2 CompilerThread1" daemon [_thread_blocked, id=29676, stack(0x000000001fc50000,0x000000001fd50000)]
  0x000000001f7fd800 JavaThread "C2 CompilerThread0" daemon [_thread_blocked, id=4352, stack(0x000000001fb50000,0x000000001fc50000)]
  0x000000001eacd800 JavaThread "JDWP Command Reader" daemon [_thread_in_native, id=13432, stack(0x000000001f250000,0x000000001f350000)]
  0x000000001eacb800 JavaThread "JDWP Event Helper Thread" daemon [_thread_blocked, id=21536, stack(0x000000001f150000,0x000000001f250000)]
  0x000000001d08d800 JavaThread "JDWP Transport Listener: dt_socket" daemon [_thread_blocked, id=26516, stack(0x000000001f050000,0x000000001f150000)]
  0x000000001d089000 JavaThread "Attach Listener" daemon [_thread_blocked, id=28488, stack(0x000000001ef50000,0x000000001f050000)]
  0x000000001ea5a800 JavaThread "Signal Dispatcher" daemon [_thread_blocked, id=29232, stack(0x000000001ee50000,0x000000001ef50000)]
  0x000000001d067800 JavaThread "Finalizer" daemon [_thread_blocked, id=22376, stack(0x000000001e8e0000,0x000000001e9e0000)]
  0x000000001d060800 JavaThread "Reference Handler" daemon [_thread_blocked, id=10036, stack(0x000000001e7e0000,0x000000001e8e0000)]
=>0x00000000037f7800 JavaThread "main" [_thread_in_vm, id=28676, stack(0x00000000036d0000,0x00000000037d0000)]

Other Threads:
  0x000000001d037800 VMThread [stack: 0x000000001e6e0000,0x000000001e7e0000] [id=28636]
  0x0000000020064800 WatcherThread [stack: 0x0000000021020000,0x0000000021120000] [id=22476]

VM state:not at safepoint (normal execution)

VM Mutex/Monitor currently owned by a thread: None

heap address: 0x00000006c4400000, size: 4028 MB, Compressed Oops mode: Zero based, Oop shift amount: 3
Narrow klass base: 0x0000000000000000, Narrow klass shift: 3
Compressed class space size: 1073741824 Address: 0x00000007c0000000

Heap:
 PSYoungGen      total 295424K, used 22916K [0x000000076c180000, 0x0000000780680000, 0x00000007c0000000)
  eden space 284672K, 4% used [0x000000076c180000,0x000000076cd937b0,0x000000077d780000)
  from space 10752K, 98% used [0x000000077fc00000,0x000000078064daf0,0x0000000780680000)
  to   space 14848K, 0% used [0x000000077e980000,0x000000077e980000,0x000000077f800000)
 ParOldGen       total 131584K, used 15555K [0x00000006c4400000, 0x00000006cc480000, 0x000000076c180000)
  object space 131584K, 11% used [0x00000006c4400000,0x00000006c5330ce8,0x00000006cc480000)
 Metaspace       used 42399K, capacity 44486K, committed 44760K, reserved 1087488K
  class space    used 5622K, capacity 6054K, committed 6144K, reserved 1048576K

Card table byte_map: [0x0000000012db0000,0x0000000013590000] byte_map_base: 0x000000000f78e000

Marking Bits: (ParMarkBitMap*) 0x000000005f364ce0
 Begin Bits: [0x00000000140d0000, 0x0000000017fc0000)
 End Bits:   [0x0000000017fc0000, 0x000000001beb0000)

Polling page: 0x00000000019d0000

CodeCache: size=245760Kb used=7945Kb max_used=7945Kb free=237814Kb
 bounds [0x00000000039f0000, 0x00000000041c0000, 0x00000000129f0000]
 total_blobs=4263 nmethods=3714 adapters=469
 compilation: enabled

Compilation events (10 events):
Event: 3.852 Thread 0x000000001f80a000 3711       1       java.lang.reflect.Method::setMethodAccessor (21 bytes)
Event: 3.852 Thread 0x000000001f80a000 nmethod 3711 0x00000000041b0090 code [0x00000000041b0200, 0x00000000041b03c8]
Event: 3.852 Thread 0x000000001f80a000 3710       1       java.lang.reflect.Method::getMethodAccessor (5 bytes)
Event: 3.852 Thread 0x000000001f80a000 nmethod 3710 0x00000000041b04d0 code [0x00000000041b0620, 0x00000000041b0730]
Event: 3.853 Thread 0x000000001f80a000 3712       1       java.lang.reflect.Field::setFieldAccessor (34 bytes)
Event: 3.853 Thread 0x000000001f80a000 nmethod 3712 0x00000000041b0790 code [0x00000000041b0900, 0x00000000041b0b28]
Event: 3.853 Thread 0x000000001f80a000 3713   !   1       javax.swing.UIDefaults::getFromHashtable (239 bytes)
Event: 3.854 Thread 0x000000001f80a000 nmethod 3713 0x00000000041b0c10 code [0x00000000041b0e60, 0x00000000041b1ae8]
Event: 3.865 Thread 0x000000001f80a000 3714       1       javax.swing.UIDefaults::get (21 bytes)
Event: 3.865 Thread 0x000000001f80a000 nmethod 3714 0x00000000041b2150 code [0x00000000041b22c0, 0x00000000041b2458]

GC Heap History (10 events):
Event: 2.573 GC heap before
{Heap before GC invocations=6 (full 1):
 PSYoungGen      total 113664K, used 113596K [0x000000076c180000, 0x0000000774f80000, 0x00000007c0000000)
  eden space 108032K, 100% used [0x000000076c180000,0x0000000772b00000,0x0000000772b00000)
  from space 5632K, 98% used [0x0000000774a00000,0x0000000774f6f308,0x0000000774f80000)
  to   space 10752K, 0% used [0x0000000773a80000,0x0000000773a80000,0x0000000774500000)
 ParOldGen       total 91136K, used 7072K [0x00000006c4400000, 0x00000006c9d00000, 0x000000076c180000)
  object space 91136K, 7% used [0x00000006c4400000,0x00000006c4ae8058,0x00000006c9d00000)
 Metaspace       used 26260K, capacity 27424K, committed 27520K, reserved 1073152K
  class space    used 3364K, capacity 3646K, committed 3712K, reserved 1048576K
Event: 2.580 GC heap after
Heap after GC invocations=6 (full 1):
 PSYoungGen      total 134656K, used 10722K [0x000000076c180000, 0x0000000778b80000, 0x00000007c0000000)
  eden space 123904K, 0% used [0x000000076c180000,0x000000076c180000,0x0000000773a80000)
  from space 10752K, 99% used [0x0000000773a80000,0x00000007744f8a30,0x0000000774500000)
  to   space 13824K, 0% used [0x0000000777e00000,0x0000000777e00000,0x0000000778b80000)
 ParOldGen       total 91136K, used 8480K [0x00000006c4400000, 0x00000006c9d00000, 0x000000076c180000)
  object space 91136K, 9% used [0x00000006c4400000,0x00000006c4c481f0,0x00000006c9d00000)
 Metaspace       used 26260K, capacity 27424K, committed 27520K, reserved 1073152K
  class space    used 3364K, capacity 3646K, committed 3712K, reserved 1048576K
}
Event: 3.104 GC heap before
{Heap before GC invocations=7 (full 1):
 PSYoungGen      total 134656K, used 134626K [0x000000076c180000, 0x0000000778b80000, 0x00000007c0000000)
  eden space 123904K, 100% used [0x000000076c180000,0x0000000773a80000,0x0000000773a80000)
  from space 10752K, 99% used [0x0000000773a80000,0x00000007744f8a30,0x0000000774500000)
  to   space 13824K, 0% used [0x0000000777e00000,0x0000000777e00000,0x0000000778b80000)
 ParOldGen       total 91136K, used 8480K [0x00000006c4400000, 0x00000006c9d00000, 0x000000076c180000)
  object space 91136K, 9% used [0x00000006c4400000,0x00000006c4c481f0,0x00000006c9d00000)
 Metaspace       used 32060K, capacity 34002K, committed 34304K, reserved 1079296K
  class space    used 4152K, capacity 4521K, committed 4608K, reserved 1048576K
Event: 3.111 GC heap after
Heap after GC invocations=7 (full 1):
 PSYoungGen      total 191488K, used 13193K [0x000000076c180000, 0x000000077a600000, 0x00000007c0000000)
  eden space 177664K, 0% used [0x000000076c180000,0x000000076c180000,0x0000000776f00000)
  from space 13824K, 95% used [0x0000000777e00000,0x0000000778ae27b8,0x0000000778b80000)
  to   space 15360K, 0% used [0x0000000776f00000,0x0000000776f00000,0x0000000777e00000)
 ParOldGen       total 91136K, used 8488K [0x00000006c4400000, 0x00000006c9d00000, 0x000000076c180000)
  object space 91136K, 9% used [0x00000006c4400000,0x00000006c4c4a1f0,0x00000006c9d00000)
 Metaspace       used 32060K, capacity 34002K, committed 34304K, reserved 1079296K
  class space    used 4152K, capacity 4521K, committed 4608K, reserved 1048576K
}
Event: 3.193 GC heap before
{Heap before GC invocations=8 (full 1):
 PSYoungGen      total 191488K, used 26932K [0x000000076c180000, 0x000000077a600000, 0x00000007c0000000)
  eden space 177664K, 7% used [0x000000076c180000,0x000000076ceeab10,0x0000000776f00000)
  from space 13824K, 95% used [0x0000000777e00000,0x0000000778ae27b8,0x0000000778b80000)
  to   space 15360K, 0% used [0x0000000776f00000,0x0000000776f00000,0x0000000777e00000)
 ParOldGen       total 91136K, used 8488K [0x00000006c4400000, 0x00000006c9d00000, 0x000000076c180000)
  object space 91136K, 9% used [0x00000006c4400000,0x00000006c4c4a1f0,0x00000006c9d00000)
 Metaspace       used 33399K, capacity 35380K, committed 35416K, reserved 1079296K
  class space    used 4319K, capacity 4734K, committed 4736K, reserved 1048576K
Event: 3.198 GC heap after
Heap after GC invocations=8 (full 1):
 PSYoungGen      total 193024K, used 9611K [0x000000076c180000, 0x0000000780a80000, 0x00000007c0000000)
  eden space 177664K, 0% used [0x000000076c180000,0x000000076c180000,0x0000000776f00000)
  from space 15360K, 62% used [0x0000000776f00000,0x0000000777862cb0,0x0000000777e00000)
  to   space 14848K, 0% used [0x000000077fc00000,0x000000077fc00000,0x0000000780a80000)
 ParOldGen       total 91136K, used 8496K [0x00000006c4400000, 0x00000006c9d00000, 0x000000076c180000)
  object space 91136K, 9% used [0x00000006c4400000,0x00000006c4c4c1f0,0x00000006c9d00000)
 Metaspace       used 33399K, capacity 35380K, committed 35416K, reserved 1079296K
  class space    used 4319K, capacity 4734K, committed 4736K, reserved 1048576K
}
Event: 3.198 GC heap before
{Heap before GC invocations=9 (full 2):
 PSYoungGen      total 193024K, used 9611K [0x000000076c180000, 0x0000000780a80000, 0x00000007c0000000)
  eden space 177664K, 0% used [0x000000076c180000,0x000000076c180000,0x0000000776f00000)
  from space 15360K, 62% used [0x0000000776f00000,0x0000000777862cb0,0x0000000777e00000)
  to   space 14848K, 0% used [0x000000077fc00000,0x000000077fc00000,0x0000000780a80000)
 ParOldGen       total 91136K, used 8496K [0x00000006c4400000, 0x00000006c9d00000, 0x000000076c180000)
  object space 91136K, 9% used [0x00000006c4400000,0x00000006c4c4c1f0,0x00000006c9d00000)
 Metaspace       used 33399K, capacity 35380K, committed 35416K, reserved 1079296K
  class space    used 4319K, capacity 4734K, committed 4736K, reserved 1048576K
Event: 3.227 GC heap after
Heap after GC invocations=9 (full 2):
 PSYoungGen      total 193024K, used 0K [0x000000076c180000, 0x0000000780a80000, 0x00000007c0000000)
  eden space 177664K, 0% used [0x000000076c180000,0x000000076c180000,0x0000000776f00000)
  from space 15360K, 0% used [0x0000000776f00000,0x0000000776f00000,0x0000000777e00000)
  to   space 14848K, 0% used [0x000000077fc00000,0x000000077fc00000,0x0000000780a80000)
 ParOldGen       total 131584K, used 15528K [0x00000006c4400000, 0x00000006cc480000, 0x000000076c180000)
  object space 131584K, 11% used [0x00000006c4400000,0x00000006c532a098,0x00000006cc480000)
 Metaspace       used 33399K, capacity 35380K, committed 35416K, reserved 1079296K
  class space    used 4319K, capacity 4734K, committed 4736K, reserved 1048576K
}
Event: 3.837 GC heap before
{Heap before GC invocations=10 (full 2):
 PSYoungGen      total 193024K, used 177664K [0x000000076c180000, 0x0000000780a80000, 0x00000007c0000000)
  eden space 177664K, 100% used [0x000000076c180000,0x0000000776f00000,0x0000000776f00000)
  from space 15360K, 0% used [0x0000000776f00000,0x0000000776f00000,0x0000000777e00000)
  to   space 14848K, 0% used [0x000000077fc00000,0x000000077fc00000,0x0000000780a80000)
 ParOldGen       total 131584K, used 15528K [0x00000006c4400000, 0x00000006cc480000, 0x000000076c180000)
  object space 131584K, 11% used [0x00000006c4400000,0x00000006c532a098,0x00000006cc480000)
 Metaspace       used 42005K, capacity 44070K, committed 44504K, reserved 1087488K
  class space    used 5599K, capacity 6022K, committed 6144K, reserved 1048576K
Event: 3.845 GC heap after
Heap after GC invocations=10 (full 2):
 PSYoungGen      total 295424K, used 10550K [0x000000076c180000, 0x0000000780680000, 0x00000007c0000000)
  eden space 284672K, 0% used [0x000000076c180000,0x000000076c180000,0x000000077d780000)
  from space 10752K, 98% used [0x000000077fc00000,0x000000078064daf0,0x0000000780680000)
  to   space 14848K, 0% used [0x000000077e980000,0x000000077e980000,0x000000077f800000)
 ParOldGen       total 131584K, used 15555K [0x00000006c4400000, 0x00000006cc480000, 0x000000076c180000)
  object space 131584K, 11% used [0x00000006c4400000,0x00000006c5330ce8,0x00000006cc480000)
 Metaspace       used 42005K, capacity 44070K, committed 44504K, reserved 1087488K
  class space    used 5599K, capacity 6022K, committed 6144K, reserved 1048576K
}

Deoptimization events (0 events):
No events

Classes redefined (0 events):
No events

Internal exceptions (10 events):
Event: 3.539 Thread 0x00000000037f7800 Exception <a 'java/lang/NullPointerException'> (0x0000000774fd3bd0) thrown at [C:\re\workspace\8-2-build-windows-amd64-cygwin\jdk8u201\12322\hotspot\src\share\vm\interpreter\linkResolver.cpp, line 1185]
Event: 3.545 Thread 0x00000000037f7800 Exception <a 'java/lang/NullPointerException'> (0x00000007750bf4e8) thrown at [C:\re\workspace\8-2-build-windows-amd64-cygwin\jdk8u201\12322\hotspot\src\share\vm\interpreter\linkResolver.cpp, line 1185]
Event: 3.582 Thread 0x00000000037f7800 Exception <a 'java/lang/NullPointerException'> (0x00000007755ea448) thrown at [C:\re\workspace\8-2-build-windows-amd64-cygwin\jdk8u201\12322\hotspot\src\share\vm\interpreter\linkResolver.cpp, line 1185]
Event: 3.582 Thread 0x00000000037f7800 Exception <a 'java/lang/NullPointerException'> (0x00000007755ea448) thrown at [C:\re\workspace\8-2-build-windows-amd64-cygwin\jdk8u201\12322\hotspot\src\share\vm\prims\jvm.cpp, line 1506]
Event: 3.582 Thread 0x00000000037f7800 Exception <a 'java/lang/ExceptionInInitializerError'> (0x00000007755eb3f0) thrown at [C:\re\workspace\8-2-build-windows-amd64-cygwin\jdk8u201\12322\hotspot\src\share\vm\oops\instanceKlass.cpp, line 964]
Event: 3.606 Thread 0x00000000037f7800 Exception <a 'java/io/FileNotFoundException'> (0x00000007758ff3d0) thrown at [C:\re\workspace\8-2-build-windows-amd64-cygwin\jdk8u201\12322\hotspot\src\share\vm\prims\jni.cpp, line 709]
Event: 3.692 Thread 0x00000000037f7800 Exception <a 'java/io/FileNotFoundException'> (0x00000007761700f0) thrown at [C:\re\workspace\8-2-build-windows-amd64-cygwin\jdk8u201\12322\hotspot\src\share\vm\prims\jni.cpp, line 709]
Event: 3.699 Thread 0x00000000037f7800 Exception <a 'java/io/FileNotFoundException'> (0x00000007761f4f10) thrown at [C:\re\workspace\8-2-build-windows-amd64-cygwin\jdk8u201\12322\hotspot\src\share\vm\prims\jni.cpp, line 709]
Event: 3.699 Thread 0x00000000037f7800 Exception <a 'java/lang/NullPointerException'> (0x00000007761f5918) thrown at [C:\re\workspace\8-2-build-windows-amd64-cygwin\jdk8u201\12322\hotspot\src\share\vm\interpreter\linkResolver.cpp, line 1185]
Event: 3.837 Thread 0x000000002063b000 Exception <a 'java/lang/reflect/InvocationTargetException'> (0x000000076d9fb1b0) thrown at [C:\re\workspace\8-2-build-windows-amd64-cygwin\jdk8u201\12322\hotspot\src\share\vm\runtime\reflection.cpp, line 1092]

Events (10 events):
Event: 3.864 Thread 0x00000000037f7800 DEOPT PACKING pc=0x0000000003c11f8c sp=0x00000000037c9e80
Event: 3.864 Thread 0x00000000037f7800 DEOPT UNPACKING pc=0x0000000003a37890 sp=0x00000000037c9bf8 mode 1
Event: 3.864 Thread 0x00000000037f7800 DEOPT PACKING pc=0x0000000003c10fbc sp=0x00000000037c9f30
Event: 3.864 Thread 0x00000000037f7800 DEOPT UNPACKING pc=0x0000000003a37890 sp=0x00000000037c9c60 mode 1
Event: 3.864 Thread 0x00000000037f7800 DEOPT PACKING pc=0x00000000040ca714 sp=0x00000000037c9f80
Event: 3.864 Thread 0x00000000037f7800 DEOPT UNPACKING pc=0x0000000003a37890 sp=0x00000000037c9dd0 mode 1
Event: 3.865 loading class com/sun/java/swing/plaf/windows/WindowsButtonUI
Event: 3.865 loading class com/sun/java/swing/plaf/windows/WindowsButtonUI done
Event: 3.865 loading class com/sun/java/swing/plaf/windows/TMSchema$TypeEnum
Event: 3.865 loading class com/sun/java/swing/plaf/windows/TMSchema$TypeEnum done


Dynamic libraries:
0x00007ff649b00000 - 0x00007ff649b37000 	C:\Program Files\Java\jdk1.8.0_201\bin\java.exe
0x00007ffba3a70000 - 0x00007ffba3c84000 	C:\WINDOWS\SYSTEM32\ntdll.dll
0x00007ffba1c60000 - 0x00007ffba1d23000 	C:\WINDOWS\System32\KERNEL32.DLL
0x00007ffba1070000 - 0x00007ffba140c000 	C:\WINDOWS\System32\KERNELBASE.dll
0x00007ffba1d30000 - 0x00007ffba1dde000 	C:\WINDOWS\System32\ADVAPI32.dll
0x00007ffba19a0000 - 0x00007ffba1a47000 	C:\WINDOWS\System32\msvcrt.dll
0x00007ffba3900000 - 0x00007ffba39a4000 	C:\WINDOWS\System32\sechost.dll
0x00007ffba1de0000 - 0x00007ffba1ef5000 	C:\WINDOWS\System32\RPCRT4.dll
0x00007ffba23c0000 - 0x00007ffba256d000 	C:\WINDOWS\System32\USER32.dll
0x00007ffba1850000 - 0x00007ffba1876000 	C:\WINDOWS\System32\win32u.dll
0x00007ffba2b80000 - 0x00007ffba2ba9000 	C:\WINDOWS\System32\GDI32.dll
0x00007ffba1480000 - 0x00007ffba1592000 	C:\WINDOWS\System32\gdi32full.dll
0x00007ffba0eb0000 - 0x00007ffba0f4a000 	C:\WINDOWS\System32\msvcp_win.dll
0x00007ffba0f50000 - 0x00007ffba1061000 	C:\WINDOWS\System32\ucrtbase.dll
0x00007ffb854b0000 - 0x00007ffb8573e000 	C:\WINDOWS\WinSxS\amd64_microsoft.windows.common-controls_6595b64144ccf1df_6.0.22621.608_none_a9444ca7c10bb01d\COMCTL32.dll
0x00007ffba30d0000 - 0x00007ffba3102000 	C:\WINDOWS\System32\IMM32.DLL
0x000000005f3f0000 - 0x000000005f4c1000 	C:\Program Files\Java\jdk1.8.0_201\jre\bin\msvcr100.dll
0x000000005eb40000 - 0x000000005f3e4000 	C:\Program Files\Java\jdk1.8.0_201\jre\bin\server\jvm.dll
0x00007ffba1a50000 - 0x00007ffba1a58000 	C:\WINDOWS\System32\PSAPI.DLL
0x00007ffb93ff0000 - 0x00007ffb93ffa000 	C:\WINDOWS\SYSTEM32\VERSION.dll
0x00007ffb75cf0000 - 0x00007ffb75cf9000 	C:\WINDOWS\SYSTEM32\WSOCK32.dll
0x00007ffb96e40000 - 0x00007ffb96e74000 	C:\WINDOWS\SYSTEM32\WINMM.dll
0x00007ffba1f00000 - 0x00007ffba1f71000 	C:\WINDOWS\System32\WS2_32.dll
0x00007ffb99ac0000 - 0x00007ffb99acf000 	C:\Program Files\Java\jdk1.8.0_201\jre\bin\verify.dll
0x00007ffb83560000 - 0x00007ffb83589000 	C:\Program Files\Java\jdk1.8.0_201\jre\bin\java.dll
0x00007ffb74030000 - 0x00007ffb74065000 	C:\Program Files\Java\jdk1.8.0_201\jre\bin\jdwp.dll
0x00007ffb95d90000 - 0x00007ffb95d98000 	C:\Program Files\Java\jdk1.8.0_201\jre\bin\npt.dll
0x00007ffb74000000 - 0x00007ffb74023000 	C:\Program Files\Java\jdk1.8.0_201\jre\bin\instrument.dll
0x00007ffb96fa0000 - 0x00007ffb96fb6000 	C:\Program Files\Java\jdk1.8.0_201\jre\bin\zip.dll
0x00007ffba3110000 - 0x00007ffba38ff000 	C:\WINDOWS\System32\SHELL32.dll
0x00007ffb9eee0000 - 0x00007ffb9f7a8000 	C:\WINDOWS\SYSTEM32\windows.storage.dll
0x00007ffba2c10000 - 0x00007ffba2f9a000 	C:\WINDOWS\System32\combase.dll
0x00007ffb9eda0000 - 0x00007ffb9eede000 	C:\WINDOWS\SYSTEM32\wintypes.dll
0x00007ffba1f80000 - 0x00007ffba2071000 	C:\WINDOWS\System32\SHCORE.dll
0x00007ffba2bb0000 - 0x00007ffba2c0e000 	C:\WINDOWS\System32\shlwapi.dll
0x00007ffba0de0000 - 0x00007ffba0e01000 	C:\WINDOWS\SYSTEM32\profapi.dll
0x00007ffb92bc0000 - 0x00007ffb92bc9000 	C:\Program Files\Java\jdk1.8.0_201\jre\bin\dt_socket.dll
0x00007ffba0460000 - 0x00007ffba04c9000 	C:\WINDOWS\system32\mswsock.dll
0x00007ffb83330000 - 0x00007ffb8334a000 	C:\Program Files\Java\jdk1.8.0_201\jre\bin\net.dll
0x00007ffb8a470000 - 0x00007ffb8a660000 	C:\WINDOWS\SYSTEM32\urlmon.dll
0x00007ffb8a1b0000 - 0x00007ffb8a461000 	C:\WINDOWS\SYSTEM32\iertutil.dll
0x00007ffb961c0000 - 0x00007ffb961e8000 	C:\WINDOWS\SYSTEM32\srvcli.dll
0x00007ffb9f9c0000 - 0x00007ffb9f9cc000 	C:\WINDOWS\SYSTEM32\netutils.dll
0x00007ffb9fae0000 - 0x00007ffb9fbd3000 	C:\WINDOWS\SYSTEM32\DNSAPI.dll
0x00007ffb9fab0000 - 0x00007ffb9fadd000 	C:\WINDOWS\SYSTEM32\IPHLPAPI.DLL
0x00007ffba23b0000 - 0x00007ffba23b9000 	C:\WINDOWS\System32\NSI.dll
0x00007ffb96910000 - 0x00007ffb9691a000 	C:\Windows\System32\rasadhlp.dll
0x00007ffb969e0000 - 0x00007ffb96a63000 	C:\WINDOWS\System32\fwpuclnt.dll
0x00007ffb87c60000 - 0x00007ffb87c6d000 	C:\Program Files\Java\jdk1.8.0_201\jre\bin\management.dll
0x00007ffb82650000 - 0x00007ffb82661000 	C:\Program Files\Java\jdk1.8.0_201\jre\bin\nio.dll
0x00007ffba06b0000 - 0x00007ffba06cb000 	C:\WINDOWS\SYSTEM32\CRYPTSP.dll
0x00007ffb9ff60000 - 0x00007ffb9ff95000 	C:\WINDOWS\system32\rsaenh.dll
0x00007ffba0550000 - 0x00007ffba0578000 	C:\WINDOWS\SYSTEM32\USERENV.dll
0x00007ffba0850000 - 0x00007ffba0878000 	C:\WINDOWS\SYSTEM32\bcrypt.dll
0x00007ffba1710000 - 0x00007ffba178b000 	C:\WINDOWS\System32\bcryptprimitives.dll
0x00007ffba06d0000 - 0x00007ffba06dc000 	C:\WINDOWS\SYSTEM32\CRYPTBASE.dll
0x00007ffb97f50000 - 0x00007ffb97f69000 	C:\WINDOWS\SYSTEM32\dhcpcsvc6.DLL
0x00007ffb97d60000 - 0x00007ffb97d7f000 	C:\WINDOWS\SYSTEM32\dhcpcsvc.DLL
0x00007ffb71b30000 - 0x00007ffb71b47000 	C:\WINDOWS\system32\napinsp.dll
0x00007ffb70760000 - 0x00007ffb7077b000 	C:\WINDOWS\system32\pnrpnsp.dll
0x00007ffb70740000 - 0x00007ffb70751000 	C:\WINDOWS\System32\winrnr.dll
0x00007ffb96e20000 - 0x00007ffb96e35000 	C:\WINDOWS\system32\wshbth.dll
0x00007ffb70710000 - 0x00007ffb70731000 	C:\WINDOWS\system32\nlansp_c.dll
0x00007ffb73f30000 - 0x00007ffb73f54000 	C:\Program Files\Java\jdk1.8.0_201\jre\bin\sunec.dll
0x00007ffb87b10000 - 0x00007ffb87b1b000 	C:\Program Files\Java\jdk1.8.0_201\jre\bin\sunmscapi.dll
0x00007ffba15a0000 - 0x00007ffba1706000 	C:\WINDOWS\System32\CRYPT32.dll
0x00007ffb47b00000 - 0x00007ffb47b90000 	C:\Program Files\Java\jdk1.8.0_201\jre\bin\deploy.dll
0x00007ffba1980000 - 0x00007ffba199f000 	C:\WINDOWS\System32\imagehlp.dll
0x00007ffba1ac0000 - 0x00007ffba1c5c000 	C:\WINDOWS\System32\ole32.dll
0x00007ffb81830000 - 0x00007ffb81d24000 	C:\WINDOWS\SYSTEM32\WININET.dll
0x00007ffba22d0000 - 0x00007ffba23a7000 	C:\WINDOWS\System32\OLEAUT32.dll
0x00007ffba0010000 - 0x00007ffba0044000 	C:\WINDOWS\SYSTEM32\ntmarta.dll
0x00007ffb3ec60000 - 0x00007ffb3edf9000 	C:\Program Files\Java\jdk1.8.0_201\jre\bin\awt.dll
0x00007ffb9b5b0000 - 0x00007ffb9b647000 	C:\WINDOWS\SYSTEM32\apphelp.dll
0x00007ffb9b6c0000 - 0x00007ffb9b76b000 	C:\WINDOWS\system32\uxtheme.dll
0x00007ffba2fa0000 - 0x00007ffba30be000 	C:\WINDOWS\System32\MSCTF.dll
0x00007ffb9fff0000 - 0x00007ffba0008000 	C:\WINDOWS\SYSTEM32\kernel.appcore.dll
0x00007ffb9b950000 - 0x00007ffb9b97b000 	C:\WINDOWS\system32\DWMAPI.DLL
0x00007ffb73dc0000 - 0x00007ffb73e07000 	C:\Program Files\Java\jdk1.8.0_201\jre\bin\fontmanager.dll
0x00007ffb80ed0000 - 0x00007ffb80f83000 	C:\WINDOWS\WinSxS\amd64_microsoft.windows.common-controls_6595b64144ccf1df_5.82.22621.608_none_fb280a3c7926c2cc\comctl32.dll
0x00007ffb9e900000 - 0x00007ffb9eb2e000 	C:\WINDOWS\SYSTEM32\dbghelp.dll

VM Arguments:
jvm_args: -agentlib:jdwp=transport=dt_socket,address=127.0.0.1:4458,suspend=y,server=n -XX:CompileCommand=exclude,org.eclipse.jdt.internal.compiler.parser.TypeConverter::* -DXX=+CreateMinidumpOnCrash -XX:TieredStopAtLevel=1 -Xverify:none -Dspring.output.ansi.enabled=always -javaagent:C:\Users\xiaolu\AppData\Local\JetBrains\IntelliJIdea2021.2\captureAgent\debugger-agent.jar=file:/C:/Users/xiaolu/AppData/Local/Temp/capture.props -Dcom.sun.management.jmxremote -Dspring.jmx.enabled=true -Dspring.liveBeansView.mbeanDomain -Dspring.application.admin.enabled=true -Dfile.encoding=UTF-8 
java_command: com.sky.SkyApplication
java_class_path (initial): C:\Program Files\Java\jdk1.8.0_201\jre\lib\charsets.jar;C:\Program Files\Java\jdk1.8.0_201\jre\lib\deploy.jar;C:\Program Files\Java\jdk1.8.0_201\jre\lib\ext\access-bridge-64.jar;C:\Program Files\Java\jdk1.8.0_201\jre\lib\ext\cldrdata.jar;C:\Program Files\Java\jdk1.8.0_201\jre\lib\ext\dnsns.jar;C:\Program Files\Java\jdk1.8.0_201\jre\lib\ext\jaccess.jar;C:\Program Files\Java\jdk1.8.0_201\jre\lib\ext\jfxrt.jar;C:\Program Files\Java\jdk1.8.0_201\jre\lib\ext\localedata.jar;C:\Program Files\Java\jdk1.8.0_201\jre\lib\ext\nashorn.jar;C:\Program Files\Java\jdk1.8.0_201\jre\lib\ext\sunec.jar;C:\Program Files\Java\jdk1.8.0_201\jre\lib\ext\sunjce_provider.jar;C:\Program Files\Java\jdk1.8.0_201\jre\lib\ext\sunmscapi.jar;C:\Program Files\Java\jdk1.8.0_201\jre\lib\ext\sunpkcs11.jar;C:\Program Files\Java\jdk1.8.0_201\jre\lib\ext\zipfs.jar;C:\Program Files\Java\jdk1.8.0_201\jre\lib\javaws.jar;C:\Program Files\Java\jdk1.8.0_201\jre\lib\jce.jar;C:\Program Files\Java\jdk1.8.0_201\jre\lib\jfr.jar;C:\Program Files\Java\jdk1.8.0_201\jre\lib\jfxswt.jar;C:\Program Files\Java\jdk1.8.0_201\jre\lib\jsse.jar;C:\Program Files\Java\jdk1.8.0_201\jre\lib\management-agent.jar;C:\Program Files\Java\jdk1.8.0_201\jre\lib\plugin.jar;C:\Program Files\Java\jdk1.8.0_201\jre\lib\resources.jar;C:\Program Files\Java\jdk1.8.0_201\jre\lib\rt.jar;F:\sky-take-out\sky-service\target\classes;F:\sky-take-out\sky-common\target\classes;F:\Maven\sky-take-out\.m2\repository\commons-lang\commons-lang\2.6\commons-lang-2.6.jar;F:\Maven\sky-take-out\.m2\repository\org\springframework\boot\spring-boot-starter-json\2.7.7\spring-boot-starter-json-2.7.7.jar;F:\Maven\sky-take-out\.m2\repository\com\fasterxml\jackson\datatype\jackson-datatype-jdk8\2.13.4\jackson-datatype-jdk8-2.13.4.jar;F:\Maven\sky-take-out\.m2\repository\com\fasterxml\jackson\datatype\jackson-datatype-jsr310\2.13.4\jackson-datatype-jsr310-2.13.4.jar;F:\Maven\sky-take-out\.m2\repository\com\fasterxml\jackson\module\jackson-module-par
Launcher Type: SUN_STANDARD

Environment Variables:
JAVA_HOME=C:\Program Files\Java\jdk1.8.0_201
PATH=C:\Program Files (x86)\Common Files\Oracle\Java\javapath;F:\VMware\bin\;F:\python\Scripts\;F:\python\;D:\oracle\product\10.2.0\client_3\bin;D:\oracle\product\10.2.0\client_2\bin;C:\Windows\system32;C:\Windows;C:\Windows\System32\Wbem;C:\Windows\System32\WindowsPowerShell\v1.0\;C:\Windows\System32\OpenSSH\;D:\java\bin;D:\Program Files\TortoiseGit\bin;C:\Program Files\TortoiseSVN\bin;C:\Program Files\dotnet\;C:\Program Files\nodejs\;C:\ProgramData\chocolatey\bin;D:\Git\cmd;C:\Program Files\Java\jdk1.8.0_201\bin;C:\WINDOWS\system32;C:\WINDOWS;C:\WINDOWS\System32\Wbem;C:\WINDOWS\System32\WindowsPowerShell\v1.0\;C:\WINDOWS\System32\OpenSSH\;F:\bs\tools\apache-maven-3.8.7\bin;C:\Program Files\Microsoft SQL Server\130\Tools\Binn\;C:\Program Files\Microsoft SQL Server\Client SDK\ODBC\170\Tools\Binn\;C:\Program Files (x86)\Microsoft SQL Server\160\Tools\Binn\;C:\Program Files\Microsoft SQL Server\160\Tools\Binn\;C:\Program Files\Microsoft SQL Server\160\DTS\Binn\;C:\Program Files\Azure Data Studio\bin;G:\Process Lasso\;C:\Program Files\Java\jre1.8.0_201\jre\bin;C:\Users\xiaolu\AppData\Local\Microsoft\WindowsApps;D:\Bandizip\;E:\Tencent\QQGameTempest\Hall.57734\;F:\pycharm\PyCharm 2023.1.3\bin;;D:\Microsoft VS Code\bin;C:\Users\xiaolu\AppData\Roaming\npm;;C:\Program Files\Azure Data Studio\bin;C:\Users\xiaolu\.dotnet\tools
USERNAME=xiaolu
OS=Windows_NT
PROCESSOR_IDENTIFIER=Intel64 Family 6 Model 141 Stepping 1, GenuineIntel



---------------  S Y S T E M  ---------------

OS: Windows 10.0 , 64 bit Build 22621 (10.0.22621.1194)

CPU:total 6 (initial active 6) (6 cores per cpu, 2 threads per core) family 6 model 141 stepping 1, cmov, cx8, fxsr, mmx, sse, sse2, sse3, ssse3, sse4.1, sse4.2, popcnt, avx, avx2, aes, clmul, erms, 3dnowpref, lzcnt, ht, tsc, tscinvbit, bmi1, bmi2, adx

Memory: 4k page, physical 16493648k(3130296k free), swap 27503696k(7053096k free)

vm_info: Java HotSpot(TM) 64-Bit Server VM (25.201-b09) for windows-amd64 JRE (1.8.0_201-b09), built on Dec 15 2018 18:36:39 by "java_re" with MS VC++ 10.0 (VS2010)

time: Mon Jul 17 11:23:15 2023
timezone: 
elapsed time: 3 seconds (0d 0h 0m 3s)

